2019-02-25 17:15:56 -Starting LibraryApplication on DESKTOP-9BL6UMN with PID 17884 (F:\idea\Library\target\classes started by DELL in F:\idea\Library)
2019-02-25 17:15:56 -The following profiles are active: dev
2019-02-25 17:15:57 -Refreshing org.springframework.boot.web.servlet.context.AnnotationConfigServletWebServerApplicationContext@7d4a9503: startup date [Mon Feb 25 17:15:57 CST 2019]; root of context hierarchy
2019-02-25 17:15:59 -Multiple Spring Data modules found, entering strict repository configuration mode!
2019-02-25 17:16:00 -Bean 'com.alicp.jetcache.anno.config.JetCacheProxyConfiguration' of type [com.alicp.jetcache.anno.config.JetCacheProxyConfiguration$$EnhancerBySpringCGLIB$$3ffc305] is not eligible for getting processed by all BeanPostProcessors (for example: not eligible for auto-proxying)
2019-02-25 17:16:00 -Bean 'org.springframework.transaction.annotation.ProxyTransactionManagementConfiguration' of type [org.springframework.transaction.annotation.ProxyTransactionManagementConfiguration$$EnhancerBySpringCGLIB$$f797ffee] is not eligible for getting processed by all BeanPostProcessors (for example: not eligible for auto-proxying)
2019-02-25 17:16:00 -Bean 'shiroConfig' of type [top.cflwork.config.ShiroConfig$$EnhancerBySpringCGLIB$$8dd1a147] is not eligible for getting processed by all BeanPostProcessors (for example: not eligible for auto-proxying)
2019-02-25 17:16:01 -Bean 'userRealm' of type [top.cflwork.shiro.UserRealm] is not eligible for getting processed by all BeanPostProcessors (for example: not eligible for auto-proxying)
2019-02-25 17:16:01 -No configuration found. Configuring ehcache from ehcache-failsafe.xml  found in the classpath: jar:file:/C:/Users/DELL/.m2/repository/net/sf/ehcache/ehcache/2.10.5/ehcache-2.10.5.jar!/ehcache-failsafe.xml
2019-02-25 17:16:01 -Bean 'cacheManager2' of type [net.sf.ehcache.CacheManager] is not eligible for getting processed by all BeanPostProcessors (for example: not eligible for auto-proxying)
2019-02-25 17:16:01 -Bean 'ehCacheManager' of type [org.apache.shiro.cache.ehcache.EhCacheManager] is not eligible for getting processed by all BeanPostProcessors (for example: not eligible for auto-proxying)
2019-02-25 17:16:01 -Cache with name 'top.cflwork.shiro.UserRealm.authorizationCache' does not yet exist.  Creating now.
2019-02-25 17:16:01 -Added EhCache named [top.cflwork.shiro.UserRealm.authorizationCache]
2019-02-25 17:16:01 -Bean 'sessionDAO' of type [org.apache.shiro.session.mgt.eis.MemorySessionDAO] is not eligible for getting processed by all BeanPostProcessors (for example: not eligible for auto-proxying)
2019-02-25 17:16:01 -Bean 'sessionManager' of type [org.apache.shiro.web.session.mgt.DefaultWebSessionManager] is not eligible for getting processed by all BeanPostProcessors (for example: not eligible for auto-proxying)
2019-02-25 17:16:01 -Bean 'securityManager' of type [org.apache.shiro.web.mgt.DefaultWebSecurityManager] is not eligible for getting processed by all BeanPostProcessors (for example: not eligible for auto-proxying)
2019-02-25 17:16:01 -Bean 'authorizationAttributeSourceAdvisor' of type [org.apache.shiro.spring.security.interceptor.AuthorizationAttributeSourceAdvisor] is not eligible for getting processed by all BeanPostProcessors (for example: not eligible for auto-proxying)
2019-02-25 17:16:01 -Tomcat initialized with port(s): 8088 (http)
2019-02-25 17:16:01 -Initializing ProtocolHandler ["http-nio-8088"]
2019-02-25 17:16:01 -Starting service [Tomcat]
2019-02-25 17:16:01 -Starting Servlet Engine: Apache Tomcat/8.5.31
2019-02-25 17:16:01 -The APR based Apache Tomcat Native library which allows optimal performance in production environments was not found on the java.library.path: [C:\Program Files\Java\jdk1.8.0_181\bin;C:\WINDOWS\Sun\Java\bin;C:\WINDOWS\system32;C:\WINDOWS;C:\Program Files (x86)\Common Files\Oracle\Java\javapath;C:\Program Files (x86)\Intel\iCLS Client\;C:\Program Files\Intel\iCLS Client\;C:\WINDOWS\system32;C:\WINDOWS;C:\WINDOWS\System32\Wbem;C:\WINDOWS\System32\WindowsPowerShell\v1.0\;C:\Program Files (x86)\Intel\Intel(R) Management Engine Components\DAL;C:\Program Files\Intel\Intel(R) Management Engine Components\DAL;C:\Program Files (x86)\Intel\Intel(R) Management Engine Components\IPT;C:\Program Files\Intel\Intel(R) Management Engine Components\IPT;C:\Program Files\Git\cmd;D:\Program Files\PuTTY\;C:\Program Files\TortoiseGit\bin;C:\Program Files\TortoiseSVN\bin;C:\Program Files\nodejs\;C:\Program Files\VisualSVN Server\bin;C:\WINDOWS\System32\OpenSSH\;C:\Users\DELL\AppData\Roaming\npm;C:\Users\DELL\AppData\Local\Microsoft\WindowsApps;";C:\Program Files\Java\jdk1.6.0_43\bin";;.]
2019-02-25 17:16:01 -Initializing Spring embedded WebApplicationContext
2019-02-25 17:16:01 -Root WebApplicationContext: initialization completed in 4952 ms
2019-02-25 17:16:02 -Mapping filter: 'characterEncodingFilter' to: [/*]
2019-02-25 17:16:02 -Mapping filter: 'hiddenHttpMethodFilter' to: [/*]
2019-02-25 17:16:02 -Mapping filter: 'httpPutFormContentFilter' to: [/*]
2019-02-25 17:16:02 -Mapping filter: 'requestContextFilter' to: [/*]
2019-02-25 17:16:02 -Filter xssFilter was not registered (disabled)
2019-02-25 17:16:02 -Mapping filter: 'webStatFilter' to urls: [/*]
2019-02-25 17:16:02 -Mapping filter: 'shiroFilterFactoryBean' to: [/*]
2019-02-25 17:16:02 -Servlet statViewServlet mapped to [/druid/*]
2019-02-25 17:16:02 -Servlet dispatcherServlet mapped to [/]
2019-02-25 17:16:04 -Initializing ExecutorService  'clientInboundChannelExecutor'
2019-02-25 17:16:04 -Initializing ExecutorService  'clientOutboundChannelExecutor'
2019-02-25 17:16:04 -Mapped "{[/error]}" onto public top.cflwork.util.R top.cflwork.common.exception.MainsiteErrorController.handleError(javax.servlet.http.HttpServletRequest,javax.servlet.http.HttpServletResponse)
2019-02-25 17:16:04 -Mapped "{[/error],produces=[text/html]}" onto public org.springframework.web.servlet.ModelAndView top.cflwork.common.exception.MainsiteErrorController.errorHtml(javax.servlet.http.HttpServletRequest,javax.servlet.http.HttpServletResponse)
2019-02-25 17:16:04 -Mapped "{[/activity/add],methods=[GET]}" onto public java.lang.String top.cflwork.controller.ActivityController.add()
2019-02-25 17:16:04 -Mapped "{[/activity/remove],methods=[POST]}" onto public top.cflwork.util.R top.cflwork.controller.ActivityController.remove(java.lang.String)
2019-02-25 17:16:04 -Mapped "{[/activity/batchRemove],methods=[POST]}" onto public top.cflwork.util.R top.cflwork.controller.ActivityController.remove(java.lang.String[])
2019-02-25 17:16:04 -Mapped "{[/activity/update]}" onto public top.cflwork.util.R top.cflwork.controller.ActivityController.update(top.cflwork.vo.ActivityVo)
2019-02-25 17:16:04 -Mapped "{[/activity/list],methods=[POST]}" onto public top.cflwork.util.PageUtils top.cflwork.controller.ActivityController.list(top.cflwork.vo.ActivityVo)
2019-02-25 17:16:04 -Mapped "{[/activity/save],methods=[POST]}" onto public top.cflwork.util.R top.cflwork.controller.ActivityController.save(top.cflwork.vo.ActivityVo)
2019-02-25 17:16:04 -Mapped "{[/activity/batchSave],methods=[POST]}" onto public top.cflwork.util.R top.cflwork.controller.ActivityController.batchSave(java.util.List<top.cflwork.vo.ActivityVo>)
2019-02-25 17:16:04 -Mapped "{[/activity/edit/{id}],methods=[GET]}" onto public java.lang.String top.cflwork.controller.ActivityController.edit(java.lang.String,org.springframework.ui.Model)
2019-02-25 17:16:04 -Mapped "{[/activity/activityPage],methods=[GET]}" onto public java.lang.String top.cflwork.controller.ActivityController.Activity()
2019-02-25 17:16:04 -Mapped "{[/address/add],methods=[GET]}" onto public java.lang.String top.cflwork.controller.AddressController.add()
2019-02-25 17:16:04 -Mapped "{[/address/remove],methods=[POST]}" onto public top.cflwork.util.R top.cflwork.controller.AddressController.remove(java.lang.String)
2019-02-25 17:16:04 -Mapped "{[/address/batchRemove],methods=[POST]}" onto public top.cflwork.util.R top.cflwork.controller.AddressController.remove(java.lang.String[])
2019-02-25 17:16:04 -Mapped "{[/address/update]}" onto public top.cflwork.util.R top.cflwork.controller.AddressController.update(top.cflwork.vo.AddressVo)
2019-02-25 17:16:04 -Mapped "{[/address/list],methods=[POST]}" onto public java.util.List<top.cflwork.vo.AddressVo> top.cflwork.controller.AddressController.list(top.cflwork.vo.AddressVo)
2019-02-25 17:16:04 -Mapped "{[/address/save],methods=[POST]}" onto public top.cflwork.util.R top.cflwork.controller.AddressController.save(top.cflwork.vo.AddressVo)
2019-02-25 17:16:04 -Mapped "{[/address/addressPage],methods=[GET]}" onto public java.lang.String top.cflwork.controller.AddressController.Address()
2019-02-25 17:16:04 -Mapped "{[/address/batchSave],methods=[POST]}" onto public top.cflwork.util.R top.cflwork.controller.AddressController.batchSave(java.util.List<top.cflwork.vo.AddressVo>)
2019-02-25 17:16:04 -Mapped "{[/address/edit/{id}],methods=[GET]}" onto public top.cflwork.vo.AddressVo top.cflwork.controller.AddressController.edit(java.lang.String)
2019-02-25 17:16:04 -Mapped "{[/book/add],methods=[GET]}" onto public java.lang.String top.cflwork.controller.BookController.add()
2019-02-25 17:16:04 -Mapped "{[/book/remove],methods=[POST]}" onto public top.cflwork.util.R top.cflwork.controller.BookController.remove(java.lang.String)
2019-02-25 17:16:04 -Mapped "{[/book/batchRemove],methods=[POST]}" onto public top.cflwork.util.R top.cflwork.controller.BookController.remove(java.lang.String[])
2019-02-25 17:16:04 -Mapped "{[/book/update]}" onto public top.cflwork.util.R top.cflwork.controller.BookController.update(top.cflwork.vo.BookVo)
2019-02-25 17:16:04 -Mapped "{[/book/list],methods=[POST]}" onto public top.cflwork.util.PageUtils top.cflwork.controller.BookController.list(top.cflwork.vo.BookVo)
2019-02-25 17:16:04 -Mapped "{[/book/save],methods=[POST]}" onto public top.cflwork.util.R top.cflwork.controller.BookController.save(top.cflwork.vo.BookVo)
2019-02-25 17:16:04 -Mapped "{[/book/bookPage],methods=[GET]}" onto public java.lang.String top.cflwork.controller.BookController.Book()
2019-02-25 17:16:04 -Mapped "{[/book/batchSave],methods=[POST]}" onto public top.cflwork.util.R top.cflwork.controller.BookController.batchSave(java.util.List<top.cflwork.vo.BookVo>)
2019-02-25 17:16:04 -Mapped "{[/book/edit/{id}],methods=[GET]}" onto public java.lang.String top.cflwork.controller.BookController.edit(java.lang.String,org.springframework.ui.Model)
2019-02-25 17:16:04 -Mapped "{[/bookType/batchRemove],methods=[POST]}" onto public top.cflwork.util.R top.cflwork.controller.BookTypeController.remove(java.lang.String[])
2019-02-25 17:16:04 -Mapped "{[/bookType/remove],methods=[POST]}" onto public top.cflwork.util.R top.cflwork.controller.BookTypeController.remove(java.lang.String)
2019-02-25 17:16:04 -Mapped "{[/bookType/update]}" onto public top.cflwork.util.R top.cflwork.controller.BookTypeController.update(top.cflwork.vo.BookTypeVo)
2019-02-25 17:16:04 -Mapped "{[/bookType/list],methods=[POST]}" onto public top.cflwork.util.PageUtils top.cflwork.controller.BookTypeController.list(top.cflwork.vo.BookTypeVo)
2019-02-25 17:16:04 -Mapped "{[/bookType/save],methods=[POST]}" onto public top.cflwork.util.R top.cflwork.controller.BookTypeController.save(top.cflwork.vo.BookTypeVo)
2019-02-25 17:16:04 -Mapped "{[/bookType/bookTypePage],methods=[GET]}" onto public java.lang.String top.cflwork.controller.BookTypeController.BookType()
2019-02-25 17:16:04 -Mapped "{[/bookType/batchSave],methods=[POST]}" onto public top.cflwork.util.R top.cflwork.controller.BookTypeController.batchSave(java.util.List<top.cflwork.vo.BookTypeVo>)
2019-02-25 17:16:04 -Mapped "{[/bookType/edit/{id}],methods=[GET]}" onto public top.cflwork.vo.BookTypeVo top.cflwork.controller.BookTypeController.edit(java.lang.String)
2019-02-25 17:16:04 -Mapped "{[/borrow/add],methods=[GET]}" onto public java.lang.String top.cflwork.controller.BorrowController.add()
2019-02-25 17:16:04 -Mapped "{[/borrow/remove],methods=[POST]}" onto public top.cflwork.util.R top.cflwork.controller.BorrowController.remove(java.lang.String)
2019-02-25 17:16:04 -Mapped "{[/borrow/batchRemove],methods=[POST]}" onto public top.cflwork.util.R top.cflwork.controller.BorrowController.remove(java.lang.String[])
2019-02-25 17:16:04 -Mapped "{[/borrow/update]}" onto public top.cflwork.util.R top.cflwork.controller.BorrowController.update(top.cflwork.vo.BorrowVo)
2019-02-25 17:16:04 -Mapped "{[/borrow/list],methods=[POST]}" onto public top.cflwork.util.PageUtils top.cflwork.controller.BorrowController.list(top.cflwork.vo.BorrowVo)
2019-02-25 17:16:04 -Mapped "{[/borrow/save],methods=[POST]}" onto public top.cflwork.util.R top.cflwork.controller.BorrowController.save(top.cflwork.vo.BorrowVo)
2019-02-25 17:16:04 -Mapped "{[/borrow/batchSave],methods=[POST]}" onto public top.cflwork.util.R top.cflwork.controller.BorrowController.batchSave(java.util.List<top.cflwork.vo.BorrowVo>)
2019-02-25 17:16:04 -Mapped "{[/borrow/borrowPage],methods=[GET]}" onto public java.lang.String top.cflwork.controller.BorrowController.Borrow()
2019-02-25 17:16:04 -Mapped "{[/borrow/edit/{id}],methods=[GET]}" onto public top.cflwork.vo.BorrowVo top.cflwork.controller.BorrowController.edit(java.lang.String)
2019-02-25 17:16:04 -Mapped "{[/courierOrder/add],methods=[GET]}" onto public java.lang.String top.cflwork.controller.CourierOrderController.add()
2019-02-25 17:16:04 -Mapped "{[/courierOrder/remove],methods=[POST]}" onto public top.cflwork.util.R top.cflwork.controller.CourierOrderController.remove(java.lang.String)
2019-02-25 17:16:04 -Mapped "{[/courierOrder/batchRemove],methods=[POST]}" onto public top.cflwork.util.R top.cflwork.controller.CourierOrderController.remove(java.lang.String[])
2019-02-25 17:16:04 -Mapped "{[/courierOrder/update]}" onto public top.cflwork.util.R top.cflwork.controller.CourierOrderController.update(top.cflwork.vo.CourierOrderVo)
2019-02-25 17:16:04 -Mapped "{[/courierOrder/list],methods=[POST]}" onto public top.cflwork.util.PageUtils top.cflwork.controller.CourierOrderController.list(top.cflwork.vo.CourierOrderVo)
2019-02-25 17:16:04 -Mapped "{[/courierOrder/save],methods=[POST]}" onto public top.cflwork.util.R top.cflwork.controller.CourierOrderController.save(top.cflwork.vo.CourierOrderVo)
2019-02-25 17:16:04 -Mapped "{[/courierOrder/batchSave],methods=[POST]}" onto public top.cflwork.util.R top.cflwork.controller.CourierOrderController.batchSave(java.util.List<top.cflwork.vo.CourierOrderVo>)
2019-02-25 17:16:04 -Mapped "{[/courierOrder/edit/{id}],methods=[GET]}" onto public top.cflwork.vo.CourierOrderVo top.cflwork.controller.CourierOrderController.edit(java.lang.String)
2019-02-25 17:16:04 -Mapped "{[/courierOrder/courierOrderPage],methods=[GET]}" onto public java.lang.String top.cflwork.controller.CourierOrderController.CourierOrder()
2019-02-25 17:16:04 -Mapped "{[/sysDept/add/{pId}],methods=[GET]}" onto public java.lang.String top.cflwork.controller.DeptController.add(java.lang.String,org.springframework.ui.Model)
2019-02-25 17:16:04 -Mapped "{[/sysDept/remove],methods=[POST]}" onto public top.cflwork.util.R top.cflwork.controller.DeptController.remove(java.lang.String)
2019-02-25 17:16:04 -Mapped "{[/sysDept/batchRemove],methods=[POST]}" onto public top.cflwork.util.R top.cflwork.controller.DeptController.remove(java.lang.String[])
2019-02-25 17:16:04 -Mapped "{[/sysDept/update]}" onto public top.cflwork.util.R top.cflwork.controller.DeptController.update(top.cflwork.vo.DeptVo)
2019-02-25 17:16:04 -Mapped "{[/sysDept/list],methods=[GET]}" onto public java.util.List<top.cflwork.vo.DeptVo> top.cflwork.controller.DeptController.list()
2019-02-25 17:16:04 -Mapped "{[/sysDept/save]}" onto public top.cflwork.util.R top.cflwork.controller.DeptController.save(top.cflwork.vo.DeptVo)
2019-02-25 17:16:04 -Mapped "{[/sysDept/tree],methods=[GET]}" onto public top.cflwork.vo.Tree<top.cflwork.vo.DeptVo> top.cflwork.controller.DeptController.tree()
2019-02-25 17:16:04 -Mapped "{[/sysDept/edit/{deptId}],methods=[GET]}" onto public java.lang.String top.cflwork.controller.DeptController.edit(java.lang.String,org.springframework.ui.Model)
2019-02-25 17:16:04 -Mapped "{[/sysDept/sysDeptPage],methods=[GET]}" onto public java.lang.String top.cflwork.controller.DeptController.dept()
2019-02-25 17:16:04 -Mapped "{[/sysDept/treeView],methods=[GET]}" onto public java.lang.String top.cflwork.controller.DeptController.treeView()
2019-02-25 17:16:04 -Mapped "{[/dict/add],methods=[GET]}" onto public java.lang.String top.cflwork.controller.DictController.add()
2019-02-25 17:16:04 -Mapped "{[/dict/remove],methods=[POST]}" onto public top.cflwork.util.R top.cflwork.controller.DictController.remove(java.lang.String)
2019-02-25 17:16:04 -Mapped "{[/dict/batchRemove],methods=[POST]}" onto public top.cflwork.util.R top.cflwork.controller.DictController.remove(java.lang.String[])
2019-02-25 17:16:04 -Mapped "{[/dict/update]}" onto public top.cflwork.util.R top.cflwork.controller.DictController.update(top.cflwork.vo.DictVo)
2019-02-25 17:16:04 -Mapped "{[/dict/list],methods=[GET]}" onto public top.cflwork.util.PageUtils top.cflwork.controller.DictController.list(java.util.Map<java.lang.String, java.lang.Object>)
2019-02-25 17:16:04 -Mapped "{[/dict/save],methods=[POST]}" onto public top.cflwork.util.R top.cflwork.controller.DictController.save(top.cflwork.vo.DictVo)
2019-02-25 17:16:04 -Mapped "{[/dict/type],methods=[GET]}" onto public java.util.List<top.cflwork.vo.DictVo> top.cflwork.controller.DictController.listType()
2019-02-25 17:16:04 -Mapped "{[/dict/edit/{id}],methods=[GET]}" onto public java.lang.String top.cflwork.controller.DictController.edit(java.lang.String,org.springframework.ui.Model)
2019-02-25 17:16:04 -Mapped "{[/dict/add/{type}/{description}],methods=[GET]}" onto public java.lang.String top.cflwork.controller.DictController.addD(org.springframework.ui.Model,java.lang.String,java.lang.String)
2019-02-25 17:16:04 -Mapped "{[/dict/list/{type}],methods=[GET]}" onto public java.util.List<top.cflwork.vo.DictVo> top.cflwork.controller.DictController.listByType(java.lang.String)
2019-02-25 17:16:04 -Mapped "{[/dict/dictPage],methods=[GET]}" onto public java.lang.String top.cflwork.controller.DictController.dict()
2019-02-25 17:16:04 -Mapped "{[/electronExpress/add],methods=[GET]}" onto public java.lang.String top.cflwork.controller.ElectronExpressController.add()
2019-02-25 17:16:04 -Mapped "{[/electronExpress/remove],methods=[POST]}" onto public top.cflwork.util.R top.cflwork.controller.ElectronExpressController.remove(java.lang.String)
2019-02-25 17:16:04 -Mapped "{[/electronExpress/batchRemove],methods=[POST]}" onto public top.cflwork.util.R top.cflwork.controller.ElectronExpressController.remove(java.lang.String[])
2019-02-25 17:16:04 -Mapped "{[/electronExpress/update]}" onto public top.cflwork.util.R top.cflwork.controller.ElectronExpressController.update(top.cflwork.vo.ElectronExpressVo)
2019-02-25 17:16:04 -Mapped "{[/electronExpress/list],methods=[POST]}" onto public top.cflwork.util.PageUtils top.cflwork.controller.ElectronExpressController.list(top.cflwork.vo.ElectronExpressVo)
2019-02-25 17:16:04 -Mapped "{[/electronExpress/save],methods=[POST]}" onto public top.cflwork.util.R top.cflwork.controller.ElectronExpressController.save(top.cflwork.vo.ElectronExpressVo)
2019-02-25 17:16:04 -Mapped "{[/electronExpress/batchSave],methods=[POST]}" onto public top.cflwork.util.R top.cflwork.controller.ElectronExpressController.batchSave(java.util.List<top.cflwork.vo.ElectronExpressVo>)
2019-02-25 17:16:04 -Mapped "{[/electronExpress/edit/{id}],methods=[GET]}" onto public top.cflwork.vo.ElectronExpressVo top.cflwork.controller.ElectronExpressController.edit(java.lang.String)
2019-02-25 17:16:04 -Mapped "{[/electronExpress/electronExpressPage],methods=[GET]}" onto public java.lang.String top.cflwork.controller.ElectronExpressController.ElectronExpress()
2019-02-25 17:16:04 -Mapped "{[/sysFile/add],methods=[GET]}" onto public java.lang.String top.cflwork.controller.FileController.add()
2019-02-25 17:16:04 -Mapped "{[/sysFile/remove],methods=[POST]}" onto public top.cflwork.util.R top.cflwork.controller.FileController.remove(java.lang.String,javax.servlet.http.HttpServletRequest)
2019-02-25 17:16:04 -Mapped "{[/sysFile/batchRemove],methods=[POST]}" onto public top.cflwork.util.R top.cflwork.controller.FileController.remove(java.lang.String[])
2019-02-25 17:16:04 -Mapped "{[/sysFile/update]}" onto public top.cflwork.util.R top.cflwork.controller.FileController.update(top.cflwork.vo.FileListVo)
2019-02-25 17:16:04 -Mapped "{[/sysFile/list],methods=[GET]}" onto public top.cflwork.util.PageUtils top.cflwork.controller.FileController.list(java.util.Map<java.lang.String, java.lang.Object>)
2019-02-25 17:16:04 -Mapped "{[/sysFile/save],methods=[POST]}" onto public top.cflwork.util.R top.cflwork.controller.FileController.save(top.cflwork.vo.FileListVo)
2019-02-25 17:16:04 -Mapped "{[/sysFile/info/{id}]}" onto public top.cflwork.util.R top.cflwork.controller.FileController.info(java.lang.String)
2019-02-25 17:16:04 -Mapped "{[/sysFile/edit],methods=[GET]}" onto public java.lang.String top.cflwork.controller.FileController.edit(java.lang.String,org.springframework.ui.Model)
2019-02-25 17:16:05 -Mapped "{[/sysFile/upload],methods=[POST]}" onto public top.cflwork.util.R top.cflwork.controller.FileController.upload(org.springframework.web.multipart.MultipartFile,javax.servlet.http.HttpServletRequest)
2019-02-25 17:16:05 -Mapped "{[/sysFile/sysFilePage],methods=[GET]}" onto public java.lang.String top.cflwork.controller.FileController.sysFile(org.springframework.ui.Model)
2019-02-25 17:16:05 -Mapped "{[/gen/add],methods=[GET]}" onto public java.lang.String top.cflwork.controller.GenController.add()
2019-02-25 17:16:05 -Mapped "{[/gen/remove],methods=[POST]}" onto public top.cflwork.util.R top.cflwork.controller.GenController.remove(java.lang.String)
2019-02-25 17:16:05 -Mapped "{[/gen/batchRemove],methods=[POST]}" onto public top.cflwork.util.R top.cflwork.controller.GenController.remove(java.lang.String[])
2019-02-25 17:16:05 -Mapped "{[/gen/update]}" onto public top.cflwork.util.R top.cflwork.controller.GenController.update(top.cflwork.vo.GenVo)
2019-02-25 17:16:05 -Mapped "{[/gen/list],methods=[POST]}" onto public top.cflwork.util.PageUtils top.cflwork.controller.GenController.list(top.cflwork.vo.GenVo)
2019-02-25 17:16:05 -Mapped "{[/gen/save],methods=[POST]}" onto public top.cflwork.util.R top.cflwork.controller.GenController.save(top.cflwork.vo.GenVo)
2019-02-25 17:16:05 -Mapped "{[/gen/batchSave],methods=[POST]}" onto public top.cflwork.util.R top.cflwork.controller.GenController.batchSave(java.util.List<top.cflwork.vo.GenVo>)
2019-02-25 17:16:05 -Mapped "{[/gen/edit/{id}],methods=[GET]}" onto public top.cflwork.vo.GenVo top.cflwork.controller.GenController.edit(java.lang.String)
2019-02-25 17:16:05 -Mapped "{[/gen/genPage],methods=[GET]}" onto public java.lang.String top.cflwork.controller.GenController.Gen()
2019-02-25 17:16:05 -Mapped "{[/generator/update],methods=[POST]}" onto public top.cflwork.util.R top.cflwork.controller.GeneratorController.update(java.util.Map<java.lang.String, java.lang.Object>)
2019-02-25 17:16:05 -Mapped "{[/generator/list],methods=[GET]}" onto public java.util.List<java.util.Map<java.lang.String, java.lang.Object>> top.cflwork.controller.GeneratorController.list()
2019-02-25 17:16:05 -Mapped "{[/generator/code/{tableName}]}" onto public void top.cflwork.controller.GeneratorController.code(javax.servlet.http.HttpServletRequest,javax.servlet.http.HttpServletResponse,java.lang.String) throws java.io.IOException
2019-02-25 17:16:05 -Mapped "{[/generator/generatorPage],methods=[GET]}" onto public java.lang.String top.cflwork.controller.GeneratorController.generator()
2019-02-25 17:16:05 -Mapped "{[/generator/edit],methods=[GET]}" onto public java.lang.String top.cflwork.controller.GeneratorController.edit(org.springframework.ui.Model)
2019-02-25 17:16:05 -Mapped "{[/generator/batchCode]}" onto public void top.cflwork.controller.GeneratorController.batchCode(javax.servlet.http.HttpServletRequest,javax.servlet.http.HttpServletResponse,java.lang.String) throws java.io.IOException
2019-02-25 17:16:05 -Mapped "{[/log/remove],methods=[POST]}" onto public top.cflwork.util.R top.cflwork.controller.LogController.remove(java.lang.String)
2019-02-25 17:16:05 -Mapped "{[/log/logPage],methods=[GET]}" onto public java.lang.String top.cflwork.controller.LogController.log()
2019-02-25 17:16:05 -Mapped "{[/log/list],methods=[GET]}" onto public top.cflwork.util.PageUtils<top.cflwork.vo.LogVo> top.cflwork.controller.LogController.list(top.cflwork.vo.LogVo)
2019-02-25 17:16:05 -Mapped "{[/log/batchRemove],methods=[POST]}" onto public top.cflwork.util.R top.cflwork.controller.LogController.batchRemove(java.lang.String[])
2019-02-25 17:16:05 -Mapped "{[/index],methods=[GET]}" onto public org.springframework.web.servlet.ModelAndView top.cflwork.controller.LoginController.index(org.springframework.ui.Model)
2019-02-25 17:16:05 -Mapped "{[/main],methods=[GET]}" onto public java.lang.String top.cflwork.controller.LoginController.main()
2019-02-25 17:16:05 -Mapped "{[/login],methods=[GET]}" onto public java.lang.String top.cflwork.controller.LoginController.login()
2019-02-25 17:16:05 -Mapped "{[/logout],methods=[GET]}" onto public java.lang.String top.cflwork.controller.LoginController.logout()
2019-02-25 17:16:05 -Mapped "{[/login],methods=[POST]}" onto public top.cflwork.util.R top.cflwork.controller.LoginController.ajaxLogin(java.lang.String,java.lang.String)
2019-02-25 17:16:05 -Mapped "{[/ || ],methods=[GET]}" onto public java.lang.String top.cflwork.controller.LoginController.welcome(org.springframework.ui.Model)
2019-02-25 17:16:05 -Mapped "{[/menu/add/{pId}],methods=[GET]}" onto public java.lang.String top.cflwork.controller.MenuController.add(org.springframework.ui.Model,java.lang.String)
2019-02-25 17:16:05 -Mapped "{[/menu/remove],methods=[POST]}" onto public top.cflwork.util.R top.cflwork.controller.MenuController.remove(java.lang.String)
2019-02-25 17:16:05 -Mapped "{[/menu/update],methods=[POST]}" onto public top.cflwork.util.R top.cflwork.controller.MenuController.update(top.cflwork.vo.MenuVo)
2019-02-25 17:16:05 -Mapped "{[/menu/list]}" onto public java.util.List<top.cflwork.vo.MenuVo> top.cflwork.controller.MenuController.list(java.util.Map<java.lang.String, java.lang.Object>)
2019-02-25 17:16:05 -Mapped "{[/menu/save],methods=[POST]}" onto public top.cflwork.util.R top.cflwork.controller.MenuController.save(top.cflwork.vo.MenuVo)
2019-02-25 17:16:05 -Mapped "{[/menu/tree/{roleId}],methods=[GET]}" onto public top.cflwork.vo.Tree<top.cflwork.vo.MenuVo> top.cflwork.controller.MenuController.tree(java.lang.String)
2019-02-25 17:16:05 -Mapped "{[/menu/tree],methods=[GET]}" onto public top.cflwork.vo.Tree<top.cflwork.vo.MenuVo> top.cflwork.controller.MenuController.tree()
2019-02-25 17:16:05 -Mapped "{[/menu/edit/{id}],methods=[GET]}" onto public java.lang.String top.cflwork.controller.MenuController.edit(org.springframework.ui.Model,java.lang.String)
2019-02-25 17:16:05 -Mapped "{[/menu/menuPage],methods=[GET]}" onto public java.lang.String top.cflwork.controller.MenuController.menu(org.springframework.ui.Model)
2019-02-25 17:16:05 -Mapped "{[/oa/notify/add],methods=[GET]}" onto public java.lang.String top.cflwork.controller.NotifyController.add()
2019-02-25 17:16:05 -Mapped "{[/oa/notify/remove],methods=[POST]}" onto public top.cflwork.util.R top.cflwork.controller.NotifyController.remove(java.lang.String)
2019-02-25 17:16:05 -Mapped "{[/oa/notify/batchRemove],methods=[POST]}" onto public top.cflwork.util.R top.cflwork.controller.NotifyController.remove(java.lang.String[])
2019-02-25 17:16:05 -Mapped "{[/oa/notify/update]}" onto public top.cflwork.util.R top.cflwork.controller.NotifyController.update(top.cflwork.vo.NotifyVo)
2019-02-25 17:16:05 -Mapped "{[/oa/notify/read/{id}],methods=[GET]}" onto public java.lang.String top.cflwork.controller.NotifyController.read(java.lang.String,org.springframework.ui.Model)
2019-02-25 17:16:05 -Mapped "{[/oa/notify/list],methods=[GET]}" onto public java.util.List<top.cflwork.vo.NotifyVo> top.cflwork.controller.NotifyController.list(top.cflwork.vo.NotifyVo)
2019-02-25 17:16:05 -Mapped "{[/oa/notify/save],methods=[POST]}" onto public top.cflwork.util.R top.cflwork.controller.NotifyController.save(top.cflwork.vo.NotifyVo,org.springframework.web.multipart.MultipartFile)
2019-02-25 17:16:05 -Mapped "{[/oa/notify/message],methods=[GET]}" onto public top.cflwork.util.PageUtils top.cflwork.controller.NotifyController.message()
2019-02-25 17:16:05 -Mapped "{[/oa/notify/edit/{id}],methods=[GET]}" onto public java.lang.String top.cflwork.controller.NotifyController.edit(java.lang.String,org.springframework.ui.Model)
2019-02-25 17:16:05 -Mapped "{[/oa/notify],methods=[GET]}" onto public java.lang.String top.cflwork.controller.NotifyController.oaNotify()
2019-02-25 17:16:05 -Mapped "{[/oa/notify/selfList],methods=[GET]}" onto public top.cflwork.util.PageUtils top.cflwork.controller.NotifyController.selfList(java.util.Map<java.lang.String, java.lang.Object>)
2019-02-25 17:16:05 -Mapped "{[/oa/notify/selfNotify],methods=[GET]}" onto public java.lang.String top.cflwork.controller.NotifyController.selefNotify()
2019-02-25 17:16:05 -Mapped "{[/paperExpress/add],methods=[GET]}" onto public java.lang.String top.cflwork.controller.PaperExpressController.add()
2019-02-25 17:16:05 -Mapped "{[/paperExpress/remove],methods=[POST]}" onto public top.cflwork.util.R top.cflwork.controller.PaperExpressController.remove(java.lang.String)
2019-02-25 17:16:05 -Mapped "{[/paperExpress/batchRemove],methods=[POST]}" onto public top.cflwork.util.R top.cflwork.controller.PaperExpressController.remove(java.lang.String[])
2019-02-25 17:16:05 -Mapped "{[/paperExpress/update]}" onto public top.cflwork.util.R top.cflwork.controller.PaperExpressController.update(top.cflwork.vo.PaperExpressVo)
2019-02-25 17:16:05 -Mapped "{[/paperExpress/list],methods=[POST]}" onto public top.cflwork.util.PageUtils top.cflwork.controller.PaperExpressController.list(top.cflwork.vo.PaperExpressVo)
2019-02-25 17:16:05 -Mapped "{[/paperExpress/save],methods=[POST]}" onto public top.cflwork.util.R top.cflwork.controller.PaperExpressController.save(top.cflwork.vo.PaperExpressVo)
2019-02-25 17:16:05 -Mapped "{[/paperExpress/batchSave],methods=[POST]}" onto public top.cflwork.util.R top.cflwork.controller.PaperExpressController.batchSave(java.util.List<top.cflwork.vo.PaperExpressVo>)
2019-02-25 17:16:05 -Mapped "{[/paperExpress/edit/{id}],methods=[GET]}" onto public top.cflwork.vo.PaperExpressVo top.cflwork.controller.PaperExpressController.edit(java.lang.String)
2019-02-25 17:16:05 -Mapped "{[/paperExpress/paperExpressPage],methods=[GET]}" onto public java.lang.String top.cflwork.controller.PaperExpressController.PaperExpress()
2019-02-25 17:16:05 -Mapped "{[/readerBook/add],methods=[GET]}" onto public java.lang.String top.cflwork.controller.ReaderBookController.add()
2019-02-25 17:16:05 -Mapped "{[/readerBook/remove],methods=[POST]}" onto public top.cflwork.util.R top.cflwork.controller.ReaderBookController.remove(java.lang.String)
2019-02-25 17:16:05 -Mapped "{[/readerBook/batchRemove],methods=[POST]}" onto public top.cflwork.util.R top.cflwork.controller.ReaderBookController.remove(java.lang.String[])
2019-02-25 17:16:05 -Mapped "{[/readerBook/update]}" onto public top.cflwork.util.R top.cflwork.controller.ReaderBookController.update(top.cflwork.vo.ReaderBookVo)
2019-02-25 17:16:05 -Mapped "{[/readerBook/list],methods=[POST]}" onto public top.cflwork.util.PageUtils top.cflwork.controller.ReaderBookController.list(top.cflwork.vo.ReaderBookVo)
2019-02-25 17:16:05 -Mapped "{[/readerBook/save],methods=[POST]}" onto public top.cflwork.util.R top.cflwork.controller.ReaderBookController.save(top.cflwork.vo.ReaderBookVo)
2019-02-25 17:16:05 -Mapped "{[/readerBook/batchSave],methods=[POST]}" onto public top.cflwork.util.R top.cflwork.controller.ReaderBookController.batchSave(java.util.List<top.cflwork.vo.ReaderBookVo>)
2019-02-25 17:16:05 -Mapped "{[/readerBook/edit/{id}],methods=[GET]}" onto public top.cflwork.vo.ReaderBookVo top.cflwork.controller.ReaderBookController.edit(java.lang.String)
2019-02-25 17:16:05 -Mapped "{[/readerBook/readerBookPage],methods=[GET]}" onto public java.lang.String top.cflwork.controller.ReaderBookController.ReaderBook()
2019-02-25 17:16:05 -Mapped "{[/readingRoom/add],methods=[GET]}" onto public java.lang.String top.cflwork.controller.ReadingRoomController.add()
2019-02-25 17:16:05 -Mapped "{[/readingRoom/remove],methods=[POST]}" onto public top.cflwork.util.R top.cflwork.controller.ReadingRoomController.remove(java.lang.String)
2019-02-25 17:16:05 -Mapped "{[/readingRoom/batchRemove],methods=[POST]}" onto public top.cflwork.util.R top.cflwork.controller.ReadingRoomController.remove(java.lang.String[])
2019-02-25 17:16:05 -Mapped "{[/readingRoom/update]}" onto public top.cflwork.util.R top.cflwork.controller.ReadingRoomController.update(top.cflwork.vo.ReadingRoomVo)
2019-02-25 17:16:05 -Mapped "{[/readingRoom/list],methods=[POST]}" onto public top.cflwork.util.PageUtils top.cflwork.controller.ReadingRoomController.list(top.cflwork.vo.ReadingRoomVo)
2019-02-25 17:16:05 -Mapped "{[/readingRoom/save],methods=[POST]}" onto public top.cflwork.util.R top.cflwork.controller.ReadingRoomController.save(top.cflwork.vo.ReadingRoomVo)
2019-02-25 17:16:05 -Mapped "{[/readingRoom/batchSave],methods=[POST]}" onto public top.cflwork.util.R top.cflwork.controller.ReadingRoomController.batchSave(java.util.List<top.cflwork.vo.ReadingRoomVo>)
2019-02-25 17:16:05 -Mapped "{[/readingRoom/edit/{id}],methods=[GET]}" onto public java.lang.String top.cflwork.controller.ReadingRoomController.edit(java.lang.String,org.springframework.ui.Model)
2019-02-25 17:16:05 -Mapped "{[/readingRoom/readingRoomPage],methods=[GET]}" onto public java.lang.String top.cflwork.controller.ReadingRoomController.ReadingRoom()
2019-02-25 17:16:05 -Mapped "{[/readUser/add],methods=[GET]}" onto public java.lang.String top.cflwork.controller.ReadUserController.add()
2019-02-25 17:16:05 -Mapped "{[/readUser/remove],methods=[POST]}" onto public top.cflwork.util.R top.cflwork.controller.ReadUserController.remove(java.lang.String)
2019-02-25 17:16:05 -Mapped "{[/readUser/batchRemove],methods=[POST]}" onto public top.cflwork.util.R top.cflwork.controller.ReadUserController.remove(java.lang.String[])
2019-02-25 17:16:05 -Mapped "{[/readUser/update]}" onto public top.cflwork.util.R top.cflwork.controller.ReadUserController.update(top.cflwork.vo.ReadUserVo)
2019-02-25 17:16:05 -Mapped "{[/readUser/list],methods=[POST]}" onto public top.cflwork.util.PageUtils top.cflwork.controller.ReadUserController.list(top.cflwork.vo.ReadUserVo)
2019-02-25 17:16:05 -Mapped "{[/readUser/save],methods=[POST]}" onto public top.cflwork.util.R top.cflwork.controller.ReadUserController.save(top.cflwork.vo.ReadUserVo)
2019-02-25 17:16:05 -Mapped "{[/readUser/batchSave],methods=[POST]}" onto public top.cflwork.util.R top.cflwork.controller.ReadUserController.batchSave(java.util.List<top.cflwork.vo.ReadUserVo>)
2019-02-25 17:16:05 -Mapped "{[/readUser/edit/{id}],methods=[GET]}" onto public top.cflwork.vo.ReadUserVo top.cflwork.controller.ReadUserController.edit(java.lang.String)
2019-02-25 17:16:05 -Mapped "{[/readUser/resetPwd/{id}]}" onto public top.cflwork.util.R top.cflwork.controller.ReadUserController.resetPwd(java.lang.String)
2019-02-25 17:16:05 -Mapped "{[/readUser/readUserPage],methods=[GET]}" onto public java.lang.String top.cflwork.controller.ReadUserController.ReadUser()
2019-02-25 17:16:05 -Mapped "{[/role/add],methods=[GET]}" onto public java.lang.String top.cflwork.controller.RoleController.add()
2019-02-25 17:16:05 -Mapped "{[/role/update],methods=[POST]}" onto public top.cflwork.util.R top.cflwork.controller.RoleController.update(top.cflwork.vo.RoleVo)
2019-02-25 17:16:05 -Mapped "{[/role/list],methods=[GET]}" onto public java.util.List<top.cflwork.vo.RoleVo> top.cflwork.controller.RoleController.list()
2019-02-25 17:16:05 -Mapped "{[/role/remove],methods=[POST]}" onto public top.cflwork.util.R top.cflwork.controller.RoleController.save(java.lang.String)
2019-02-25 17:16:05 -Mapped "{[/role/save],methods=[POST]}" onto public top.cflwork.util.R top.cflwork.controller.RoleController.save(top.cflwork.vo.RoleVo)
2019-02-25 17:16:05 -Mapped "{[/role/batchRemove],methods=[POST]}" onto public top.cflwork.util.R top.cflwork.controller.RoleController.batchRemove(java.lang.String[])
2019-02-25 17:16:05 -Mapped "{[/role/rolePage],methods=[GET]}" onto public java.lang.String top.cflwork.controller.RoleController.role()
2019-02-25 17:16:05 -Mapped "{[/role/edit/{id}],methods=[GET]}" onto public java.lang.String top.cflwork.controller.RoleController.edit(java.lang.String,org.springframework.ui.Model)
2019-02-25 17:16:05 -Mapped "{[/seat/add],methods=[GET]}" onto public java.lang.String top.cflwork.controller.SeatController.add()
2019-02-25 17:16:05 -Mapped "{[/seat/remove],methods=[POST]}" onto public top.cflwork.util.R top.cflwork.controller.SeatController.remove(java.lang.String)
2019-02-25 17:16:05 -Mapped "{[/seat/batchRemove],methods=[POST]}" onto public top.cflwork.util.R top.cflwork.controller.SeatController.remove(java.lang.String[])
2019-02-25 17:16:05 -Mapped "{[/seat/update]}" onto public top.cflwork.util.R top.cflwork.controller.SeatController.update(top.cflwork.vo.SeatVo)
2019-02-25 17:16:05 -Mapped "{[/seat/list],methods=[POST]}" onto public top.cflwork.util.PageUtils top.cflwork.controller.SeatController.list(top.cflwork.vo.SeatVo)
2019-02-25 17:16:05 -Mapped "{[/seat/save],methods=[POST]}" onto public top.cflwork.util.R top.cflwork.controller.SeatController.save(top.cflwork.vo.SeatVo)
2019-02-25 17:16:05 -Mapped "{[/seat/batchSave],methods=[POST]}" onto public top.cflwork.util.R top.cflwork.controller.SeatController.batchSave(java.util.List<top.cflwork.vo.SeatVo>)
2019-02-25 17:16:05 -Mapped "{[/seat/edit/{id}],methods=[GET]}" onto public top.cflwork.vo.SeatVo top.cflwork.controller.SeatController.edit(java.lang.String)
2019-02-25 17:16:05 -Mapped "{[/seat/seatPage],methods=[GET]}" onto public java.lang.String top.cflwork.controller.SeatController.Seat()
2019-02-25 17:16:05 -Mapped "{[/seatUse/add],methods=[GET]}" onto public java.lang.String top.cflwork.controller.SeatUseController.add()
2019-02-25 17:16:05 -Mapped "{[/seatUse/remove],methods=[POST]}" onto public top.cflwork.util.R top.cflwork.controller.SeatUseController.remove(java.lang.String)
2019-02-25 17:16:05 -Mapped "{[/seatUse/batchRemove],methods=[POST]}" onto public top.cflwork.util.R top.cflwork.controller.SeatUseController.remove(java.lang.String[])
2019-02-25 17:16:05 -Mapped "{[/seatUse/update]}" onto public top.cflwork.util.R top.cflwork.controller.SeatUseController.update(top.cflwork.vo.SeatUseVo)
2019-02-25 17:16:05 -Mapped "{[/seatUse/list],methods=[POST]}" onto public top.cflwork.util.PageUtils top.cflwork.controller.SeatUseController.list(top.cflwork.vo.SeatUseVo)
2019-02-25 17:16:05 -Mapped "{[/seatUse/save],methods=[POST]}" onto public top.cflwork.util.R top.cflwork.controller.SeatUseController.save(top.cflwork.vo.SeatUseVo)
2019-02-25 17:16:05 -Mapped "{[/seatUse/batchSave],methods=[POST]}" onto public top.cflwork.util.R top.cflwork.controller.SeatUseController.batchSave(java.util.List<top.cflwork.vo.SeatUseVo>)
2019-02-25 17:16:05 -Mapped "{[/seatUse/edit/{id}],methods=[GET]}" onto public top.cflwork.vo.SeatUseVo top.cflwork.controller.SeatUseController.edit(java.lang.String)
2019-02-25 17:16:05 -Mapped "{[/seatUse/seatUsePage],methods=[GET]}" onto public java.lang.String top.cflwork.controller.SeatUseController.SeatUse()
2019-02-25 17:16:05 -Mapped "{[/online/list]}" onto public java.util.List<top.cflwork.vo.UserOnline> top.cflwork.controller.SessionController.list()
2019-02-25 17:16:05 -Mapped "{[/online/onlinePage],methods=[GET]}" onto public java.lang.String top.cflwork.controller.SessionController.online()
2019-02-25 17:16:05 -Mapped "{[/online/sessionList]}" onto public java.util.Collection<org.apache.shiro.session.Session> top.cflwork.controller.SessionController.sessionList()
2019-02-25 17:16:05 -Mapped "{[/online/forceLogout/{sessionId}]}" onto public top.cflwork.util.R top.cflwork.controller.SessionController.forceLogout(java.lang.String,org.springframework.web.servlet.mvc.support.RedirectAttributes)
2019-02-25 17:16:05 -Mapped "{[/space/add],methods=[GET]}" onto public java.lang.String top.cflwork.controller.SpaceController.add()
2019-02-25 17:16:05 -Mapped "{[/space/remove],methods=[POST]}" onto public top.cflwork.util.R top.cflwork.controller.SpaceController.remove(java.lang.String)
2019-02-25 17:16:05 -Mapped "{[/space/batchRemove],methods=[POST]}" onto public top.cflwork.util.R top.cflwork.controller.SpaceController.remove(java.lang.String[])
2019-02-25 17:16:05 -Mapped "{[/space/update]}" onto public top.cflwork.util.R top.cflwork.controller.SpaceController.update(top.cflwork.vo.SpaceVo)
2019-02-25 17:16:05 -Mapped "{[/space/list],methods=[POST]}" onto public top.cflwork.util.PageUtils top.cflwork.controller.SpaceController.list(top.cflwork.vo.SpaceVo)
2019-02-25 17:16:05 -Mapped "{[/space/save],methods=[POST]}" onto public top.cflwork.util.R top.cflwork.controller.SpaceController.save(top.cflwork.vo.SpaceVo)
2019-02-25 17:16:05 -Mapped "{[/space/batchSave],methods=[POST]}" onto public top.cflwork.util.R top.cflwork.controller.SpaceController.batchSave(java.util.List<top.cflwork.vo.SpaceVo>)
2019-02-25 17:16:05 -Mapped "{[/space/edit/{id}],methods=[GET]}" onto public top.cflwork.vo.SpaceVo top.cflwork.controller.SpaceController.edit(java.lang.String)
2019-02-25 17:16:05 -Mapped "{[/space/spacePage],methods=[GET]}" onto public java.lang.String top.cflwork.controller.SpaceController.Space()
2019-02-25 17:16:05 -Mapped "{[/spaceUse/add],methods=[GET]}" onto public java.lang.String top.cflwork.controller.SpaceUseController.add()
2019-02-25 17:16:05 -Mapped "{[/spaceUse/remove],methods=[POST]}" onto public top.cflwork.util.R top.cflwork.controller.SpaceUseController.remove(java.lang.String)
2019-02-25 17:16:05 -Mapped "{[/spaceUse/batchRemove],methods=[POST]}" onto public top.cflwork.util.R top.cflwork.controller.SpaceUseController.remove(java.lang.String[])
2019-02-25 17:16:05 -Mapped "{[/spaceUse/update]}" onto public top.cflwork.util.R top.cflwork.controller.SpaceUseController.update(top.cflwork.vo.SpaceUseVo)
2019-02-25 17:16:05 -Mapped "{[/spaceUse/list],methods=[POST]}" onto public top.cflwork.util.PageUtils top.cflwork.controller.SpaceUseController.list(top.cflwork.vo.SpaceUseVo)
2019-02-25 17:16:05 -Mapped "{[/spaceUse/save],methods=[POST]}" onto public top.cflwork.util.R top.cflwork.controller.SpaceUseController.save(top.cflwork.vo.SpaceUseVo)
2019-02-25 17:16:05 -Mapped "{[/spaceUse/batchSave],methods=[POST]}" onto public top.cflwork.util.R top.cflwork.controller.SpaceUseController.batchSave(java.util.List<top.cflwork.vo.SpaceUseVo>)
2019-02-25 17:16:05 -Mapped "{[/spaceUse/edit/{id}],methods=[GET]}" onto public top.cflwork.vo.SpaceUseVo top.cflwork.controller.SpaceUseController.edit(java.lang.String)
2019-02-25 17:16:05 -Mapped "{[/spaceUse/spaceUsePage],methods=[GET]}" onto public java.lang.String top.cflwork.controller.SpaceUseController.SpaceUse()
2019-02-25 17:16:05 -Mapped "{[/test/index]}" onto public java.lang.String top.cflwork.controller.TestController.index() throws java.lang.Exception
2019-02-25 17:16:05 -Mapped "{[/test/page]}" onto public java.lang.String top.cflwork.controller.TestController.page() throws java.lang.Exception
2019-02-25 17:16:05 -Mapped "{[/test/testUp]}" onto public void top.cflwork.controller.TestController.testSend()
2019-02-25 17:16:05 -Mapped "{[/ueditor/core]}" onto public void top.cflwork.controller.UeditorController.core(javax.servlet.http.HttpServletResponse,javax.servlet.http.HttpServletRequest) throws java.lang.Exception
2019-02-25 17:16:05 -Mapped "{[/user/exit],methods=[POST]}" onto boolean top.cflwork.controller.UserController.exit(java.util.Map<java.lang.String, java.lang.Object>)
2019-02-25 17:16:05 -Mapped "{[/user/add],methods=[GET]}" onto public java.lang.String top.cflwork.controller.UserController.add(org.springframework.ui.Model)
2019-02-25 17:16:05 -Mapped "{[/user/remove],methods=[POST]}" onto public top.cflwork.util.R top.cflwork.controller.UserController.remove(java.lang.String)
2019-02-25 17:16:05 -Mapped "{[/user/update],methods=[POST]}" onto public top.cflwork.util.R top.cflwork.controller.UserController.update(top.cflwork.vo.UserVo)
2019-02-25 17:16:05 -Mapped "{[/user/list],methods=[GET]}" onto public top.cflwork.util.PageUtils top.cflwork.controller.UserController.list(java.util.Map<java.lang.String, java.lang.Object>)
2019-02-25 17:16:05 -Mapped "{[/user/save],methods=[POST]}" onto public top.cflwork.util.R top.cflwork.controller.UserController.save(top.cflwork.vo.UserVo)
2019-02-25 17:16:05 -Mapped "{[/user/batchRemove],methods=[POST]}" onto public top.cflwork.util.R top.cflwork.controller.UserController.batchRemove(java.lang.String[])
2019-02-25 17:16:05 -Mapped "{[/user/tree],methods=[GET]}" onto public top.cflwork.vo.Tree<top.cflwork.vo.DeptVo> top.cflwork.controller.UserController.tree()
2019-02-25 17:16:05 -Mapped "{[/user/userPage],methods=[GET]}" onto public java.lang.String top.cflwork.controller.UserController.user()
2019-02-25 17:16:05 -Mapped "{[/user/getInfo],methods=[GET]}" onto public top.cflwork.util.R top.cflwork.controller.UserController.getInfo()
2019-02-25 17:16:05 -Mapped "{[/user/edit/{id}],methods=[GET]}" onto public java.lang.String top.cflwork.controller.UserController.edit(org.springframework.ui.Model,java.lang.String)
2019-02-25 17:16:05 -Mapped "{[/user/treeView],methods=[GET]}" onto public java.lang.String top.cflwork.controller.UserController.treeView()
2019-02-25 17:16:05 -Mapped "{[/user/resetPwd/{id}],methods=[GET]}" onto public java.lang.String top.cflwork.controller.UserController.resetPwd(java.lang.String,org.springframework.ui.Model)
2019-02-25 17:16:05 -Mapped "{[/user/resetPwd],methods=[POST]}" onto public top.cflwork.util.R top.cflwork.controller.UserController.resetPwd(top.cflwork.vo.UserPwdVo)
2019-02-25 17:16:05 -Mapped "{[/user/updatePeronal],methods=[POST]}" onto public top.cflwork.util.R top.cflwork.controller.UserController.updatePeronal(top.cflwork.vo.UserVo)
2019-02-25 17:16:05 -Mapped "{[/user/adminResetPwd],methods=[POST]}" onto public top.cflwork.util.R top.cflwork.controller.UserController.adminResetPwd(top.cflwork.vo.UserPwdVo)
2019-02-25 17:16:05 -Mapped "{[/user/updateHeadIcon],methods=[POST]}" onto public top.cflwork.vo.FileVo top.cflwork.controller.UserController.updateImg(org.springframework.web.multipart.MultipartFile,javax.servlet.http.HttpServletRequest)
2019-02-25 17:16:05 -Mapped "{[/user/uploadImg],methods=[POST]}" onto public top.cflwork.util.R top.cflwork.controller.UserController.uploadImg(java.lang.String)
2019-02-25 17:16:05 -Mapped "{[/user/personal],methods=[GET]}" onto public java.lang.String top.cflwork.controller.UserController.personal(org.springframework.ui.Model)
2019-02-25 17:16:05 -Mapped "{[/swagger-resources/configuration/security]}" onto public org.springframework.http.ResponseEntity<springfox.documentation.swagger.web.SecurityConfiguration> springfox.documentation.swagger.web.ApiResourceController.securityConfiguration()
2019-02-25 17:16:05 -Mapped "{[/swagger-resources]}" onto public org.springframework.http.ResponseEntity<java.util.List<springfox.documentation.swagger.web.SwaggerResource>> springfox.documentation.swagger.web.ApiResourceController.swaggerResources()
2019-02-25 17:16:05 -Mapped "{[/swagger-resources/configuration/ui]}" onto public org.springframework.http.ResponseEntity<springfox.documentation.swagger.web.UiConfiguration> springfox.documentation.swagger.web.ApiResourceController.uiConfiguration()
2019-02-25 17:16:05 -Mapped URL path [/v2/api-docs] onto method [public org.springframework.http.ResponseEntity<springfox.documentation.spring.web.json.Json> springfox.documentation.swagger2.web.Swagger2Controller.getDocumentation(java.lang.String,javax.servlet.http.HttpServletRequest)]
2019-02-25 17:16:05 -Initializing ExecutorService  'messageBrokerTaskScheduler'
2019-02-25 17:16:05 -Mapped URL path [/endpointChat/**] onto handler of type [class org.springframework.web.socket.sockjs.support.SockJsHttpRequestHandler]
2019-02-25 17:16:05 -Initializing ExecutorService  'brokerChannelExecutor'
2019-02-25 17:16:05 -Mapped URL path [/**/favicon.ico] onto handler of type [class org.springframework.web.servlet.resource.ResourceHttpRequestHandler]
2019-02-25 17:16:05 -Looking for @ControllerAdvice: org.springframework.boot.web.servlet.context.AnnotationConfigServletWebServerApplicationContext@7d4a9503: startup date [Mon Feb 25 17:15:57 CST 2019]; root of context hierarchy
2019-02-25 17:16:05 -Mapped URL path [/webjars/**] onto handler of type [class org.springframework.web.servlet.resource.ResourceHttpRequestHandler]
2019-02-25 17:16:05 -Mapped URL path [/**] onto handler of type [class org.springframework.web.servlet.resource.ResourceHttpRequestHandler]
2019-02-25 17:16:05 -Mapped URL path [/files/**] onto handler of type [class org.springframework.web.servlet.resource.ResourceHttpRequestHandler]
2019-02-25 17:16:05 -Detected @ExceptionHandler methods in BDExceptionHandler
2019-02-25 17:16:05 -[THYMELEAF][restartedMain] Template Mode 'LEGACYHTML5' is deprecated. Using Template Mode 'HTML' instead.
2019-02-25 17:16:05 -Adding welcome page template: index
2019-02-25 17:16:06 -init cache area default , type= redis
2019-02-25 17:16:06 -init cache area default , type= linkedhashmap
2019-02-25 17:16:06 -cache stat period at 15 MINUTES
2019-02-25 17:16:07 -Using default implementation for ThreadExecutor
2019-02-25 17:16:07 -Initialized Scheduler Signaller of type: class org.quartz.core.SchedulerSignalerImpl
2019-02-25 17:16:07 -Quartz Scheduler v.2.2.1 created.
2019-02-25 17:16:07 -RAMJobStore initialized.
2019-02-25 17:16:07 -Scheduler meta-data: Quartz Scheduler (v2.2.1) 'quartzScheduler' with instanceId 'NON_CLUSTERED'
  Scheduler class: 'org.quartz.core.QuartzScheduler' - running locally.
  NOT STARTED.
  Currently in standby mode.
  Number of jobs executed: 0
  Using thread pool 'org.quartz.simpl.SimpleThreadPool' - with 10 threads.
  Using job-store 'org.quartz.simpl.RAMJobStore' - which does not support persistence. and is not clustered.

2019-02-25 17:16:07 -Quartz scheduler 'quartzScheduler' initialized from an externally provided properties instance.
2019-02-25 17:16:07 -Quartz scheduler version: 2.2.1
2019-02-25 17:16:07 -JobFactory set to: org.springframework.boot.autoconfigure.quartz.AutowireCapableBeanJobFactory@6dd6847e
2019-02-25 17:16:12 -LiveReload server is running on port 35729
2019-02-25 17:16:12 -Registering beans for JMX exposure on startup
2019-02-25 17:16:12 -Bean with name 'dataSource' has been autodetected for JMX exposure
2019-02-25 17:16:12 -Located MBean 'dataSource': registering with JMX server as MBean [com.alibaba.druid.pool:name=dataSource,type=DruidDataSource]
2019-02-25 17:16:12 -Starting beans in phase 2147483647
2019-02-25 17:16:12 -Context refreshed
2019-02-25 17:16:12 -Found 1 custom documentation plugin(s)
2019-02-25 17:16:12 -Scanning for api listing references
2019-02-25 17:16:12 -Starting...
2019-02-25 17:16:12 -BrokerAvailabilityEvent[available=true, SimpleBrokerMessageHandler [DefaultSubscriptionRegistry[cache[0 destination(s)], registry[0 sessions]]]]
2019-02-25 17:16:12 -Started.
2019-02-25 17:16:12 -Starting Quartz Scheduler now
2019-02-25 17:16:12 -Scheduler quartzScheduler_$_NON_CLUSTERED started.
2019-02-25 17:16:12 -Starting ProtocolHandler ["http-nio-8088"]
2019-02-25 17:16:12 -Using a shared selector for servlet write/read
2019-02-25 17:16:12 -Tomcat started on port(s): 8088 (http) with context path ''
2019-02-25 17:16:12 -Started LibraryApplication in 16.822 seconds (JVM running for 19.195)
2019-02-25 17:17:05 -WebSocketSession[0 current WS(0)-HttpStream(0)-HttpPoll(0), 0 total, 0 closed abnormally (0 connect failure, 0 send limit, 0 transport error)], stompSubProtocol[processed CONNECT(0)-CONNECTED(0)-DISCONNECT(0)], stompBrokerRelay[null], inboundChannel[pool size = 0, active threads = 0, queued tasks = 0, completed tasks = 0], outboundChannelpool size = 0, active threads = 0, queued tasks = 0, completed tasks = 0], sockJsScheduler[pool size = 1, active threads = 1, queued tasks = 0, completed tasks = 0]
2019-02-25 17:30:00 -jetcache stat from 2019-02-25 17:16:06,033 to 2019-02-25 17:30:00,005
cache|       qps|   rate|           get|           hit|          fail|        expire|avgLoadTime|maxLoadTime
-----+----------+-------+--------------+--------------+--------------+--------------+-----------+-----------
-----+----------+-------+--------------+--------------+--------------+--------------+-----------+-----------

2019-02-25 17:45:00 -jetcache stat from 2019-02-25 17:30:00,005 to 2019-02-25 17:45:00,002
cache|       qps|   rate|           get|           hit|          fail|        expire|avgLoadTime|maxLoadTime
-----+----------+-------+--------------+--------------+--------------+--------------+-----------+-----------
-----+----------+-------+--------------+--------------+--------------+--------------+-----------+-----------

2019-02-25 17:47:05 -WebSocketSession[0 current WS(0)-HttpStream(0)-HttpPoll(0), 0 total, 0 closed abnormally (0 connect failure, 0 send limit, 0 transport error)], stompSubProtocol[processed CONNECT(0)-CONNECTED(0)-DISCONNECT(0)], stompBrokerRelay[null], inboundChannel[pool size = 0, active threads = 0, queued tasks = 0, completed tasks = 0], outboundChannelpool size = 0, active threads = 0, queued tasks = 0, completed tasks = 0], sockJsScheduler[pool size = 2, active threads = 1, queued tasks = 0, completed tasks = 1]
2019-02-25 17:49:36 -Initializing Spring FrameworkServlet 'dispatcherServlet'
2019-02-25 17:49:36 -FrameworkServlet 'dispatcherServlet': initialization started
2019-02-25 17:49:36 -FrameworkServlet 'dispatcherServlet': initialization completed in 45 ms
2019-02-25 17:49:36 -Enabling session validation scheduler...
2019-02-25 17:49:36 - : http://localhost:8088/
2019-02-25 17:49:36 -HTTP METHOD : GET
2019-02-25 17:49:36 -CLASS_METHOD : top.cflwork.controller.LoginController.welcome
2019-02-25 17:49:36 - : [{}]
2019-02-25 17:49:36 - : 9
2019-02-25 17:49:36 - : http://localhost:8088/login
2019-02-25 17:49:36 -HTTP METHOD : GET
2019-02-25 17:49:36 -CLASS_METHOD : top.cflwork.controller.LoginController.login
2019-02-25 17:49:36 - : []
2019-02-25 17:49:36 - : 0
2019-02-25 17:49:37 - : http://localhost:8088/login;JSESSIONID=3cfc9c82-eb22-40b6-803f-b100c02e49ae
2019-02-25 17:49:37 -HTTP METHOD : GET
2019-02-25 17:49:37 -CLASS_METHOD : top.cflwork.controller.LoginController.login
2019-02-25 17:49:37 - : []
2019-02-25 17:49:37 - : 0
2019-02-25 17:49:38 - : http://localhost:8088/login
2019-02-25 17:49:38 -HTTP METHOD : POST
2019-02-25 17:49:38 -CLASS_METHOD : top.cflwork.controller.LoginController.ajaxLogin
2019-02-25 17:49:38 - : [admin, 96e79218965eb72c92a549dd5a330112]
2019-02-25 17:49:38 - : 300
2019-02-25 17:49:38 - : http://localhost:8088/index
2019-02-25 17:49:38 -HTTP METHOD : GET
2019-02-25 17:49:38 -CLASS_METHOD : top.cflwork.controller.LoginController.index
2019-02-25 17:49:38 - : [{}]
2019-02-25 17:49:38 - : 73
2019-02-25 17:49:38 - : http://localhost:8088/main
2019-02-25 17:49:38 -HTTP METHOD : GET
2019-02-25 17:49:38 -CLASS_METHOD : top.cflwork.controller.LoginController.main
2019-02-25 17:49:38 - : []
2019-02-25 17:49:38 - : 0
2019-02-25 17:49:39 - : http://localhost:8088/user/getInfo
2019-02-25 17:49:39 -HTTP METHOD : GET
2019-02-25 17:49:39 -CLASS_METHOD : top.cflwork.controller.UserController.getInfo
2019-02-25 17:49:39 - : []
2019-02-25 17:49:39 - : http://localhost:8088/oa/notify/message
2019-02-25 17:49:39 -HTTP METHOD : GET
2019-02-25 17:49:39 -CLASS_METHOD : top.cflwork.controller.NotifyController.message
2019-02-25 17:49:39 - : []
2019-02-25 17:49:39 - : 17
2019-02-25 17:49:39 - : http://localhost:8088/main
2019-02-25 17:49:39 -HTTP METHOD : GET
2019-02-25 17:49:39 -CLASS_METHOD : top.cflwork.controller.LoginController.main
2019-02-25 17:49:39 - : []
2019-02-25 17:49:39 - : 0
2019-02-25 17:49:39 - : 218
2019-02-25 17:49:56 - : http://localhost:8088/menu/menuPage/
2019-02-25 17:49:56 -HTTP METHOD : GET
2019-02-25 17:49:56 -CLASS_METHOD : top.cflwork.controller.MenuController.menu
2019-02-25 17:49:56 - : [{}]
2019-02-25 17:49:56 - : 3
2019-02-25 17:49:56 - : http://localhost:8088/menu/list
2019-02-25 17:49:56 -HTTP METHOD : GET
2019-02-25 17:49:56 -CLASS_METHOD : top.cflwork.controller.MenuController.list
2019-02-25 17:49:56 - : [{sort=order_num}]
2019-02-25 17:49:56 - : 46
2019-02-25 17:50:08 - : http://localhost:8088/role/rolePage/
2019-02-25 17:50:08 -HTTP METHOD : GET
2019-02-25 17:50:08 -CLASS_METHOD : top.cflwork.controller.RoleController.role
2019-02-25 17:50:08 - : []
2019-02-25 17:50:08 - : 2
2019-02-25 17:50:08 - : http://localhost:8088/role/list
2019-02-25 17:50:08 -HTTP METHOD : GET
2019-02-25 17:50:08 -CLASS_METHOD : top.cflwork.controller.RoleController.list
2019-02-25 17:50:08 - : []
2019-02-25 17:50:08 - : 49
2019-02-25 17:50:13 - : http://localhost:8088/role/edit/1
2019-02-25 17:50:13 -HTTP METHOD : GET
2019-02-25 17:50:13 -CLASS_METHOD : top.cflwork.controller.RoleController.edit
2019-02-25 17:50:13 - : [1, {}]
2019-02-25 17:50:13 - : 2
2019-02-25 17:50:14 - : http://localhost:8088/menu/tree/1
2019-02-25 17:50:14 -HTTP METHOD : GET
2019-02-25 17:50:14 -CLASS_METHOD : top.cflwork.controller.MenuController.tree
2019-02-25 17:50:14 - : [1]
2019-02-25 17:50:14 - : 26
2019-02-25 17:50:31 - : http://localhost:8088/role/update
2019-02-25 17:50:31 -HTTP METHOD : POST
2019-02-25 17:50:31 -CLASS_METHOD : top.cflwork.controller.RoleController.update
2019-02-25 17:50:31 - : [RoleVo{roleId=1, roleName='', roleSign='null', remark='', userIdCreate=null, gmtCreate=null, gmtModified=null, menuIds=[92, 57, 30, 29, 28, 48, 76, 75, 74, 62, 56, 55, 15, 26, 25, 24, 14, 13, 12, 61, 22, 21, 20, 83, 81, 80, 79, 109, 71, 27, 91, 77, 73, 7, 6, 2, 3, 78, 1, 2219754409921019912, 2219754409921019911, 2219754409921019910, 2219754409921019909, 2219754409921019908, 2219754409921019907, 2219754409921019906, 2219754409921019905, 2219721493291663368, 2219721493291663367, 2219721493291663366, 2219721493291663365, 2219721493291663364, 2219721493291663363, 2219721493291663362, 2219721493291663361, 2219652670735712264, 2219652670735712263, 2219652670735712262, 2219652670735712261, 2219652670735712260, 2219652670735712259, 2219652670735712258, 2219652670735712257, 2219754409921019904, 2219721493291663360, 2219652670735712256, 2219565397000257544, 2219565397000257543, 2219565397000257542, 2219565397000257541, 2219565397000257540, 2219565397000257539, 2219565397000257538, 2219565397000257537, 2219472453907972104, 2219472453907972103, 2219472453907972102, 2219472453907972101, 2219472453907972100, 2219472453907972099, 2219472453907972098, 2219472453907972097, 2219565397000257536, 2219472453907972096, 2216927771684438024, 2216927771684438023, 2216927771684438022, 2216927771684438021, 2216927771684438020, 2216927771684438019, 2216927771684438018, 2216927771684438017, 2216927771684438016, 2216866576990404615, 2216866576990404614, 2216866576990404613, 2216866576990404612, 2216866576990404611, 2216866576990404610, 2216866576990404609, 2216866576990404608, 2216720685541294088, 2216720685541294087, 2216720685541294086, 2216720685541294085, 2216720685541294084, 2216720685541294083, 2216720685541294082, 2216720685541294081, 2216866542630666240, 2216720685541294080, 2216669352092172296, 2216669352092172295, 2216669352092172294, 2216669352092172293, 2216669352092172292, 2216669352092172291, 2216669352092172290, 2216669352092172289, 2215959960933826568, 2215959960933826567, 2215959960933826566, 2215959960933826565, 2215959960933826564, 2215959960933826563, 2215959960933826562, 2215959960933826561, 2216669352092172288, 2215959960933826560, 2219831410094702600, 2219831410094702599, 2219831410094702598, 2219831410094702597, 2219831410094702596, 2219831410094702595, 2219831410094702594, 2219831410094702593, 2219809832179007496, 2219809832179007495, 2219809832179007494, 2219809832179007493, 2219809832179007492, 2219809832179007491, 2219809832179007490, 2219809832179007489, 2210941858584133640, 2210941858584133639, 2210941858584133638, 2210941858584133637, 2210941858584133636, 2210941858584133635, 2210941858584133634, 2210941858584133633, 2219831410094702592, 2219809832179007488, 2210941858584133632, 2219650609151410176, 2219471079518437376, 2216926637813071872, 2216718761395945472, 2215958380385861632, 2210940381115383808, 84, 89, 88, 87, 86, 2209973154480324616, 2209973154480324615, 2209973154480324614, 2209973154480324613, 2209973154480324612, 2209973154480324611, 2209973154480324610, 2209973154480324609, 90, 85, 2209973154480324608, -1]}]
2019-02-25 17:50:32 - : 168
2019-02-25 17:50:32 - : http://localhost:8088/role/list
2019-02-25 17:50:32 -HTTP METHOD : GET
2019-02-25 17:50:32 -CLASS_METHOD : top.cflwork.controller.RoleController.list
2019-02-25 17:50:32 - : []
2019-02-25 17:50:32 - : 2
2019-02-25 17:50:34 - : http://localhost:8088/index
2019-02-25 17:50:34 -HTTP METHOD : GET
2019-02-25 17:50:34 -CLASS_METHOD : top.cflwork.controller.LoginController.index
2019-02-25 17:50:34 - : [{}]
2019-02-25 17:50:34 - : 8
2019-02-25 17:50:34 - : http://localhost:8088/main
2019-02-25 17:50:34 -HTTP METHOD : GET
2019-02-25 17:50:34 -CLASS_METHOD : top.cflwork.controller.LoginController.main
2019-02-25 17:50:34 - : []
2019-02-25 17:50:34 - : 0
2019-02-25 17:50:34 - : http://localhost:8088/user/getInfo
2019-02-25 17:50:34 -HTTP METHOD : GET
2019-02-25 17:50:34 -CLASS_METHOD : top.cflwork.controller.UserController.getInfo
2019-02-25 17:50:34 - : []
2019-02-25 17:50:34 - : http://localhost:8088/oa/notify/message
2019-02-25 17:50:34 -HTTP METHOD : GET
2019-02-25 17:50:34 -CLASS_METHOD : top.cflwork.controller.NotifyController.message
2019-02-25 17:50:34 - : []
2019-02-25 17:50:34 - : 7
2019-02-25 17:50:34 - : 3
2019-02-25 17:50:34 - : http://localhost:8088/main
2019-02-25 17:50:34 -HTTP METHOD : GET
2019-02-25 17:50:34 -CLASS_METHOD : top.cflwork.controller.LoginController.main
2019-02-25 17:50:34 - : []
2019-02-25 17:50:34 - : 1
2019-02-25 17:50:36 - : http://localhost:8088/
2019-02-25 17:50:36 -HTTP METHOD : GET
2019-02-25 17:50:36 -CLASS_METHOD : top.cflwork.controller.LoginController.welcome
2019-02-25 17:50:36 - : [{}]
2019-02-25 17:50:36 - : 0
2019-02-25 17:50:36 - : http://localhost:8088/login
2019-02-25 17:50:36 -HTTP METHOD : GET
2019-02-25 17:50:36 -CLASS_METHOD : top.cflwork.controller.LoginController.login
2019-02-25 17:50:36 - : []
2019-02-25 17:50:36 - : 1
2019-02-25 17:50:37 - : http://localhost:8088/login
2019-02-25 17:50:37 -HTTP METHOD : POST
2019-02-25 17:50:37 -CLASS_METHOD : top.cflwork.controller.LoginController.ajaxLogin
2019-02-25 17:50:37 - : [admin, 96e79218965eb72c92a549dd5a330112]
2019-02-25 17:50:37 - : 3
2019-02-25 17:50:37 - : http://localhost:8088/index
2019-02-25 17:50:37 -HTTP METHOD : GET
2019-02-25 17:50:37 -CLASS_METHOD : top.cflwork.controller.LoginController.index
2019-02-25 17:50:37 - : [{}]
2019-02-25 17:50:37 - : 6
2019-02-25 17:50:37 - : http://localhost:8088/main
2019-02-25 17:50:37 -HTTP METHOD : GET
2019-02-25 17:50:37 -CLASS_METHOD : top.cflwork.controller.LoginController.main
2019-02-25 17:50:37 - : []
2019-02-25 17:50:37 - : 0
2019-02-25 17:50:37 - : http://localhost:8088/user/getInfo
2019-02-25 17:50:37 -HTTP METHOD : GET
2019-02-25 17:50:37 -CLASS_METHOD : top.cflwork.controller.UserController.getInfo
2019-02-25 17:50:37 - : []
2019-02-25 17:50:37 - : http://localhost:8088/oa/notify/message
2019-02-25 17:50:37 -HTTP METHOD : GET
2019-02-25 17:50:37 -CLASS_METHOD : top.cflwork.controller.NotifyController.message
2019-02-25 17:50:37 - : []
2019-02-25 17:50:37 - : 4
2019-02-25 17:50:37 - : 2
2019-02-25 17:50:37 - : http://localhost:8088/main
2019-02-25 17:50:37 -HTTP METHOD : GET
2019-02-25 17:50:37 -CLASS_METHOD : top.cflwork.controller.LoginController.main
2019-02-25 17:50:37 - : []
2019-02-25 17:50:37 - : 1
2019-02-25 17:50:43 - : http://localhost:8088/readUser/readUserPage
2019-02-25 17:50:43 -HTTP METHOD : GET
2019-02-25 17:50:43 -CLASS_METHOD : top.cflwork.controller.ReadUserController.ReadUser
2019-02-25 17:50:43 - : []
2019-02-25 17:50:43 - : 2
2019-02-25 17:50:43 - : http://localhost:8088/readUser/list
2019-02-25 17:50:43 -HTTP METHOD : POST
2019-02-25 17:50:43 -CLASS_METHOD : top.cflwork.controller.ReadUserController.list
2019-02-25 17:50:43 - : [ReadUserVo(id=null, name=null, sex=null, age=null, faceImg=null, phone=null, password=null, cardNum=null, cardPwd=null, cardRcDate=null, idCard=null, qq=null, wx=null, email=null, workAdress=null, isActive=null, remark=null, adress=null, updateTime=null, createTime=null, pager=Pager(pageIndex=0, pageSize=10, sort=create_time, order=desc))]
2019-02-25 17:50:43 - : 42
2019-02-25 17:50:52 - : http://localhost:8088/menu/menuPage/
2019-02-25 17:50:52 -HTTP METHOD : GET
2019-02-25 17:50:52 -CLASS_METHOD : top.cflwork.controller.MenuController.menu
2019-02-25 17:50:52 - : [{}]
2019-02-25 17:50:52 - : 0
2019-02-25 17:50:52 - : http://localhost:8088/menu/list
2019-02-25 17:50:52 -HTTP METHOD : GET
2019-02-25 17:50:52 -CLASS_METHOD : top.cflwork.controller.MenuController.list
2019-02-25 17:50:52 - : [{sort=order_num}]
2019-02-25 17:50:52 - : 18
2019-02-25 17:50:56 - : http://localhost:8088/role/rolePage/
2019-02-25 17:50:56 -HTTP METHOD : GET
2019-02-25 17:50:56 -CLASS_METHOD : top.cflwork.controller.RoleController.role
2019-02-25 17:50:56 - : []
2019-02-25 17:50:56 - : 0
2019-02-25 17:50:56 - : http://localhost:8088/role/list
2019-02-25 17:50:56 -HTTP METHOD : GET
2019-02-25 17:50:56 -CLASS_METHOD : top.cflwork.controller.RoleController.list
2019-02-25 17:50:56 - : []
2019-02-25 17:50:56 - : 2
2019-02-25 17:50:58 - : http://localhost:8088/role/edit/1
2019-02-25 17:50:58 -HTTP METHOD : GET
2019-02-25 17:50:58 -CLASS_METHOD : top.cflwork.controller.RoleController.edit
2019-02-25 17:50:58 - : [1, {}]
2019-02-25 17:50:58 - : 1
2019-02-25 17:50:58 - : http://localhost:8088/menu/tree/1
2019-02-25 17:50:58 -HTTP METHOD : GET
2019-02-25 17:50:58 -CLASS_METHOD : top.cflwork.controller.MenuController.tree
2019-02-25 17:50:58 - : [1]
2019-02-25 17:50:58 - : 25
2019-02-25 18:00:00 -jetcache stat from 2019-02-25 17:45:00,002 to 2019-02-25 18:00:00,001
cache|       qps|   rate|           get|           hit|          fail|        expire|avgLoadTime|maxLoadTime
-----+----------+-------+--------------+--------------+--------------+--------------+-----------+-----------
-----+----------+-------+--------------+--------------+--------------+--------------+-----------+-----------

2019-02-25 18:15:00 -jetcache stat from 2019-02-25 18:00:00,001 to 2019-02-25 18:15:00,002
cache|       qps|   rate|           get|           hit|          fail|        expire|avgLoadTime|maxLoadTime
-----+----------+-------+--------------+--------------+--------------+--------------+-----------+-----------
-----+----------+-------+--------------+--------------+--------------+--------------+-----------+-----------

2019-02-25 18:17:05 -WebSocketSession[1 current WS(1)-HttpStream(0)-HttpPoll(0), 3 total, 0 closed abnormally (0 connect failure, 0 send limit, 0 transport error)], stompSubProtocol[processed CONNECT(3)-CONNECTED(3)-DISCONNECT(0)], stompBrokerRelay[null], inboundChannel[pool size = 0, active threads = 0, queued tasks = 0, completed tasks = 33], outboundChannelpool size = 0, active threads = 0, queued tasks = 0, completed tasks = 5], sockJsScheduler[pool size = 4, active threads = 1, queued tasks = 2, completed tasks = 397]
2019-02-25 18:30:00 -jetcache stat from 2019-02-25 18:15:00,002 to 2019-02-25 18:30:00,000
cache|       qps|   rate|           get|           hit|          fail|        expire|avgLoadTime|maxLoadTime
-----+----------+-------+--------------+--------------+--------------+--------------+-----------+-----------
-----+----------+-------+--------------+--------------+--------------+--------------+-----------+-----------

