2019-01-18 16:51:25,396 - Target log system for org.apache.velocity.runtime.log.AvalonLogChute is not available (java.lang.NoClassDefFoundError: org/apache/log/Priority).  Falling back to next log system...
2019-01-18 16:51:25,396 - Trying to use logger class org.apache.velocity.runtime.log.Log4JLogChute
2019-01-18 16:51:25,396 - Using logger class org.apache.velocity.runtime.log.Log4JLogChute
2019-01-18 16:51:25,400 - ResourceLoader instantiated: org.apache.velocity.runtime.resource.loader.ClasspathResourceLoader
2019-01-18 16:51:25,405 - ResourceCache: initialized (class org.apache.velocity.runtime.resource.ResourceCacheImpl) with class java.util.Collections$SynchronizedMap cache map.
2019-01-18 16:51:25,408 - Loaded System Directive: org.apache.velocity.runtime.directive.Stop
2019-01-18 16:51:25,409 - Loaded System Directive: org.apache.velocity.runtime.directive.Define
2019-01-18 16:51:25,409 - Loaded System Directive: org.apache.velocity.runtime.directive.Break
2019-01-18 16:51:25,409 - Loaded System Directive: org.apache.velocity.runtime.directive.Evaluate
2019-01-18 16:51:25,410 - Loaded System Directive: org.apache.velocity.runtime.directive.Literal
2019-01-18 16:51:25,410 - Loaded System Directive: org.apache.velocity.runtime.directive.Macro
2019-01-18 16:51:25,411 - Loaded System Directive: org.apache.velocity.runtime.directive.Parse
2019-01-18 16:51:25,411 - Loaded System Directive: org.apache.velocity.runtime.directive.Include
2019-01-18 16:51:25,412 - Loaded System Directive: org.apache.velocity.runtime.directive.Foreach
2019-01-18 16:51:25,421 - Created '20' parsers.
2019-01-18 16:51:25,422 - Velocimacro : "velocimacro.library" is not set.  Trying default library: VM_global_library.vm
2019-01-18 16:51:25,425 - Could not load resource 'VM_global_library.vm' from ResourceLoader org.apache.velocity.runtime.resource.loader.ClasspathResourceLoader: ClasspathResourceLoader Error: cannot find resource VM_global_library.vm
2019-01-18 16:51:25,426 - Velocimacro : Default library not found.
2019-01-18 16:51:25,426 - Velocimacro : allowInline = true : VMs can be defined inline in templates
2019-01-18 16:51:25,426 - Velocimacro : allowInlineToOverride = false : VMs defined inline may NOT replace previous VM definitions
2019-01-18 16:51:25,426 - Velocimacro : allowInlineLocal = false : VMs defined inline will be global in scope if allowed.
2019-01-18 16:51:25,426 - Velocimacro : autoload off : VM system will not automatically reload global library macros
2019-01-18 16:51:25,439 - ResourceManager : found templates/generator/vo.java.vm with loader org.apache.velocity.runtime.resource.loader.ClasspathResourceLoader
2019-01-18 16:51:25,451 - ResourceManager : found templates/generator/Dao.java.vm with loader org.apache.velocity.runtime.resource.loader.ClasspathResourceLoader
2019-01-18 16:51:25,459 - ResourceManager : found templates/generator/Mapper.xml.vm with loader org.apache.velocity.runtime.resource.loader.ClasspathResourceLoader
2019-01-18 16:51:25,464 - Null reference [template 'templates/generator/Mapper.xml.vm', line 20, column 26] : ${pager.sort} cannot be resolved.
2019-01-18 16:51:25,464 - Null reference [template 'templates/generator/Mapper.xml.vm', line 20, column 40] : ${pager.order} cannot be resolved.
2019-01-18 16:51:25,467 - ResourceManager : found templates/generator/Service.java.vm with loader org.apache.velocity.runtime.resource.loader.ClasspathResourceLoader
2019-01-18 16:51:25,468 - ResourceManager : found templates/generator/ServiceImpl.java.vm with loader org.apache.velocity.runtime.resource.loader.ClasspathResourceLoader
2019-01-18 16:51:25,469 - ResourceManager : found templates/generator/Controller.java.vm with loader org.apache.velocity.runtime.resource.loader.ClasspathResourceLoader
2019-01-18 16:51:25,472 - ResourceManager : found templates/generator/page.html.vm with loader org.apache.velocity.runtime.resource.loader.ClasspathResourceLoader
2019-01-18 16:51:25,473 - ResourceManager : found templates/generator/js.js.vm with loader org.apache.velocity.runtime.resource.loader.ClasspathResourceLoader
2019-01-18 16:51:25,475 - ResourceManager : found templates/generator/list.html.vm with loader org.apache.velocity.runtime.resource.loader.ClasspathResourceLoader
2019-01-18 16:51:25,475 - ResourceManager : found templates/generator/add.html.vm with loader org.apache.velocity.runtime.resource.loader.ClasspathResourceLoader
2019-01-18 16:51:25,476 - ResourceManager : found templates/generator/edit.html.vm with loader org.apache.velocity.runtime.resource.loader.ClasspathResourceLoader
2019-01-18 16:51:25,477 - ResourceManager : found templates/generator/list.js.vm with loader org.apache.velocity.runtime.resource.loader.ClasspathResourceLoader
2019-01-18 16:51:25,477 - ResourceManager : found templates/generator/add.js.vm with loader org.apache.velocity.runtime.resource.loader.ClasspathResourceLoader
2019-01-18 16:51:25,478 - ResourceManager : found templates/generator/edit.js.vm with loader org.apache.velocity.runtime.resource.loader.ClasspathResourceLoader
2019-01-18 16:51:25,479 - ResourceManager : found templates/generator/menu.sql.vm with loader org.apache.velocity.runtime.resource.loader.ClasspathResourceLoader
2019-01-18 17:09:36,458 - Log4JLogChute initialized using file 'velocity.log'
2019-01-18 17:09:36,459 - Initializing Velocity, Calling init()...
2019-01-18 17:09:36,459 - Starting Apache Velocity v1.7 (compiled: 2010-11-19 12:14:37)
2019-01-18 17:09:36,459 - Default Properties File: org\apache\velocity\runtime\defaults\velocity.properties
2019-01-18 17:09:36,459 - Trying to use logger class org.apache.velocity.runtime.log.AvalonLogChute
2019-01-18 17:09:36,459 - Target log system for org.apache.velocity.runtime.log.AvalonLogChute is not available (java.lang.NoClassDefFoundError: org/apache/log/Priority).  Falling back to next log system...
2019-01-18 17:09:36,459 - Trying to use logger class org.apache.velocity.runtime.log.Log4JLogChute
2019-01-18 17:09:36,459 - Using logger class org.apache.velocity.runtime.log.Log4JLogChute
2019-01-18 17:09:36,461 - ResourceLoader instantiated: org.apache.velocity.runtime.resource.loader.ClasspathResourceLoader
2019-01-18 17:09:36,467 - ResourceCache: initialized (class org.apache.velocity.runtime.resource.ResourceCacheImpl) with class java.util.Collections$SynchronizedMap cache map.
2019-01-18 17:09:36,470 - Loaded System Directive: org.apache.velocity.runtime.directive.Stop
2019-01-18 17:09:36,470 - Loaded System Directive: org.apache.velocity.runtime.directive.Define
2019-01-18 17:09:36,471 - Loaded System Directive: org.apache.velocity.runtime.directive.Break
2019-01-18 17:09:36,471 - Loaded System Directive: org.apache.velocity.runtime.directive.Evaluate
2019-01-18 17:09:36,472 - Loaded System Directive: org.apache.velocity.runtime.directive.Literal
2019-01-18 17:09:36,472 - Loaded System Directive: org.apache.velocity.runtime.directive.Macro
2019-01-18 17:09:36,473 - Loaded System Directive: org.apache.velocity.runtime.directive.Parse
2019-01-18 17:09:36,473 - Loaded System Directive: org.apache.velocity.runtime.directive.Include
2019-01-18 17:09:36,474 - Loaded System Directive: org.apache.velocity.runtime.directive.Foreach
2019-01-18 17:09:36,484 - Created '20' parsers.
2019-01-18 17:09:36,486 - Velocimacro : "velocimacro.library" is not set.  Trying default library: VM_global_library.vm
2019-01-18 17:09:36,489 - Could not load resource 'VM_global_library.vm' from ResourceLoader org.apache.velocity.runtime.resource.loader.ClasspathResourceLoader: ClasspathResourceLoader Error: cannot find resource VM_global_library.vm
2019-01-18 17:09:36,489 - Velocimacro : Default library not found.
2019-01-18 17:09:36,489 - Velocimacro : allowInline = true : VMs can be defined inline in templates
2019-01-18 17:09:36,489 - Velocimacro : allowInlineToOverride = false : VMs defined inline may NOT replace previous VM definitions
2019-01-18 17:09:36,489 - Velocimacro : allowInlineLocal = false : VMs defined inline will be global in scope if allowed.
2019-01-18 17:09:36,489 - Velocimacro : autoload off : VM system will not automatically reload global library macros
2019-01-18 17:09:36,503 - ResourceManager : found templates/generator/vo.java.vm with loader org.apache.velocity.runtime.resource.loader.ClasspathResourceLoader
2019-01-18 17:09:36,514 - ResourceManager : found templates/generator/Dao.java.vm with loader org.apache.velocity.runtime.resource.loader.ClasspathResourceLoader
2019-01-18 17:09:36,523 - ResourceManager : found templates/generator/Mapper.xml.vm with loader org.apache.velocity.runtime.resource.loader.ClasspathResourceLoader
2019-01-18 17:09:36,529 - Null reference [template 'templates/generator/Mapper.xml.vm', line 20, column 26] : ${pager.sort} cannot be resolved.
2019-01-18 17:09:36,529 - Null reference [template 'templates/generator/Mapper.xml.vm', line 20, column 40] : ${pager.order} cannot be resolved.
2019-01-18 17:09:36,532 - ResourceManager : found templates/generator/Service.java.vm with loader org.apache.velocity.runtime.resource.loader.ClasspathResourceLoader
2019-01-18 17:09:36,535 - ResourceManager : found templates/generator/ServiceImpl.java.vm with loader org.apache.velocity.runtime.resource.loader.ClasspathResourceLoader
2019-01-18 17:09:36,537 - ResourceManager : found templates/generator/Controller.java.vm with loader org.apache.velocity.runtime.resource.loader.ClasspathResourceLoader
2019-01-18 17:09:36,539 - ResourceManager : found templates/generator/page.html.vm with loader org.apache.velocity.runtime.resource.loader.ClasspathResourceLoader
2019-01-18 17:09:36,541 - ResourceManager : found templates/generator/js.js.vm with loader org.apache.velocity.runtime.resource.loader.ClasspathResourceLoader
2019-01-18 17:09:36,543 - ResourceManager : found templates/generator/list.html.vm with loader org.apache.velocity.runtime.resource.loader.ClasspathResourceLoader
2019-01-18 17:09:36,544 - ResourceManager : found templates/generator/add.html.vm with loader org.apache.velocity.runtime.resource.loader.ClasspathResourceLoader
2019-01-18 17:09:36,546 - ResourceManager : found templates/generator/edit.html.vm with loader org.apache.velocity.runtime.resource.loader.ClasspathResourceLoader
2019-01-18 17:09:36,548 - ResourceManager : found templates/generator/list.js.vm with loader org.apache.velocity.runtime.resource.loader.ClasspathResourceLoader
2019-01-18 17:09:36,549 - ResourceManager : found templates/generator/add.js.vm with loader org.apache.velocity.runtime.resource.loader.ClasspathResourceLoader
2019-01-18 17:09:36,550 - ResourceManager : found templates/generator/edit.js.vm with loader org.apache.velocity.runtime.resource.loader.ClasspathResourceLoader
2019-01-18 17:09:36,551 - ResourceManager : found templates/generator/menu.sql.vm with loader org.apache.velocity.runtime.resource.loader.ClasspathResourceLoader
2019-01-18 17:17:17,024 - Log4JLogChute initialized using file 'velocity.log'
2019-01-18 17:17:17,025 - Initializing Velocity, Calling init()...
2019-01-18 17:17:17,025 - Starting Apache Velocity v1.7 (compiled: 2010-11-19 12:14:37)
2019-01-18 17:17:17,025 - Default Properties File: org\apache\velocity\runtime\defaults\velocity.properties
2019-01-18 17:17:17,025 - Trying to use logger class org.apache.velocity.runtime.log.AvalonLogChute
2019-01-18 17:17:17,025 - Target log system for org.apache.velocity.runtime.log.AvalonLogChute is not available (java.lang.NoClassDefFoundError: org/apache/log/Priority).  Falling back to next log system...
2019-01-18 17:17:17,025 - Trying to use logger class org.apache.velocity.runtime.log.Log4JLogChute
2019-01-18 17:17:17,025 - Using logger class org.apache.velocity.runtime.log.Log4JLogChute
2019-01-18 17:17:17,028 - ResourceLoader instantiated: org.apache.velocity.runtime.resource.loader.ClasspathResourceLoader
2019-01-18 17:17:17,034 - ResourceCache: initialized (class org.apache.velocity.runtime.resource.ResourceCacheImpl) with class java.util.Collections$SynchronizedMap cache map.
2019-01-18 17:17:17,036 - Loaded System Directive: org.apache.velocity.runtime.directive.Stop
2019-01-18 17:17:17,037 - Loaded System Directive: org.apache.velocity.runtime.directive.Define
2019-01-18 17:17:17,037 - Loaded System Directive: org.apache.velocity.runtime.directive.Break
2019-01-18 17:17:17,038 - Loaded System Directive: org.apache.velocity.runtime.directive.Evaluate
2019-01-18 17:17:17,038 - Loaded System Directive: org.apache.velocity.runtime.directive.Literal
2019-01-18 17:17:17,038 - Loaded System Directive: org.apache.velocity.runtime.directive.Macro
2019-01-18 17:17:17,039 - Loaded System Directive: org.apache.velocity.runtime.directive.Parse
2019-01-18 17:17:17,039 - Loaded System Directive: org.apache.velocity.runtime.directive.Include
2019-01-18 17:17:17,040 - Loaded System Directive: org.apache.velocity.runtime.directive.Foreach
2019-01-18 17:17:17,049 - Created '20' parsers.
2019-01-18 17:17:17,051 - Velocimacro : "velocimacro.library" is not set.  Trying default library: VM_global_library.vm
2019-01-18 17:17:17,053 - Could not load resource 'VM_global_library.vm' from ResourceLoader org.apache.velocity.runtime.resource.loader.ClasspathResourceLoader: ClasspathResourceLoader Error: cannot find resource VM_global_library.vm
2019-01-18 17:17:17,053 - Velocimacro : Default library not found.
2019-01-18 17:17:17,053 - Velocimacro : allowInline = true : VMs can be defined inline in templates
2019-01-18 17:17:17,053 - Velocimacro : allowInlineToOverride = false : VMs defined inline may NOT replace previous VM definitions
2019-01-18 17:17:17,053 - Velocimacro : allowInlineLocal = false : VMs defined inline will be global in scope if allowed.
2019-01-18 17:17:17,053 - Velocimacro : autoload off : VM system will not automatically reload global library macros
2019-01-18 17:17:17,067 - ResourceManager : found templates/generator/vo.java.vm with loader org.apache.velocity.runtime.resource.loader.ClasspathResourceLoader
2019-01-18 17:17:17,077 - ResourceManager : found templates/generator/Dao.java.vm with loader org.apache.velocity.runtime.resource.loader.ClasspathResourceLoader
2019-01-18 17:17:17,088 - ResourceManager : found templates/generator/Mapper.xml.vm with loader org.apache.velocity.runtime.resource.loader.ClasspathResourceLoader
2019-01-18 17:17:17,094 - Null reference [template 'templates/generator/Mapper.xml.vm', line 20, column 26] : ${pager.sort} cannot be resolved.
2019-01-18 17:17:17,094 - Null reference [template 'templates/generator/Mapper.xml.vm', line 20, column 40] : ${pager.order} cannot be resolved.
2019-01-18 17:17:17,097 - ResourceManager : found templates/generator/Service.java.vm with loader org.apache.velocity.runtime.resource.loader.ClasspathResourceLoader
2019-01-18 17:17:17,099 - ResourceManager : found templates/generator/ServiceImpl.java.vm with loader org.apache.velocity.runtime.resource.loader.ClasspathResourceLoader
2019-01-18 17:17:17,101 - ResourceManager : found templates/generator/Controller.java.vm with loader org.apache.velocity.runtime.resource.loader.ClasspathResourceLoader
2019-01-18 17:17:17,103 - ResourceManager : found templates/generator/page.html.vm with loader org.apache.velocity.runtime.resource.loader.ClasspathResourceLoader
2019-01-18 17:17:17,105 - ResourceManager : found templates/generator/js.js.vm with loader org.apache.velocity.runtime.resource.loader.ClasspathResourceLoader
2019-01-18 17:17:17,107 - ResourceManager : found templates/generator/list.html.vm with loader org.apache.velocity.runtime.resource.loader.ClasspathResourceLoader
2019-01-18 17:17:17,107 - ResourceManager : found templates/generator/add.html.vm with loader org.apache.velocity.runtime.resource.loader.ClasspathResourceLoader
2019-01-18 17:17:17,109 - ResourceManager : found templates/generator/edit.html.vm with loader org.apache.velocity.runtime.resource.loader.ClasspathResourceLoader
2019-01-18 17:17:17,111 - ResourceManager : found templates/generator/list.js.vm with loader org.apache.velocity.runtime.resource.loader.ClasspathResourceLoader
2019-01-18 17:17:17,112 - ResourceManager : found templates/generator/add.js.vm with loader org.apache.velocity.runtime.resource.loader.ClasspathResourceLoader
2019-01-18 17:17:17,112 - ResourceManager : found templates/generator/edit.js.vm with loader org.apache.velocity.runtime.resource.loader.ClasspathResourceLoader
2019-01-18 17:17:17,113 - ResourceManager : found templates/generator/menu.sql.vm with loader org.apache.velocity.runtime.resource.loader.ClasspathResourceLoader
2019-01-18 17:23:52,983 - Log4JLogChute initialized using file 'velocity.log'
2019-01-18 17:23:52,983 - Initializing Velocity, Calling init()...
2019-01-18 17:23:52,983 - Starting Apache Velocity v1.7 (compiled: 2010-11-19 12:14:37)
2019-01-18 17:23:52,983 - Default Properties File: org\apache\velocity\runtime\defaults\velocity.properties
2019-01-18 17:23:52,983 - Trying to use logger class org.apache.velocity.runtime.log.AvalonLogChute
2019-01-18 17:23:52,983 - Target log system for org.apache.velocity.runtime.log.AvalonLogChute is not available (java.lang.NoClassDefFoundError: org/apache/log/Priority).  Falling back to next log system...
2019-01-18 17:23:52,983 - Trying to use logger class org.apache.velocity.runtime.log.Log4JLogChute
2019-01-18 17:23:52,983 - Using logger class org.apache.velocity.runtime.log.Log4JLogChute
2019-01-18 17:23:52,985 - ResourceLoader instantiated: org.apache.velocity.runtime.resource.loader.ClasspathResourceLoader
2019-01-18 17:23:52,991 - ResourceCache: initialized (class org.apache.velocity.runtime.resource.ResourceCacheImpl) with class java.util.Collections$SynchronizedMap cache map.
2019-01-18 17:23:52,992 - Loaded System Directive: org.apache.velocity.runtime.directive.Stop
2019-01-18 17:23:52,993 - Loaded System Directive: org.apache.velocity.runtime.directive.Define
2019-01-18 17:23:52,993 - Loaded System Directive: org.apache.velocity.runtime.directive.Break
2019-01-18 17:23:52,994 - Loaded System Directive: org.apache.velocity.runtime.directive.Evaluate
2019-01-18 17:23:52,994 - Loaded System Directive: org.apache.velocity.runtime.directive.Literal
2019-01-18 17:23:52,995 - Loaded System Directive: org.apache.velocity.runtime.directive.Macro
2019-01-18 17:23:52,995 - Loaded System Directive: org.apache.velocity.runtime.directive.Parse
2019-01-18 17:23:52,996 - Loaded System Directive: org.apache.velocity.runtime.directive.Include
2019-01-18 17:23:52,997 - Loaded System Directive: org.apache.velocity.runtime.directive.Foreach
2019-01-18 17:23:53,007 - Created '20' parsers.
2019-01-18 17:23:53,008 - Velocimacro : "velocimacro.library" is not set.  Trying default library: VM_global_library.vm
2019-01-18 17:23:53,011 - Could not load resource 'VM_global_library.vm' from ResourceLoader org.apache.velocity.runtime.resource.loader.ClasspathResourceLoader: ClasspathResourceLoader Error: cannot find resource VM_global_library.vm
2019-01-18 17:23:53,011 - Velocimacro : Default library not found.
2019-01-18 17:23:53,011 - Velocimacro : allowInline = true : VMs can be defined inline in templates
2019-01-18 17:23:53,011 - Velocimacro : allowInlineToOverride = false : VMs defined inline may NOT replace previous VM definitions
2019-01-18 17:23:53,011 - Velocimacro : allowInlineLocal = false : VMs defined inline will be global in scope if allowed.
2019-01-18 17:23:53,011 - Velocimacro : autoload off : VM system will not automatically reload global library macros
2019-01-18 17:23:53,024 - ResourceManager : found templates/generator/vo.java.vm with loader org.apache.velocity.runtime.resource.loader.ClasspathResourceLoader
2019-01-18 17:23:53,036 - ResourceManager : found templates/generator/Dao.java.vm with loader org.apache.velocity.runtime.resource.loader.ClasspathResourceLoader
2019-01-18 17:23:53,044 - ResourceManager : found templates/generator/Mapper.xml.vm with loader org.apache.velocity.runtime.resource.loader.ClasspathResourceLoader
2019-01-18 17:23:53,049 - Null reference [template 'templates/generator/Mapper.xml.vm', line 20, column 26] : ${pager.sort} cannot be resolved.
2019-01-18 17:23:53,049 - Null reference [template 'templates/generator/Mapper.xml.vm', line 20, column 40] : ${pager.order} cannot be resolved.
2019-01-18 17:23:53,052 - ResourceManager : found templates/generator/Service.java.vm with loader org.apache.velocity.runtime.resource.loader.ClasspathResourceLoader
2019-01-18 17:23:53,054 - ResourceManager : found templates/generator/ServiceImpl.java.vm with loader org.apache.velocity.runtime.resource.loader.ClasspathResourceLoader
2019-01-18 17:23:53,055 - ResourceManager : found templates/generator/Controller.java.vm with loader org.apache.velocity.runtime.resource.loader.ClasspathResourceLoader
2019-01-18 17:23:53,058 - ResourceManager : found templates/generator/page.html.vm with loader org.apache.velocity.runtime.resource.loader.ClasspathResourceLoader
2019-01-18 17:23:53,061 - ResourceManager : found templates/generator/js.js.vm with loader org.apache.velocity.runtime.resource.loader.ClasspathResourceLoader
2019-01-18 17:23:53,062 - ResourceManager : found templates/generator/list.html.vm with loader org.apache.velocity.runtime.resource.loader.ClasspathResourceLoader
2019-01-18 17:23:53,062 - ResourceManager : found templates/generator/add.html.vm with loader org.apache.velocity.runtime.resource.loader.ClasspathResourceLoader
2019-01-18 17:23:53,063 - ResourceManager : found templates/generator/edit.html.vm with loader org.apache.velocity.runtime.resource.loader.ClasspathResourceLoader
2019-01-18 17:23:53,065 - ResourceManager : found templates/generator/list.js.vm with loader org.apache.velocity.runtime.resource.loader.ClasspathResourceLoader
2019-01-18 17:23:53,066 - ResourceManager : found templates/generator/add.js.vm with loader org.apache.velocity.runtime.resource.loader.ClasspathResourceLoader
2019-01-18 17:23:53,067 - ResourceManager : found templates/generator/edit.js.vm with loader org.apache.velocity.runtime.resource.loader.ClasspathResourceLoader
2019-01-18 17:23:53,068 - ResourceManager : found templates/generator/menu.sql.vm with loader org.apache.velocity.runtime.resource.loader.ClasspathResourceLoader
2019-01-18 17:36:12,491 - Log4JLogChute initialized using file 'velocity.log'
2019-01-18 17:36:12,491 - Initializing Velocity, Calling init()...
2019-01-18 17:36:12,491 - Starting Apache Velocity v1.7 (compiled: 2010-11-19 12:14:37)
2019-01-18 17:36:12,491 - Default Properties File: org\apache\velocity\runtime\defaults\velocity.properties
2019-01-18 17:36:12,491 - Trying to use logger class org.apache.velocity.runtime.log.AvalonLogChute
2019-01-18 17:36:12,491 - Target log system for org.apache.velocity.runtime.log.AvalonLogChute is not available (java.lang.NoClassDefFoundError: org/apache/log/Priority).  Falling back to next log system...
2019-01-18 17:36:12,491 - Trying to use logger class org.apache.velocity.runtime.log.Log4JLogChute
2019-01-18 17:36:12,491 - Using logger class org.apache.velocity.runtime.log.Log4JLogChute
2019-01-18 17:36:12,493 - ResourceLoader instantiated: org.apache.velocity.runtime.resource.loader.ClasspathResourceLoader
2019-01-18 17:36:12,498 - ResourceCache: initialized (class org.apache.velocity.runtime.resource.ResourceCacheImpl) with class java.util.Collections$SynchronizedMap cache map.
2019-01-18 17:36:12,499 - Loaded System Directive: org.apache.velocity.runtime.directive.Stop
2019-01-18 17:36:12,500 - Loaded System Directive: org.apache.velocity.runtime.directive.Define
2019-01-18 17:36:12,501 - Loaded System Directive: org.apache.velocity.runtime.directive.Break
2019-01-18 17:36:12,501 - Loaded System Directive: org.apache.velocity.runtime.directive.Evaluate
2019-01-18 17:36:12,502 - Loaded System Directive: org.apache.velocity.runtime.directive.Literal
2019-01-18 17:36:12,502 - Loaded System Directive: org.apache.velocity.runtime.directive.Macro
2019-01-18 17:36:12,504 - Loaded System Directive: org.apache.velocity.runtime.directive.Parse
2019-01-18 17:36:12,504 - Loaded System Directive: org.apache.velocity.runtime.directive.Include
2019-01-18 17:36:12,505 - Loaded System Directive: org.apache.velocity.runtime.directive.Foreach
2019-01-18 17:36:12,513 - Created '20' parsers.
2019-01-18 17:36:12,515 - Velocimacro : "velocimacro.library" is not set.  Trying default library: VM_global_library.vm
2019-01-18 17:36:12,518 - Could not load resource 'VM_global_library.vm' from ResourceLoader org.apache.velocity.runtime.resource.loader.ClasspathResourceLoader: ClasspathResourceLoader Error: cannot find resource VM_global_library.vm
2019-01-18 17:36:12,518 - Velocimacro : Default library not found.
2019-01-18 17:36:12,518 - Velocimacro : allowInline = true : VMs can be defined inline in templates
2019-01-18 17:36:12,518 - Velocimacro : allowInlineToOverride = false : VMs defined inline may NOT replace previous VM definitions
2019-01-18 17:36:12,518 - Velocimacro : allowInlineLocal = false : VMs defined inline will be global in scope if allowed.
2019-01-18 17:36:12,518 - Velocimacro : autoload off : VM system will not automatically reload global library macros
2019-01-18 17:36:12,531 - ResourceManager : found templates/generator/vo.java.vm with loader org.apache.velocity.runtime.resource.loader.ClasspathResourceLoader
2019-01-18 17:36:12,541 - ResourceManager : found templates/generator/Dao.java.vm with loader org.apache.velocity.runtime.resource.loader.ClasspathResourceLoader
2019-01-18 17:36:12,550 - ResourceManager : found templates/generator/Mapper.xml.vm with loader org.apache.velocity.runtime.resource.loader.ClasspathResourceLoader
2019-01-18 17:36:12,556 - Null reference [template 'templates/generator/Mapper.xml.vm', line 20, column 26] : ${pager.sort} cannot be resolved.
2019-01-18 17:36:12,556 - Null reference [template 'templates/generator/Mapper.xml.vm', line 20, column 40] : ${pager.order} cannot be resolved.
2019-01-18 17:36:12,558 - ResourceManager : found templates/generator/Service.java.vm with loader org.apache.velocity.runtime.resource.loader.ClasspathResourceLoader
2019-01-18 17:36:12,559 - ResourceManager : found templates/generator/ServiceImpl.java.vm with loader org.apache.velocity.runtime.resource.loader.ClasspathResourceLoader
2019-01-18 17:36:12,562 - ResourceManager : found templates/generator/Controller.java.vm with loader org.apache.velocity.runtime.resource.loader.ClasspathResourceLoader
2019-01-18 17:36:12,565 - ResourceManager : found templates/generator/page.html.vm with loader org.apache.velocity.runtime.resource.loader.ClasspathResourceLoader
2019-01-18 17:36:12,567 - ResourceManager : found templates/generator/js.js.vm with loader org.apache.velocity.runtime.resource.loader.ClasspathResourceLoader
2019-01-18 17:36:12,569 - ResourceManager : found templates/generator/list.html.vm with loader org.apache.velocity.runtime.resource.loader.ClasspathResourceLoader
2019-01-18 17:36:12,570 - ResourceManager : found templates/generator/add.html.vm with loader org.apache.velocity.runtime.resource.loader.ClasspathResourceLoader
2019-01-18 17:36:12,571 - ResourceManager : found templates/generator/edit.html.vm with loader org.apache.velocity.runtime.resource.loader.ClasspathResourceLoader
2019-01-18 17:36:12,572 - ResourceManager : found templates/generator/list.js.vm with loader org.apache.velocity.runtime.resource.loader.ClasspathResourceLoader
2019-01-18 17:36:12,573 - ResourceManager : found templates/generator/add.js.vm with loader org.apache.velocity.runtime.resource.loader.ClasspathResourceLoader
2019-01-18 17:36:12,574 - ResourceManager : found templates/generator/edit.js.vm with loader org.apache.velocity.runtime.resource.loader.ClasspathResourceLoader
2019-01-18 17:36:12,575 - ResourceManager : found templates/generator/menu.sql.vm with loader org.apache.velocity.runtime.resource.loader.ClasspathResourceLoader
2019-01-18 17:43:53,715 - ResourceManager : found templates/generator/vo.java.vm with loader org.apache.velocity.runtime.resource.loader.ClasspathResourceLoader
2019-01-18 17:43:53,717 - ResourceManager : found templates/generator/Dao.java.vm with loader org.apache.velocity.runtime.resource.loader.ClasspathResourceLoader
2019-01-18 17:43:53,720 - ResourceManager : found templates/generator/Mapper.xml.vm with loader org.apache.velocity.runtime.resource.loader.ClasspathResourceLoader
2019-01-18 17:43:53,720 - Null reference [template 'templates/generator/Mapper.xml.vm', line 20, column 26] : ${pager.sort} cannot be resolved.
2019-01-18 17:43:53,721 - Null reference [template 'templates/generator/Mapper.xml.vm', line 20, column 40] : ${pager.order} cannot be resolved.
2019-01-18 17:43:53,742 - ResourceManager : found templates/generator/Service.java.vm with loader org.apache.velocity.runtime.resource.loader.ClasspathResourceLoader
2019-01-18 17:43:53,743 - ResourceManager : found templates/generator/ServiceImpl.java.vm with loader org.apache.velocity.runtime.resource.loader.ClasspathResourceLoader
2019-01-18 17:43:53,744 - ResourceManager : found templates/generator/Controller.java.vm with loader org.apache.velocity.runtime.resource.loader.ClasspathResourceLoader
2019-01-18 17:43:53,745 - ResourceManager : found templates/generator/page.html.vm with loader org.apache.velocity.runtime.resource.loader.ClasspathResourceLoader
2019-01-18 17:43:53,747 - ResourceManager : found templates/generator/js.js.vm with loader org.apache.velocity.runtime.resource.loader.ClasspathResourceLoader
2019-01-18 17:43:53,748 - ResourceManager : found templates/generator/list.html.vm with loader org.apache.velocity.runtime.resource.loader.ClasspathResourceLoader
2019-01-18 17:43:53,748 - ResourceManager : found templates/generator/add.html.vm with loader org.apache.velocity.runtime.resource.loader.ClasspathResourceLoader
2019-01-18 17:43:53,749 - ResourceManager : found templates/generator/edit.html.vm with loader org.apache.velocity.runtime.resource.loader.ClasspathResourceLoader
2019-01-18 17:43:53,750 - ResourceManager : found templates/generator/list.js.vm with loader org.apache.velocity.runtime.resource.loader.ClasspathResourceLoader
2019-01-18 17:43:53,751 - ResourceManager : found templates/generator/add.js.vm with loader org.apache.velocity.runtime.resource.loader.ClasspathResourceLoader
2019-01-18 17:43:53,751 - ResourceManager : found templates/generator/edit.js.vm with loader org.apache.velocity.runtime.resource.loader.ClasspathResourceLoader
2019-01-18 17:43:53,752 - ResourceManager : found templates/generator/menu.sql.vm with loader org.apache.velocity.runtime.resource.loader.ClasspathResourceLoader
2019-01-18 17:55:59,923 - Log4JLogChute initialized using file 'velocity.log'
2019-01-18 17:55:59,924 - Initializing Velocity, Calling init()...
2019-01-18 17:55:59,924 - Starting Apache Velocity v1.7 (compiled: 2010-11-19 12:14:37)
2019-01-18 17:55:59,924 - Default Properties File: org\apache\velocity\runtime\defaults\velocity.properties
2019-01-18 17:55:59,924 - Trying to use logger class org.apache.velocity.runtime.log.AvalonLogChute
2019-01-18 17:55:59,924 - Target log system for org.apache.velocity.runtime.log.AvalonLogChute is not available (java.lang.NoClassDefFoundError: org/apache/log/Priority).  Falling back to next log system...
2019-01-18 17:55:59,924 - Trying to use logger class org.apache.velocity.runtime.log.Log4JLogChute
2019-01-18 17:55:59,924 - Using logger class org.apache.velocity.runtime.log.Log4JLogChute
2019-01-18 17:55:59,927 - ResourceLoader instantiated: org.apache.velocity.runtime.resource.loader.ClasspathResourceLoader
2019-01-18 17:55:59,932 - ResourceCache: initialized (class org.apache.velocity.runtime.resource.ResourceCacheImpl) with class java.util.Collections$SynchronizedMap cache map.
2019-01-18 17:55:59,933 - Loaded System Directive: org.apache.velocity.runtime.directive.Stop
2019-01-18 17:55:59,934 - Loaded System Directive: org.apache.velocity.runtime.directive.Define
2019-01-18 17:55:59,935 - Loaded System Directive: org.apache.velocity.runtime.directive.Break
2019-01-18 17:55:59,937 - Loaded System Directive: org.apache.velocity.runtime.directive.Evaluate
2019-01-18 17:55:59,937 - Loaded System Directive: org.apache.velocity.runtime.directive.Literal
2019-01-18 17:55:59,938 - Loaded System Directive: org.apache.velocity.runtime.directive.Macro
2019-01-18 17:55:59,938 - Loaded System Directive: org.apache.velocity.runtime.directive.Parse
2019-01-18 17:55:59,939 - Loaded System Directive: org.apache.velocity.runtime.directive.Include
2019-01-18 17:55:59,939 - Loaded System Directive: org.apache.velocity.runtime.directive.Foreach
2019-01-18 17:55:59,948 - Created '20' parsers.
2019-01-18 17:55:59,951 - Velocimacro : "velocimacro.library" is not set.  Trying default library: VM_global_library.vm
2019-01-18 17:55:59,954 - Could not load resource 'VM_global_library.vm' from ResourceLoader org.apache.velocity.runtime.resource.loader.ClasspathResourceLoader: ClasspathResourceLoader Error: cannot find resource VM_global_library.vm
2019-01-18 17:55:59,954 - Velocimacro : Default library not found.
2019-01-18 17:55:59,954 - Velocimacro : allowInline = true : VMs can be defined inline in templates
2019-01-18 17:55:59,954 - Velocimacro : allowInlineToOverride = false : VMs defined inline may NOT replace previous VM definitions
2019-01-18 17:55:59,954 - Velocimacro : allowInlineLocal = false : VMs defined inline will be global in scope if allowed.
2019-01-18 17:55:59,954 - Velocimacro : autoload off : VM system will not automatically reload global library macros
2019-01-18 17:55:59,968 - ResourceManager : found templates/generator/vo.java.vm with loader org.apache.velocity.runtime.resource.loader.ClasspathResourceLoader
2019-01-18 17:55:59,981 - ResourceManager : found templates/generator/Dao.java.vm with loader org.apache.velocity.runtime.resource.loader.ClasspathResourceLoader
2019-01-18 17:55:59,990 - ResourceManager : found templates/generator/Mapper.xml.vm with loader org.apache.velocity.runtime.resource.loader.ClasspathResourceLoader
2019-01-18 17:55:59,995 - Null reference [template 'templates/generator/Mapper.xml.vm', line 20, column 26] : ${pager.sort} cannot be resolved.
2019-01-18 17:55:59,995 - Null reference [template 'templates/generator/Mapper.xml.vm', line 20, column 40] : ${pager.order} cannot be resolved.
2019-01-18 17:55:59,998 - ResourceManager : found templates/generator/Service.java.vm with loader org.apache.velocity.runtime.resource.loader.ClasspathResourceLoader
2019-01-18 17:55:59,999 - ResourceManager : found templates/generator/ServiceImpl.java.vm with loader org.apache.velocity.runtime.resource.loader.ClasspathResourceLoader
2019-01-18 17:56:00,001 - ResourceManager : found templates/generator/Controller.java.vm with loader org.apache.velocity.runtime.resource.loader.ClasspathResourceLoader
2019-01-18 17:56:00,004 - ResourceManager : found templates/generator/page.html.vm with loader org.apache.velocity.runtime.resource.loader.ClasspathResourceLoader
2019-01-18 17:56:00,006 - ResourceManager : found templates/generator/js.js.vm with loader org.apache.velocity.runtime.resource.loader.ClasspathResourceLoader
2019-01-18 17:56:00,007 - ResourceManager : found templates/generator/list.html.vm with loader org.apache.velocity.runtime.resource.loader.ClasspathResourceLoader
2019-01-18 17:56:00,008 - ResourceManager : found templates/generator/add.html.vm with loader org.apache.velocity.runtime.resource.loader.ClasspathResourceLoader
2019-01-18 17:56:00,009 - ResourceManager : found templates/generator/edit.html.vm with loader org.apache.velocity.runtime.resource.loader.ClasspathResourceLoader
2019-01-18 17:56:00,011 - ResourceManager : found templates/generator/list.js.vm with loader org.apache.velocity.runtime.resource.loader.ClasspathResourceLoader
2019-01-18 17:56:00,012 - ResourceManager : found templates/generator/add.js.vm with loader org.apache.velocity.runtime.resource.loader.ClasspathResourceLoader
2019-01-18 17:56:00,012 - ResourceManager : found templates/generator/edit.js.vm with loader org.apache.velocity.runtime.resource.loader.ClasspathResourceLoader
2019-01-18 17:56:00,013 - ResourceManager : found templates/generator/menu.sql.vm with loader org.apache.velocity.runtime.resource.loader.ClasspathResourceLoader
2019-02-28 14:08:14,694 - Log4JLogChute initialized using file 'velocity.log'
2019-02-28 14:08:14,702 - Initializing Velocity, Calling init()...
2019-02-28 14:08:14,702 - Starting Apache Velocity v1.7 (compiled: 2010-11-19 12:14:37)
2019-02-28 14:08:14,702 - Default Properties File: org\apache\velocity\runtime\defaults\velocity.properties
2019-02-28 14:08:14,713 - Trying to use logger class org.apache.velocity.runtime.log.AvalonLogChute
2019-02-28 14:08:14,713 - Target log system for org.apache.velocity.runtime.log.AvalonLogChute is not available (java.lang.NoClassDefFoundError: org/apache/log/Priority).  Falling back to next log system...
2019-02-28 14:08:14,713 - Trying to use logger class org.apache.velocity.runtime.log.Log4JLogChute
2019-02-28 14:08:14,713 - Using logger class org.apache.velocity.runtime.log.Log4JLogChute
2019-02-28 14:08:14,716 - ResourceLoader instantiated: org.apache.velocity.runtime.resource.loader.ClasspathResourceLoader
2019-02-28 14:08:14,724 - ResourceCache: initialized (class org.apache.velocity.runtime.resource.ResourceCacheImpl) with class java.util.Collections$SynchronizedMap cache map.
2019-02-28 14:08:14,726 - Loaded System Directive: org.apache.velocity.runtime.directive.Stop
2019-02-28 14:08:14,726 - Loaded System Directive: org.apache.velocity.runtime.directive.Define
2019-02-28 14:08:14,727 - Loaded System Directive: org.apache.velocity.runtime.directive.Break
2019-02-28 14:08:14,727 - Loaded System Directive: org.apache.velocity.runtime.directive.Evaluate
2019-02-28 14:08:14,727 - Loaded System Directive: org.apache.velocity.runtime.directive.Literal
2019-02-28 14:08:14,728 - Loaded System Directive: org.apache.velocity.runtime.directive.Macro
2019-02-28 14:08:14,729 - Loaded System Directive: org.apache.velocity.runtime.directive.Parse
2019-02-28 14:08:14,729 - Loaded System Directive: org.apache.velocity.runtime.directive.Include
2019-02-28 14:08:14,730 - Loaded System Directive: org.apache.velocity.runtime.directive.Foreach
2019-02-28 14:08:14,740 - Created '20' parsers.
2019-02-28 14:08:14,741 - Velocimacro : "velocimacro.library" is not set.  Trying default library: VM_global_library.vm
2019-02-28 14:08:14,743 - Could not load resource 'VM_global_library.vm' from ResourceLoader org.apache.velocity.runtime.resource.loader.ClasspathResourceLoader: ClasspathResourceLoader Error: cannot find resource VM_global_library.vm
2019-02-28 14:08:14,743 - Velocimacro : Default library not found.
2019-02-28 14:08:14,743 - Velocimacro : allowInline = true : VMs can be defined inline in templates
2019-02-28 14:08:14,743 - Velocimacro : allowInlineToOverride = false : VMs defined inline may NOT replace previous VM definitions
2019-02-28 14:08:14,743 - Velocimacro : allowInlineLocal = false : VMs defined inline will be global in scope if allowed.
2019-02-28 14:08:14,743 - Velocimacro : autoload off : VM system will not automatically reload global library macros
2019-02-28 14:08:14,753 - ResourceManager : found templates/generator/vo.java.vm with loader org.apache.velocity.runtime.resource.loader.ClasspathResourceLoader
2019-02-28 14:08:14,780 - ResourceManager : found templates/generator/Dao.java.vm with loader org.apache.velocity.runtime.resource.loader.ClasspathResourceLoader
2019-02-28 14:08:14,787 - ResourceManager : found templates/generator/Mapper.xml.vm with loader org.apache.velocity.runtime.resource.loader.ClasspathResourceLoader
2019-02-28 14:08:14,792 - Null reference [template 'templates/generator/Mapper.xml.vm', line 20, column 26] : ${pager.sort} cannot be resolved.
2019-02-28 14:08:14,792 - Null reference [template 'templates/generator/Mapper.xml.vm', line 20, column 40] : ${pager.order} cannot be resolved.
2019-02-28 14:08:14,803 - ResourceManager : found templates/generator/Service.java.vm with loader org.apache.velocity.runtime.resource.loader.ClasspathResourceLoader
2019-02-28 14:08:14,804 - ResourceManager : found templates/generator/ServiceImpl.java.vm with loader org.apache.velocity.runtime.resource.loader.ClasspathResourceLoader
2019-02-28 14:08:14,810 - ResourceManager : found templates/generator/Controller.java.vm with loader org.apache.velocity.runtime.resource.loader.ClasspathResourceLoader
2019-02-28 14:08:14,824 - ResourceManager : found templates/generator/page.html.vm with loader org.apache.velocity.runtime.resource.loader.ClasspathResourceLoader
2019-02-28 14:08:14,832 - ResourceManager : found templates/generator/js.js.vm with loader org.apache.velocity.runtime.resource.loader.ClasspathResourceLoader
2019-02-28 14:08:14,833 - ResourceManager : found templates/generator/list.html.vm with loader org.apache.velocity.runtime.resource.loader.ClasspathResourceLoader
2019-02-28 14:08:14,844 - ResourceManager : found templates/generator/add.html.vm with loader org.apache.velocity.runtime.resource.loader.ClasspathResourceLoader
2019-02-28 14:08:14,852 - ResourceManager : found templates/generator/edit.html.vm with loader org.apache.velocity.runtime.resource.loader.ClasspathResourceLoader
2019-02-28 14:08:14,857 - ResourceManager : found templates/generator/list.js.vm with loader org.apache.velocity.runtime.resource.loader.ClasspathResourceLoader
2019-02-28 14:08:14,866 - ResourceManager : found templates/generator/add.js.vm with loader org.apache.velocity.runtime.resource.loader.ClasspathResourceLoader
2019-02-28 14:08:14,869 - ResourceManager : found templates/generator/edit.js.vm with loader org.apache.velocity.runtime.resource.loader.ClasspathResourceLoader
2019-02-28 14:08:14,870 - ResourceManager : found templates/generator/menu.sql.vm with loader org.apache.velocity.runtime.resource.loader.ClasspathResourceLoader
2019-03-01 17:27:02,505 - Log4JLogChute initialized using file 'velocity.log'
2019-03-01 17:27:02,514 - Initializing Velocity, Calling init()...
2019-03-01 17:27:02,514 - Starting Apache Velocity v1.7 (compiled: 2010-11-19 12:14:37)
2019-03-01 17:27:02,514 - Default Properties File: org\apache\velocity\runtime\defaults\velocity.properties
2019-03-01 17:27:02,514 - Trying to use logger class org.apache.velocity.runtime.log.AvalonLogChute
2019-03-01 17:27:02,514 - Target log system for org.apache.velocity.runtime.log.AvalonLogChute is not available (java.lang.NoClassDefFoundError: org/apache/log/Priority).  Falling back to next log system...
2019-03-01 17:27:02,514 - Trying to use logger class org.apache.velocity.runtime.log.Log4JLogChute
2019-03-01 17:27:02,514 - Using logger class org.apache.velocity.runtime.log.Log4JLogChute
2019-03-01 17:27:02,517 - ResourceLoader instantiated: org.apache.velocity.runtime.resource.loader.ClasspathResourceLoader
2019-03-01 17:27:02,525 - ResourceCache: initialized (class org.apache.velocity.runtime.resource.ResourceCacheImpl) with class java.util.Collections$SynchronizedMap cache map.
2019-03-01 17:27:02,526 - Loaded System Directive: org.apache.velocity.runtime.directive.Stop
2019-03-01 17:27:02,527 - Loaded System Directive: org.apache.velocity.runtime.directive.Define
2019-03-01 17:27:02,527 - Loaded System Directive: org.apache.velocity.runtime.directive.Break
2019-03-01 17:27:02,527 - Loaded System Directive: org.apache.velocity.runtime.directive.Evaluate
2019-03-01 17:27:02,528 - Loaded System Directive: org.apache.velocity.runtime.directive.Literal
2019-03-01 17:27:02,528 - Loaded System Directive: org.apache.velocity.runtime.directive.Macro
2019-03-01 17:27:02,529 - Loaded System Directive: org.apache.velocity.runtime.directive.Parse
2019-03-01 17:27:02,529 - Loaded System Directive: org.apache.velocity.runtime.directive.Include
2019-03-01 17:27:02,529 - Loaded System Directive: org.apache.velocity.runtime.directive.Foreach
2019-03-01 17:27:02,539 - Created '20' parsers.
2019-03-01 17:27:02,541 - Velocimacro : "velocimacro.library" is not set.  Trying default library: VM_global_library.vm
2019-03-01 17:27:02,543 - Could not load resource 'VM_global_library.vm' from ResourceLoader org.apache.velocity.runtime.resource.loader.ClasspathResourceLoader: ClasspathResourceLoader Error: cannot find resource VM_global_library.vm
2019-03-01 17:27:02,543 - Velocimacro : Default library not found.
2019-03-01 17:27:02,543 - Velocimacro : allowInline = true : VMs can be defined inline in templates
2019-03-01 17:27:02,543 - Velocimacro : allowInlineToOverride = false : VMs defined inline may NOT replace previous VM definitions
2019-03-01 17:27:02,543 - Velocimacro : allowInlineLocal = false : VMs defined inline will be global in scope if allowed.
2019-03-01 17:27:02,543 - Velocimacro : autoload off : VM system will not automatically reload global library macros
2019-03-01 17:27:02,554 - ResourceManager : found templates/generator/vo.java.vm with loader org.apache.velocity.runtime.resource.loader.ClasspathResourceLoader
2019-03-01 17:27:02,581 - ResourceManager : found templates/generator/Dao.java.vm with loader org.apache.velocity.runtime.resource.loader.ClasspathResourceLoader
2019-03-01 17:27:02,600 - ResourceManager : found templates/generator/Mapper.xml.vm with loader org.apache.velocity.runtime.resource.loader.ClasspathResourceLoader
2019-03-01 17:27:02,607 - Null reference [template 'templates/generator/Mapper.xml.vm', line 20, column 26] : ${pager.sort} cannot be resolved.
2019-03-01 17:27:02,607 - Null reference [template 'templates/generator/Mapper.xml.vm', line 20, column 40] : ${pager.order} cannot be resolved.
2019-03-01 17:27:02,620 - ResourceManager : found templates/generator/Service.java.vm with loader org.apache.velocity.runtime.resource.loader.ClasspathResourceLoader
2019-03-01 17:27:02,622 - ResourceManager : found templates/generator/ServiceImpl.java.vm with loader org.apache.velocity.runtime.resource.loader.ClasspathResourceLoader
2019-03-01 17:27:02,627 - ResourceManager : found templates/generator/Controller.java.vm with loader org.apache.velocity.runtime.resource.loader.ClasspathResourceLoader
2019-03-01 17:27:02,648 - ResourceManager : found templates/generator/page.html.vm with loader org.apache.velocity.runtime.resource.loader.ClasspathResourceLoader
2019-03-01 17:27:02,659 - ResourceManager : found templates/generator/js.js.vm with loader org.apache.velocity.runtime.resource.loader.ClasspathResourceLoader
2019-03-01 17:27:02,661 - ResourceManager : found templates/generator/list.html.vm with loader org.apache.velocity.runtime.resource.loader.ClasspathResourceLoader
2019-03-01 17:27:02,669 - ResourceManager : found templates/generator/add.html.vm with loader org.apache.velocity.runtime.resource.loader.ClasspathResourceLoader
2019-03-01 17:27:02,677 - ResourceManager : found templates/generator/edit.html.vm with loader org.apache.velocity.runtime.resource.loader.ClasspathResourceLoader
2019-03-01 17:27:02,684 - ResourceManager : found templates/generator/list.js.vm with loader org.apache.velocity.runtime.resource.loader.ClasspathResourceLoader
2019-03-01 17:27:02,691 - ResourceManager : found templates/generator/add.js.vm with loader org.apache.velocity.runtime.resource.loader.ClasspathResourceLoader
2019-03-01 17:27:02,703 - ResourceManager : found templates/generator/edit.js.vm with loader org.apache.velocity.runtime.resource.loader.ClasspathResourceLoader
2019-03-01 17:27:02,705 - ResourceManager : found templates/generator/menu.sql.vm with loader org.apache.velocity.runtime.resource.loader.ClasspathResourceLoader
2019-03-07 15:13:54,896 - Log4JLogChute initialized using file 'velocity.log'
2019-03-07 15:13:54,916 - Initializing Velocity, Calling init()...
2019-03-07 15:13:54,916 - Starting Apache Velocity v1.7 (compiled: 2010-11-19 12:14:37)
2019-03-07 15:13:54,916 - Default Properties File: org\apache\velocity\runtime\defaults\velocity.properties
2019-03-07 15:13:54,916 - Trying to use logger class org.apache.velocity.runtime.log.AvalonLogChute
2019-03-07 15:13:54,916 - Target log system for org.apache.velocity.runtime.log.AvalonLogChute is not available (java.lang.NoClassDefFoundError: org/apache/log/Priority).  Falling back to next log system...
2019-03-07 15:13:54,916 - Trying to use logger class org.apache.velocity.runtime.log.Log4JLogChute
2019-03-07 15:13:54,916 - Using logger class org.apache.velocity.runtime.log.Log4JLogChute
2019-03-07 15:13:54,920 - ResourceLoader instantiated: org.apache.velocity.runtime.resource.loader.ClasspathResourceLoader
2019-03-07 15:13:54,927 - ResourceCache: initialized (class org.apache.velocity.runtime.resource.ResourceCacheImpl) with class java.util.Collections$SynchronizedMap cache map.
2019-03-07 15:13:54,933 - Loaded System Directive: org.apache.velocity.runtime.directive.Stop
2019-03-07 15:13:54,933 - Loaded System Directive: org.apache.velocity.runtime.directive.Define
2019-03-07 15:13:54,934 - Loaded System Directive: org.apache.velocity.runtime.directive.Break
2019-03-07 15:13:54,934 - Loaded System Directive: org.apache.velocity.runtime.directive.Evaluate
2019-03-07 15:13:54,934 - Loaded System Directive: org.apache.velocity.runtime.directive.Literal
2019-03-07 15:13:54,935 - Loaded System Directive: org.apache.velocity.runtime.directive.Macro
2019-03-07 15:13:54,936 - Loaded System Directive: org.apache.velocity.runtime.directive.Parse
2019-03-07 15:13:54,937 - Loaded System Directive: org.apache.velocity.runtime.directive.Include
2019-03-07 15:13:54,938 - Loaded System Directive: org.apache.velocity.runtime.directive.Foreach
2019-03-07 15:13:54,946 - Created '20' parsers.
2019-03-07 15:13:54,948 - Velocimacro : "velocimacro.library" is not set.  Trying default library: VM_global_library.vm
2019-03-07 15:13:54,950 - Could not load resource 'VM_global_library.vm' from ResourceLoader org.apache.velocity.runtime.resource.loader.ClasspathResourceLoader: ClasspathResourceLoader Error: cannot find resource VM_global_library.vm
2019-03-07 15:13:54,950 - Velocimacro : Default library not found.
2019-03-07 15:13:54,950 - Velocimacro : allowInline = true : VMs can be defined inline in templates
2019-03-07 15:13:54,950 - Velocimacro : allowInlineToOverride = false : VMs defined inline may NOT replace previous VM definitions
2019-03-07 15:13:54,951 - Velocimacro : allowInlineLocal = false : VMs defined inline will be global in scope if allowed.
2019-03-07 15:13:54,951 - Velocimacro : autoload off : VM system will not automatically reload global library macros
2019-03-07 15:13:54,973 - ResourceManager : found templates/generator/vo.java.vm with loader org.apache.velocity.runtime.resource.loader.ClasspathResourceLoader
2019-03-07 15:13:54,999 - ResourceManager : found templates/generator/Dao.java.vm with loader org.apache.velocity.runtime.resource.loader.ClasspathResourceLoader
2019-03-07 15:13:55,012 - ResourceManager : found templates/generator/Mapper.xml.vm with loader org.apache.velocity.runtime.resource.loader.ClasspathResourceLoader
2019-03-07 15:13:55,018 - Null reference [template 'templates/generator/Mapper.xml.vm', line 20, column 26] : ${pager.sort} cannot be resolved.
2019-03-07 15:13:55,018 - Null reference [template 'templates/generator/Mapper.xml.vm', line 20, column 40] : ${pager.order} cannot be resolved.
2019-03-07 15:13:55,030 - ResourceManager : found templates/generator/Service.java.vm with loader org.apache.velocity.runtime.resource.loader.ClasspathResourceLoader
2019-03-07 15:13:55,032 - ResourceManager : found templates/generator/ServiceImpl.java.vm with loader org.apache.velocity.runtime.resource.loader.ClasspathResourceLoader
2019-03-07 15:13:55,038 - ResourceManager : found templates/generator/Controller.java.vm with loader org.apache.velocity.runtime.resource.loader.ClasspathResourceLoader
2019-03-07 15:13:55,051 - ResourceManager : found templates/generator/page.html.vm with loader org.apache.velocity.runtime.resource.loader.ClasspathResourceLoader
2019-03-07 15:13:55,059 - ResourceManager : found templates/generator/js.js.vm with loader org.apache.velocity.runtime.resource.loader.ClasspathResourceLoader
2019-03-07 15:13:55,065 - ResourceManager : found templates/generator/list.html.vm with loader org.apache.velocity.runtime.resource.loader.ClasspathResourceLoader
2019-03-07 15:13:55,071 - ResourceManager : found templates/generator/add.html.vm with loader org.apache.velocity.runtime.resource.loader.ClasspathResourceLoader
2019-03-07 15:13:55,079 - ResourceManager : found templates/generator/edit.html.vm with loader org.apache.velocity.runtime.resource.loader.ClasspathResourceLoader
2019-03-07 15:13:55,084 - ResourceManager : found templates/generator/list.js.vm with loader org.apache.velocity.runtime.resource.loader.ClasspathResourceLoader
2019-03-07 15:13:55,093 - ResourceManager : found templates/generator/add.js.vm with loader org.apache.velocity.runtime.resource.loader.ClasspathResourceLoader
2019-03-07 15:13:55,097 - ResourceManager : found templates/generator/edit.js.vm with loader org.apache.velocity.runtime.resource.loader.ClasspathResourceLoader
2019-03-07 15:13:55,099 - ResourceManager : found templates/generator/menu.sql.vm with loader org.apache.velocity.runtime.resource.loader.ClasspathResourceLoader
2019-03-07 15:31:24,441 - ResourceManager : found templates/generator/vo.java.vm with loader org.apache.velocity.runtime.resource.loader.ClasspathResourceLoader
2019-03-07 15:31:24,442 - IntrospectorCache detected classloader change. Dumping cache.
2019-03-07 15:31:24,444 - ResourceManager : found templates/generator/Dao.java.vm with loader org.apache.velocity.runtime.resource.loader.ClasspathResourceLoader
2019-03-07 15:31:24,446 - ResourceManager : found templates/generator/Mapper.xml.vm with loader org.apache.velocity.runtime.resource.loader.ClasspathResourceLoader
2019-03-07 15:31:24,447 - Null reference [template 'templates/generator/Mapper.xml.vm', line 20, column 26] : ${pager.sort} cannot be resolved.
2019-03-07 15:31:24,447 - Null reference [template 'templates/generator/Mapper.xml.vm', line 20, column 40] : ${pager.order} cannot be resolved.
2019-03-07 15:31:24,449 - ResourceManager : found templates/generator/Service.java.vm with loader org.apache.velocity.runtime.resource.loader.ClasspathResourceLoader
2019-03-07 15:31:24,450 - ResourceManager : found templates/generator/ServiceImpl.java.vm with loader org.apache.velocity.runtime.resource.loader.ClasspathResourceLoader
2019-03-07 15:31:24,451 - ResourceManager : found templates/generator/Controller.java.vm with loader org.apache.velocity.runtime.resource.loader.ClasspathResourceLoader
2019-03-07 15:31:24,453 - ResourceManager : found templates/generator/page.html.vm with loader org.apache.velocity.runtime.resource.loader.ClasspathResourceLoader
2019-03-07 15:31:24,455 - ResourceManager : found templates/generator/js.js.vm with loader org.apache.velocity.runtime.resource.loader.ClasspathResourceLoader
2019-03-07 15:31:24,456 - ResourceManager : found templates/generator/list.html.vm with loader org.apache.velocity.runtime.resource.loader.ClasspathResourceLoader
2019-03-07 15:31:24,457 - ResourceManager : found templates/generator/add.html.vm with loader org.apache.velocity.runtime.resource.loader.ClasspathResourceLoader
2019-03-07 15:31:24,458 - ResourceManager : found templates/generator/edit.html.vm with loader org.apache.velocity.runtime.resource.loader.ClasspathResourceLoader
2019-03-07 15:31:24,459 - ResourceManager : found templates/generator/list.js.vm with loader org.apache.velocity.runtime.resource.loader.ClasspathResourceLoader
2019-03-07 15:31:24,460 - ResourceManager : found templates/generator/add.js.vm with loader org.apache.velocity.runtime.resource.loader.ClasspathResourceLoader
2019-03-07 15:31:24,461 - ResourceManager : found templates/generator/edit.js.vm with loader org.apache.velocity.runtime.resource.loader.ClasspathResourceLoader
2019-03-07 15:31:24,461 - ResourceManager : found templates/generator/menu.sql.vm with loader org.apache.velocity.runtime.resource.loader.ClasspathResourceLoader
2019-03-07 16:50:26,580 - ResourceManager : found templates/generator/vo.java.vm with loader org.apache.velocity.runtime.resource.loader.ClasspathResourceLoader
2019-03-07 16:50:26,592 - ResourceManager : found templates/generator/Dao.java.vm with loader org.apache.velocity.runtime.resource.loader.ClasspathResourceLoader
2019-03-07 16:50:26,602 - ResourceManager : found templates/generator/Mapper.xml.vm with loader org.apache.velocity.runtime.resource.loader.ClasspathResourceLoader
2019-03-07 16:50:26,602 - Null reference [template 'templates/generator/Mapper.xml.vm', line 20, column 26] : ${pager.sort} cannot be resolved.
2019-03-07 16:50:26,602 - Null reference [template 'templates/generator/Mapper.xml.vm', line 20, column 40] : ${pager.order} cannot be resolved.
2019-03-07 16:50:26,615 - ResourceManager : found templates/generator/Service.java.vm with loader org.apache.velocity.runtime.resource.loader.ClasspathResourceLoader
2019-03-07 16:50:26,616 - ResourceManager : found templates/generator/ServiceImpl.java.vm with loader org.apache.velocity.runtime.resource.loader.ClasspathResourceLoader
2019-03-07 16:50:26,622 - ResourceManager : found templates/generator/Controller.java.vm with loader org.apache.velocity.runtime.resource.loader.ClasspathResourceLoader
2019-03-07 16:50:26,635 - ResourceManager : found templates/generator/page.html.vm with loader org.apache.velocity.runtime.resource.loader.ClasspathResourceLoader
2019-03-07 16:50:26,643 - ResourceManager : found templates/generator/js.js.vm with loader org.apache.velocity.runtime.resource.loader.ClasspathResourceLoader
2019-03-07 16:50:26,649 - ResourceManager : found templates/generator/list.html.vm with loader org.apache.velocity.runtime.resource.loader.ClasspathResourceLoader
2019-03-07 16:50:26,655 - ResourceManager : found templates/generator/add.html.vm with loader org.apache.velocity.runtime.resource.loader.ClasspathResourceLoader
2019-03-07 16:50:26,663 - ResourceManager : found templates/generator/edit.html.vm with loader org.apache.velocity.runtime.resource.loader.ClasspathResourceLoader
2019-03-07 16:50:26,669 - ResourceManager : found templates/generator/list.js.vm with loader org.apache.velocity.runtime.resource.loader.ClasspathResourceLoader
2019-03-07 16:50:26,677 - ResourceManager : found templates/generator/add.js.vm with loader org.apache.velocity.runtime.resource.loader.ClasspathResourceLoader
2019-03-07 16:50:26,681 - ResourceManager : found templates/generator/edit.js.vm with loader org.apache.velocity.runtime.resource.loader.ClasspathResourceLoader
2019-03-07 16:50:26,682 - ResourceManager : found templates/generator/menu.sql.vm with loader org.apache.velocity.runtime.resource.loader.ClasspathResourceLoader
2019-03-07 17:23:37,497 - Log4JLogChute initialized using file 'velocity.log'
2019-03-07 17:23:37,509 - Initializing Velocity, Calling init()...
2019-03-07 17:23:37,509 - Starting Apache Velocity v1.7 (compiled: 2010-11-19 12:14:37)
2019-03-07 17:23:37,509 - Default Properties File: org\apache\velocity\runtime\defaults\velocity.properties
2019-03-07 17:23:37,509 - Trying to use logger class org.apache.velocity.runtime.log.AvalonLogChute
2019-03-07 17:23:37,509 - Target log system for org.apache.velocity.runtime.log.AvalonLogChute is not available (java.lang.NoClassDefFoundError: org/apache/log/Priority).  Falling back to next log system...
2019-03-07 17:23:37,509 - Trying to use logger class org.apache.velocity.runtime.log.Log4JLogChute
2019-03-07 17:23:37,509 - Using logger class org.apache.velocity.runtime.log.Log4JLogChute
2019-03-07 17:23:37,513 - ResourceLoader instantiated: org.apache.velocity.runtime.resource.loader.ClasspathResourceLoader
2019-03-07 17:23:37,520 - ResourceCache: initialized (class org.apache.velocity.runtime.resource.ResourceCacheImpl) with class java.util.Collections$SynchronizedMap cache map.
2019-03-07 17:23:37,521 - Loaded System Directive: org.apache.velocity.runtime.directive.Stop
2019-03-07 17:23:37,522 - Loaded System Directive: org.apache.velocity.runtime.directive.Define
2019-03-07 17:23:37,522 - Loaded System Directive: org.apache.velocity.runtime.directive.Break
2019-03-07 17:23:37,523 - Loaded System Directive: org.apache.velocity.runtime.directive.Evaluate
2019-03-07 17:23:37,523 - Loaded System Directive: org.apache.velocity.runtime.directive.Literal
2019-03-07 17:23:37,524 - Loaded System Directive: org.apache.velocity.runtime.directive.Macro
2019-03-07 17:23:37,524 - Loaded System Directive: org.apache.velocity.runtime.directive.Parse
2019-03-07 17:23:37,525 - Loaded System Directive: org.apache.velocity.runtime.directive.Include
2019-03-07 17:23:37,525 - Loaded System Directive: org.apache.velocity.runtime.directive.Foreach
2019-03-07 17:23:37,536 - Created '20' parsers.
2019-03-07 17:23:37,538 - Velocimacro : "velocimacro.library" is not set.  Trying default library: VM_global_library.vm
2019-03-07 17:23:37,540 - Could not load resource 'VM_global_library.vm' from ResourceLoader org.apache.velocity.runtime.resource.loader.ClasspathResourceLoader: ClasspathResourceLoader Error: cannot find resource VM_global_library.vm
2019-03-07 17:23:37,540 - Velocimacro : Default library not found.
2019-03-07 17:23:37,540 - Velocimacro : allowInline = true : VMs can be defined inline in templates
2019-03-07 17:23:37,540 - Velocimacro : allowInlineToOverride = false : VMs defined inline may NOT replace previous VM definitions
2019-03-07 17:23:37,540 - Velocimacro : allowInlineLocal = false : VMs defined inline will be global in scope if allowed.
2019-03-07 17:23:37,540 - Velocimacro : autoload off : VM system will not automatically reload global library macros
2019-03-07 17:23:37,554 - ResourceManager : found templates/generator/vo.java.vm with loader org.apache.velocity.runtime.resource.loader.ClasspathResourceLoader
2019-03-07 17:23:37,587 - ResourceManager : found templates/generator/Dao.java.vm with loader org.apache.velocity.runtime.resource.loader.ClasspathResourceLoader
2019-03-07 17:23:37,600 - ResourceManager : found templates/generator/Mapper.xml.vm with loader org.apache.velocity.runtime.resource.loader.ClasspathResourceLoader
2019-03-07 17:23:37,606 - Null reference [template 'templates/generator/Mapper.xml.vm', line 20, column 26] : ${pager.sort} cannot be resolved.
2019-03-07 17:23:37,606 - Null reference [template 'templates/generator/Mapper.xml.vm', line 20, column 40] : ${pager.order} cannot be resolved.
2019-03-07 17:23:37,618 - ResourceManager : found templates/generator/Service.java.vm with loader org.apache.velocity.runtime.resource.loader.ClasspathResourceLoader
2019-03-07 17:23:37,619 - ResourceManager : found templates/generator/ServiceImpl.java.vm with loader org.apache.velocity.runtime.resource.loader.ClasspathResourceLoader
2019-03-07 17:23:37,624 - ResourceManager : found templates/generator/Controller.java.vm with loader org.apache.velocity.runtime.resource.loader.ClasspathResourceLoader
2019-03-07 17:23:37,638 - ResourceManager : found templates/generator/page.html.vm with loader org.apache.velocity.runtime.resource.loader.ClasspathResourceLoader
2019-03-07 17:23:37,645 - ResourceManager : found templates/generator/js.js.vm with loader org.apache.velocity.runtime.resource.loader.ClasspathResourceLoader
2019-03-07 17:23:37,651 - ResourceManager : found templates/generator/list.html.vm with loader org.apache.velocity.runtime.resource.loader.ClasspathResourceLoader
2019-03-07 17:23:37,658 - ResourceManager : found templates/generator/add.html.vm with loader org.apache.velocity.runtime.resource.loader.ClasspathResourceLoader
2019-03-07 17:23:37,665 - ResourceManager : found templates/generator/edit.html.vm with loader org.apache.velocity.runtime.resource.loader.ClasspathResourceLoader
2019-03-07 17:23:37,671 - ResourceManager : found templates/generator/list.js.vm with loader org.apache.velocity.runtime.resource.loader.ClasspathResourceLoader
2019-03-07 17:23:37,680 - ResourceManager : found templates/generator/add.js.vm with loader org.apache.velocity.runtime.resource.loader.ClasspathResourceLoader
2019-03-07 17:23:37,692 - ResourceManager : found templates/generator/edit.js.vm with loader org.apache.velocity.runtime.resource.loader.ClasspathResourceLoader
2019-03-07 17:23:37,694 - ResourceManager : found templates/generator/menu.sql.vm with loader org.apache.velocity.runtime.resource.loader.ClasspathResourceLoader
2019-03-10 13:31:53,245 - Log4JLogChute initialized using file 'velocity.log'
2019-03-10 13:31:53,266 - Initializing Velocity, Calling init()...
2019-03-10 13:31:53,266 - Starting Apache Velocity v1.7 (compiled: 2010-11-19 12:14:37)
2019-03-10 13:31:53,266 - Default Properties File: org\apache\velocity\runtime\defaults\velocity.properties
2019-03-10 13:31:53,266 - Trying to use logger class org.apache.velocity.runtime.log.AvalonLogChute
2019-03-10 13:31:53,266 - Target log system for org.apache.velocity.runtime.log.AvalonLogChute is not available (java.lang.NoClassDefFoundError: org/apache/log/Priority).  Falling back to next log system...
2019-03-10 13:31:53,266 - Trying to use logger class org.apache.velocity.runtime.log.Log4JLogChute
2019-03-10 13:31:53,266 - Using logger class org.apache.velocity.runtime.log.Log4JLogChute
2019-03-10 13:31:53,271 - ResourceLoader instantiated: org.apache.velocity.runtime.resource.loader.ClasspathResourceLoader
2019-03-10 13:31:53,279 - ResourceCache: initialized (class org.apache.velocity.runtime.resource.ResourceCacheImpl) with class java.util.Collections$SynchronizedMap cache map.
2019-03-10 13:31:53,280 - Loaded System Directive: org.apache.velocity.runtime.directive.Stop
2019-03-10 13:31:53,281 - Loaded System Directive: org.apache.velocity.runtime.directive.Define
2019-03-10 13:31:53,281 - Loaded System Directive: org.apache.velocity.runtime.directive.Break
2019-03-10 13:31:53,282 - Loaded System Directive: org.apache.velocity.runtime.directive.Evaluate
2019-03-10 13:31:53,282 - Loaded System Directive: org.apache.velocity.runtime.directive.Literal
2019-03-10 13:31:53,283 - Loaded System Directive: org.apache.velocity.runtime.directive.Macro
2019-03-10 13:31:53,284 - Loaded System Directive: org.apache.velocity.runtime.directive.Parse
2019-03-10 13:31:53,284 - Loaded System Directive: org.apache.velocity.runtime.directive.Include
2019-03-10 13:31:53,284 - Loaded System Directive: org.apache.velocity.runtime.directive.Foreach
2019-03-10 13:31:53,295 - Created '20' parsers.
2019-03-10 13:31:53,297 - Velocimacro : "velocimacro.library" is not set.  Trying default library: VM_global_library.vm
2019-03-10 13:31:53,299 - Could not load resource 'VM_global_library.vm' from ResourceLoader org.apache.velocity.runtime.resource.loader.ClasspathResourceLoader: ClasspathResourceLoader Error: cannot find resource VM_global_library.vm
2019-03-10 13:31:53,299 - Velocimacro : Default library not found.
2019-03-10 13:31:53,299 - Velocimacro : allowInline = true : VMs can be defined inline in templates
2019-03-10 13:31:53,299 - Velocimacro : allowInlineToOverride = false : VMs defined inline may NOT replace previous VM definitions
2019-03-10 13:31:53,299 - Velocimacro : allowInlineLocal = false : VMs defined inline will be global in scope if allowed.
2019-03-10 13:31:53,299 - Velocimacro : autoload off : VM system will not automatically reload global library macros
2019-03-10 13:31:53,312 - ResourceManager : found templates/generator/vo.java.vm with loader org.apache.velocity.runtime.resource.loader.ClasspathResourceLoader
2019-03-10 13:31:53,322 - ResourceManager : found templates/generator/Dao.java.vm with loader org.apache.velocity.runtime.resource.loader.ClasspathResourceLoader
2019-03-10 13:31:53,330 - ResourceManager : found templates/generator/Mapper.xml.vm with loader org.apache.velocity.runtime.resource.loader.ClasspathResourceLoader
2019-03-10 13:31:53,335 - Null reference [template 'templates/generator/Mapper.xml.vm', line 20, column 26] : ${pager.sort} cannot be resolved.
2019-03-10 13:31:53,335 - Null reference [template 'templates/generator/Mapper.xml.vm', line 20, column 40] : ${pager.order} cannot be resolved.
2019-03-10 13:31:53,338 - ResourceManager : found templates/generator/Service.java.vm with loader org.apache.velocity.runtime.resource.loader.ClasspathResourceLoader
2019-03-10 13:31:53,339 - ResourceManager : found templates/generator/ServiceImpl.java.vm with loader org.apache.velocity.runtime.resource.loader.ClasspathResourceLoader
2019-03-10 13:31:53,341 - ResourceManager : found templates/generator/Controller.java.vm with loader org.apache.velocity.runtime.resource.loader.ClasspathResourceLoader
2019-03-10 13:31:53,343 - ResourceManager : found templates/generator/page.html.vm with loader org.apache.velocity.runtime.resource.loader.ClasspathResourceLoader
2019-03-10 13:31:53,345 - ResourceManager : found templates/generator/js.js.vm with loader org.apache.velocity.runtime.resource.loader.ClasspathResourceLoader
2019-03-10 13:31:53,346 - ResourceManager : found templates/generator/list.html.vm with loader org.apache.velocity.runtime.resource.loader.ClasspathResourceLoader
2019-03-10 13:31:53,347 - ResourceManager : found templates/generator/add.html.vm with loader org.apache.velocity.runtime.resource.loader.ClasspathResourceLoader
2019-03-10 13:31:53,348 - ResourceManager : found templates/generator/edit.html.vm with loader org.apache.velocity.runtime.resource.loader.ClasspathResourceLoader
2019-03-10 13:31:53,349 - ResourceManager : found templates/generator/list.js.vm with loader org.apache.velocity.runtime.resource.loader.ClasspathResourceLoader
2019-03-10 13:31:53,350 - ResourceManager : found templates/generator/add.js.vm with loader org.apache.velocity.runtime.resource.loader.ClasspathResourceLoader
2019-03-10 13:31:53,351 - ResourceManager : found templates/generator/edit.js.vm with loader org.apache.velocity.runtime.resource.loader.ClasspathResourceLoader
2019-03-10 13:31:53,351 - ResourceManager : found templates/generator/menu.sql.vm with loader org.apache.velocity.runtime.resource.loader.ClasspathResourceLoader
2019-03-11 13:23:06,232 - Log4JLogChute initialized using file 'velocity.log'
2019-03-11 13:23:06,252 - Initializing Velocity, Calling init()...
2019-03-11 13:23:06,252 - Starting Apache Velocity v1.7 (compiled: 2010-11-19 12:14:37)
2019-03-11 13:23:06,252 - Default Properties File: org\apache\velocity\runtime\defaults\velocity.properties
2019-03-11 13:23:06,252 - Trying to use logger class org.apache.velocity.runtime.log.AvalonLogChute
2019-03-11 13:23:06,252 - Target log system for org.apache.velocity.runtime.log.AvalonLogChute is not available (java.lang.NoClassDefFoundError: org/apache/log/Priority).  Falling back to next log system...
2019-03-11 13:23:06,252 - Trying to use logger class org.apache.velocity.runtime.log.Log4JLogChute
2019-03-11 13:23:06,252 - Using logger class org.apache.velocity.runtime.log.Log4JLogChute
2019-03-11 13:23:06,258 - ResourceLoader instantiated: org.apache.velocity.runtime.resource.loader.ClasspathResourceLoader
2019-03-11 13:23:06,264 - ResourceCache: initialized (class org.apache.velocity.runtime.resource.ResourceCacheImpl) with class java.util.Collections$SynchronizedMap cache map.
2019-03-11 13:23:06,266 - Loaded System Directive: org.apache.velocity.runtime.directive.Stop
2019-03-11 13:23:06,266 - Loaded System Directive: org.apache.velocity.runtime.directive.Define
2019-03-11 13:23:06,267 - Loaded System Directive: org.apache.velocity.runtime.directive.Break
2019-03-11 13:23:06,267 - Loaded System Directive: org.apache.velocity.runtime.directive.Evaluate
2019-03-11 13:23:06,268 - Loaded System Directive: org.apache.velocity.runtime.directive.Literal
2019-03-11 13:23:06,268 - Loaded System Directive: org.apache.velocity.runtime.directive.Macro
2019-03-11 13:23:06,273 - Loaded System Directive: org.apache.velocity.runtime.directive.Parse
2019-03-11 13:23:06,274 - Loaded System Directive: org.apache.velocity.runtime.directive.Include
2019-03-11 13:23:06,274 - Loaded System Directive: org.apache.velocity.runtime.directive.Foreach
2019-03-11 13:23:06,283 - Created '20' parsers.
2019-03-11 13:23:06,285 - Velocimacro : "velocimacro.library" is not set.  Trying default library: VM_global_library.vm
2019-03-11 13:23:06,287 - Could not load resource 'VM_global_library.vm' from ResourceLoader org.apache.velocity.runtime.resource.loader.ClasspathResourceLoader: ClasspathResourceLoader Error: cannot find resource VM_global_library.vm
2019-03-11 13:23:06,287 - Velocimacro : Default library not found.
2019-03-11 13:23:06,287 - Velocimacro : allowInline = true : VMs can be defined inline in templates
2019-03-11 13:23:06,287 - Velocimacro : allowInlineToOverride = false : VMs defined inline may NOT replace previous VM definitions
2019-03-11 13:23:06,287 - Velocimacro : allowInlineLocal = false : VMs defined inline will be global in scope if allowed.
2019-03-11 13:23:06,287 - Velocimacro : autoload off : VM system will not automatically reload global library macros
2019-03-11 13:23:06,299 - ResourceManager : found templates/generator/vo.java.vm with loader org.apache.velocity.runtime.resource.loader.ClasspathResourceLoader
2019-03-11 13:23:06,308 - ResourceManager : found templates/generator/Dao.java.vm with loader org.apache.velocity.runtime.resource.loader.ClasspathResourceLoader
2019-03-11 13:23:06,315 - ResourceManager : found templates/generator/Mapper.xml.vm with loader org.apache.velocity.runtime.resource.loader.ClasspathResourceLoader
2019-03-11 13:23:06,320 - Null reference [template 'templates/generator/Mapper.xml.vm', line 20, column 26] : ${pager.sort} cannot be resolved.
2019-03-11 13:23:06,320 - Null reference [template 'templates/generator/Mapper.xml.vm', line 20, column 40] : ${pager.order} cannot be resolved.
2019-03-11 13:23:06,322 - ResourceManager : found templates/generator/Service.java.vm with loader org.apache.velocity.runtime.resource.loader.ClasspathResourceLoader
2019-03-11 13:23:06,324 - ResourceManager : found templates/generator/ServiceImpl.java.vm with loader org.apache.velocity.runtime.resource.loader.ClasspathResourceLoader
2019-03-11 13:23:06,326 - ResourceManager : found templates/generator/Controller.java.vm with loader org.apache.velocity.runtime.resource.loader.ClasspathResourceLoader
2019-03-11 13:23:06,328 - ResourceManager : found templates/generator/page.html.vm with loader org.apache.velocity.runtime.resource.loader.ClasspathResourceLoader
2019-03-11 13:23:06,330 - ResourceManager : found templates/generator/js.js.vm with loader org.apache.velocity.runtime.resource.loader.ClasspathResourceLoader
2019-03-11 13:23:06,331 - ResourceManager : found templates/generator/list.html.vm with loader org.apache.velocity.runtime.resource.loader.ClasspathResourceLoader
2019-03-11 13:23:06,332 - ResourceManager : found templates/generator/add.html.vm with loader org.apache.velocity.runtime.resource.loader.ClasspathResourceLoader
2019-03-11 13:23:06,333 - ResourceManager : found templates/generator/edit.html.vm with loader org.apache.velocity.runtime.resource.loader.ClasspathResourceLoader
2019-03-11 13:23:06,334 - ResourceManager : found templates/generator/list.js.vm with loader org.apache.velocity.runtime.resource.loader.ClasspathResourceLoader
2019-03-11 13:23:06,335 - ResourceManager : found templates/generator/add.js.vm with loader org.apache.velocity.runtime.resource.loader.ClasspathResourceLoader
2019-03-11 13:23:06,335 - ResourceManager : found templates/generator/edit.js.vm with loader org.apache.velocity.runtime.resource.loader.ClasspathResourceLoader
2019-03-11 13:23:06,335 - ResourceManager : found templates/generator/menu.sql.vm with loader org.apache.velocity.runtime.resource.loader.ClasspathResourceLoader
2019-03-11 17:10:28,704 - Log4JLogChute initialized using file 'velocity.log'
2019-03-11 17:10:28,708 - Initializing Velocity, Calling init()...
2019-03-11 17:10:28,708 - Starting Apache Velocity v1.7 (compiled: 2010-11-19 12:14:37)
2019-03-11 17:10:28,708 - Default Properties File: org\apache\velocity\runtime\defaults\velocity.properties
2019-03-11 17:10:28,708 - Trying to use logger class org.apache.velocity.runtime.log.AvalonLogChute
2019-03-11 17:10:28,708 - Target log system for org.apache.velocity.runtime.log.AvalonLogChute is not available (java.lang.NoClassDefFoundError: org/apache/log/Priority).  Falling back to next log system...
2019-03-11 17:10:28,708 - Trying to use logger class org.apache.velocity.runtime.log.Log4JLogChute
2019-03-11 17:10:28,708 - Using logger class org.apache.velocity.runtime.log.Log4JLogChute
2019-03-11 17:10:28,713 - ResourceLoader instantiated: org.apache.velocity.runtime.resource.loader.ClasspathResourceLoader
2019-03-11 17:10:28,723 - ResourceCache: initialized (class org.apache.velocity.runtime.resource.ResourceCacheImpl) with class java.util.Collections$SynchronizedMap cache map.
2019-03-11 17:10:28,725 - Loaded System Directive: org.apache.velocity.runtime.directive.Stop
2019-03-11 17:10:28,725 - Loaded System Directive: org.apache.velocity.runtime.directive.Define
2019-03-11 17:10:28,736 - Loaded System Directive: org.apache.velocity.runtime.directive.Break
2019-03-11 17:10:28,737 - Loaded System Directive: org.apache.velocity.runtime.directive.Evaluate
2019-03-11 17:10:28,737 - Loaded System Directive: org.apache.velocity.runtime.directive.Literal
2019-03-11 17:10:28,738 - Loaded System Directive: org.apache.velocity.runtime.directive.Macro
2019-03-11 17:10:28,739 - Loaded System Directive: org.apache.velocity.runtime.directive.Parse
2019-03-11 17:10:28,740 - Loaded System Directive: org.apache.velocity.runtime.directive.Include
2019-03-11 17:10:28,741 - Loaded System Directive: org.apache.velocity.runtime.directive.Foreach
2019-03-11 17:10:28,754 - Created '20' parsers.
2019-03-11 17:10:28,762 - Velocimacro : "velocimacro.library" is not set.  Trying default library: VM_global_library.vm
2019-03-11 17:10:28,765 - Could not load resource 'VM_global_library.vm' from ResourceLoader org.apache.velocity.runtime.resource.loader.ClasspathResourceLoader: ClasspathResourceLoader Error: cannot find resource VM_global_library.vm
2019-03-11 17:10:28,765 - Velocimacro : Default library not found.
2019-03-11 17:10:28,765 - Velocimacro : allowInline = true : VMs can be defined inline in templates
2019-03-11 17:10:28,765 - Velocimacro : allowInlineToOverride = false : VMs defined inline may NOT replace previous VM definitions
2019-03-11 17:10:28,765 - Velocimacro : allowInlineLocal = false : VMs defined inline will be global in scope if allowed.
2019-03-11 17:10:28,765 - Velocimacro : autoload off : VM system will not automatically reload global library macros
2019-03-11 17:10:28,782 - ResourceManager : found templates/generator/vo.java.vm with loader org.apache.velocity.runtime.resource.loader.ClasspathResourceLoader
2019-03-11 17:10:28,808 - ResourceManager : found templates/generator/Dao.java.vm with loader org.apache.velocity.runtime.resource.loader.ClasspathResourceLoader
2019-03-11 17:10:28,819 - ResourceManager : found templates/generator/Mapper.xml.vm with loader org.apache.velocity.runtime.resource.loader.ClasspathResourceLoader
2019-03-11 17:10:28,828 - Null reference [template 'templates/generator/Mapper.xml.vm', line 20, column 26] : ${pager.sort} cannot be resolved.
2019-03-11 17:10:28,828 - Null reference [template 'templates/generator/Mapper.xml.vm', line 20, column 40] : ${pager.order} cannot be resolved.
2019-03-11 17:10:28,836 - ResourceManager : found templates/generator/Service.java.vm with loader org.apache.velocity.runtime.resource.loader.ClasspathResourceLoader
2019-03-11 17:10:28,856 - ResourceManager : found templates/generator/ServiceImpl.java.vm with loader org.apache.velocity.runtime.resource.loader.ClasspathResourceLoader
2019-03-11 17:10:28,881 - ResourceManager : found templates/generator/Controller.java.vm with loader org.apache.velocity.runtime.resource.loader.ClasspathResourceLoader
2019-03-11 17:10:28,901 - ResourceManager : found templates/generator/page.html.vm with loader org.apache.velocity.runtime.resource.loader.ClasspathResourceLoader
2019-03-11 17:10:28,924 - ResourceManager : found templates/generator/js.js.vm with loader org.apache.velocity.runtime.resource.loader.ClasspathResourceLoader
2019-03-11 17:10:28,935 - ResourceManager : found templates/generator/list.html.vm with loader org.apache.velocity.runtime.resource.loader.ClasspathResourceLoader
2019-03-11 17:10:28,947 - ResourceManager : found templates/generator/add.html.vm with loader org.apache.velocity.runtime.resource.loader.ClasspathResourceLoader
2019-03-11 17:10:28,959 - ResourceManager : found templates/generator/edit.html.vm with loader org.apache.velocity.runtime.resource.loader.ClasspathResourceLoader
2019-03-11 17:10:28,974 - ResourceManager : found templates/generator/list.js.vm with loader org.apache.velocity.runtime.resource.loader.ClasspathResourceLoader
2019-03-11 17:10:28,978 - ResourceManager : found templates/generator/add.js.vm with loader org.apache.velocity.runtime.resource.loader.ClasspathResourceLoader
2019-03-11 17:10:28,981 - ResourceManager : found templates/generator/edit.js.vm with loader org.apache.velocity.runtime.resource.loader.ClasspathResourceLoader
2019-03-11 17:10:28,985 - ResourceManager : found templates/generator/menu.sql.vm with loader org.apache.velocity.runtime.resource.loader.ClasspathResourceLoader
2019-03-11 17:11:19,712 - ResourceManager : found templates/generator/vo.java.vm with loader org.apache.velocity.runtime.resource.loader.ClasspathResourceLoader
2019-03-11 17:11:19,715 - ResourceManager : found templates/generator/Dao.java.vm with loader org.apache.velocity.runtime.resource.loader.ClasspathResourceLoader
2019-03-11 17:11:19,719 - ResourceManager : found templates/generator/Mapper.xml.vm with loader org.apache.velocity.runtime.resource.loader.ClasspathResourceLoader
2019-03-11 17:11:19,720 - Null reference [template 'templates/generator/Mapper.xml.vm', line 20, column 26] : ${pager.sort} cannot be resolved.
2019-03-11 17:11:19,720 - Null reference [template 'templates/generator/Mapper.xml.vm', line 20, column 40] : ${pager.order} cannot be resolved.
2019-03-11 17:11:19,723 - ResourceManager : found templates/generator/Service.java.vm with loader org.apache.velocity.runtime.resource.loader.ClasspathResourceLoader
2019-03-11 17:11:19,726 - ResourceManager : found templates/generator/ServiceImpl.java.vm with loader org.apache.velocity.runtime.resource.loader.ClasspathResourceLoader
2019-03-11 17:11:19,730 - ResourceManager : found templates/generator/Controller.java.vm with loader org.apache.velocity.runtime.resource.loader.ClasspathResourceLoader
2019-03-11 17:11:19,732 - ResourceManager : found templates/generator/page.html.vm with loader org.apache.velocity.runtime.resource.loader.ClasspathResourceLoader
2019-03-11 17:11:19,734 - ResourceManager : found templates/generator/js.js.vm with loader org.apache.velocity.runtime.resource.loader.ClasspathResourceLoader
2019-03-11 17:11:19,735 - ResourceManager : found templates/generator/list.html.vm with loader org.apache.velocity.runtime.resource.loader.ClasspathResourceLoader
2019-03-11 17:11:19,736 - ResourceManager : found templates/generator/add.html.vm with loader org.apache.velocity.runtime.resource.loader.ClasspathResourceLoader
2019-03-11 17:11:19,737 - ResourceManager : found templates/generator/edit.html.vm with loader org.apache.velocity.runtime.resource.loader.ClasspathResourceLoader
2019-03-11 17:11:19,739 - ResourceManager : found templates/generator/list.js.vm with loader org.apache.velocity.runtime.resource.loader.ClasspathResourceLoader
2019-03-11 17:11:19,740 - ResourceManager : found templates/generator/add.js.vm with loader org.apache.velocity.runtime.resource.loader.ClasspathResourceLoader
2019-03-11 17:11:19,741 - ResourceManager : found templates/generator/edit.js.vm with loader org.apache.velocity.runtime.resource.loader.ClasspathResourceLoader
2019-03-11 17:11:19,742 - ResourceManager : found templates/generator/menu.sql.vm with loader org.apache.velocity.runtime.resource.loader.ClasspathResourceLoader
