2019-01-07 09:39:11 -Starting LibraryApplication on DESKTOP-9BL6UMN with PID 20856 (F:\idea\Library\target\classes started by DELL in F:\idea\Library)
2019-01-07 09:39:11 -The following profiles are active: dev
2019-01-07 09:39:11 -Refreshing org.springframework.boot.web.servlet.context.AnnotationConfigServletWebServerApplicationContext@77f84dd6: startup date [Mon Jan 07 09:39:11 CST 2019]; root of context hierarchy
2019-01-07 09:39:14 -Multiple Spring Data modules found, entering strict repository configuration mode!
2019-01-07 09:39:14 -Bean 'com.alicp.jetcache.anno.config.JetCacheProxyConfiguration' of type [com.alicp.jetcache.anno.config.JetCacheProxyConfiguration$$EnhancerBySpringCGLIB$$d78b04d6] is not eligible for getting processed by all BeanPostProcessors (for example: not eligible for auto-proxying)
2019-01-07 09:39:14 -Bean 'org.springframework.transaction.annotation.ProxyTransactionManagementConfiguration' of type [org.springframework.transaction.annotation.ProxyTransactionManagementConfiguration$$EnhancerBySpringCGLIB$$cb2341bf] is not eligible for getting processed by all BeanPostProcessors (for example: not eligible for auto-proxying)
2019-01-07 09:39:15 -Bean 'shiroConfig' of type [top.cflwork.config.ShiroConfig$$EnhancerBySpringCGLIB$$615ce318] is not eligible for getting processed by all BeanPostProcessors (for example: not eligible for auto-proxying)
2019-01-07 09:39:15 -Bean 'userRealm' of type [top.cflwork.shiro.UserRealm] is not eligible for getting processed by all BeanPostProcessors (for example: not eligible for auto-proxying)
2019-01-07 09:39:15 -No configuration found. Configuring ehcache from ehcache-failsafe.xml  found in the classpath: jar:file:/C:/Users/DELL/.m2/repository/net/sf/ehcache/ehcache/2.10.5/ehcache-2.10.5.jar!/ehcache-failsafe.xml
2019-01-07 09:39:15 -Bean 'cacheManager2' of type [net.sf.ehcache.CacheManager] is not eligible for getting processed by all BeanPostProcessors (for example: not eligible for auto-proxying)
2019-01-07 09:39:15 -Bean 'ehCacheManager' of type [org.apache.shiro.cache.ehcache.EhCacheManager] is not eligible for getting processed by all BeanPostProcessors (for example: not eligible for auto-proxying)
2019-01-07 09:39:15 -Cache with name 'top.cflwork.shiro.UserRealm.authorizationCache' does not yet exist.  Creating now.
2019-01-07 09:39:15 -Added EhCache named [top.cflwork.shiro.UserRealm.authorizationCache]
2019-01-07 09:39:15 -Bean 'sessionDAO' of type [org.apache.shiro.session.mgt.eis.MemorySessionDAO] is not eligible for getting processed by all BeanPostProcessors (for example: not eligible for auto-proxying)
2019-01-07 09:39:15 -Bean 'sessionManager' of type [org.apache.shiro.web.session.mgt.DefaultWebSessionManager] is not eligible for getting processed by all BeanPostProcessors (for example: not eligible for auto-proxying)
2019-01-07 09:39:15 -Bean 'securityManager' of type [org.apache.shiro.web.mgt.DefaultWebSecurityManager] is not eligible for getting processed by all BeanPostProcessors (for example: not eligible for auto-proxying)
2019-01-07 09:39:15 -Bean 'authorizationAttributeSourceAdvisor' of type [org.apache.shiro.spring.security.interceptor.AuthorizationAttributeSourceAdvisor] is not eligible for getting processed by all BeanPostProcessors (for example: not eligible for auto-proxying)
2019-01-07 09:39:16 -Tomcat initialized with port(s): 8088 (http)
2019-01-07 09:39:16 -Initializing ProtocolHandler ["http-nio-8088"]
2019-01-07 09:39:16 -Starting service [Tomcat]
2019-01-07 09:39:16 -Starting Servlet Engine: Apache Tomcat/8.5.31
2019-01-07 09:39:16 -The APR based Apache Tomcat Native library which allows optimal performance in production environments was not found on the java.library.path: [C:\Program Files\Java\jdk1.8.0_181\bin;C:\WINDOWS\Sun\Java\bin;C:\WINDOWS\system32;C:\WINDOWS;C:\Program Files (x86)\Common Files\Oracle\Java\javapath;C:\Program Files (x86)\Intel\iCLS Client\;C:\Program Files\Intel\iCLS Client\;C:\WINDOWS\system32;C:\WINDOWS;C:\WINDOWS\System32\Wbem;C:\WINDOWS\System32\WindowsPowerShell\v1.0\;C:\Program Files (x86)\Intel\Intel(R) Management Engine Components\DAL;C:\Program Files\Intel\Intel(R) Management Engine Components\DAL;C:\Program Files (x86)\Intel\Intel(R) Management Engine Components\IPT;C:\Program Files\Intel\Intel(R) Management Engine Components\IPT;C:\Program Files\Git\cmd;D:\Program Files\PuTTY\;C:\Program Files\TortoiseGit\bin;C:\Program Files\TortoiseSVN\bin;C:\Program Files\nodejs\;C:\Program Files\VisualSVN Server\bin;C:\WINDOWS\System32\OpenSSH\;C:\Users\DELL\AppData\Roaming\npm;C:\Users\DELL\AppData\Local\Microsoft\WindowsApps;";C:\Program Files\Java\jdk1.6.0_43\bin";;.]
2019-01-07 09:39:16 -Initializing Spring embedded WebApplicationContext
2019-01-07 09:39:16 -Root WebApplicationContext: initialization completed in 4374 ms
2019-01-07 09:39:16 -Mapping filter: 'characterEncodingFilter' to: [/*]
2019-01-07 09:39:16 -Mapping filter: 'hiddenHttpMethodFilter' to: [/*]
2019-01-07 09:39:16 -Mapping filter: 'httpPutFormContentFilter' to: [/*]
2019-01-07 09:39:16 -Mapping filter: 'requestContextFilter' to: [/*]
2019-01-07 09:39:16 -Filter xssFilter was not registered (disabled)
2019-01-07 09:39:16 -Mapping filter: 'webStatFilter' to urls: [/*]
2019-01-07 09:39:16 -Mapping filter: 'shiroFilterFactoryBean' to: [/*]
2019-01-07 09:39:16 -Servlet statViewServlet mapped to [/druid/*]
2019-01-07 09:39:16 -Servlet dispatcherServlet mapped to [/]
2019-01-07 09:39:18 -Initializing ExecutorService  'clientInboundChannelExecutor'
2019-01-07 09:39:18 -Initializing ExecutorService  'clientOutboundChannelExecutor'
2019-01-07 09:39:18 -Mapped "{[/error]}" onto public top.cflwork.util.R top.cflwork.common.exception.MainsiteErrorController.handleError(javax.servlet.http.HttpServletRequest,javax.servlet.http.HttpServletResponse)
2019-01-07 09:39:18 -Mapped "{[/error],produces=[text/html]}" onto public org.springframework.web.servlet.ModelAndView top.cflwork.common.exception.MainsiteErrorController.errorHtml(javax.servlet.http.HttpServletRequest,javax.servlet.http.HttpServletResponse)
2019-01-07 09:39:18 -Mapped "{[/book/add],methods=[GET]}" onto public java.lang.String top.cflwork.controller.BookController.add()
2019-01-07 09:39:18 -Mapped "{[/book/remove],methods=[POST]}" onto public top.cflwork.util.R top.cflwork.controller.BookController.remove(java.lang.Long)
2019-01-07 09:39:18 -Mapped "{[/book/batchRemove],methods=[POST]}" onto public top.cflwork.util.R top.cflwork.controller.BookController.remove(java.lang.Long[])
2019-01-07 09:39:18 -Mapped "{[/book/update]}" onto public top.cflwork.util.R top.cflwork.controller.BookController.update(top.cflwork.vo.BookVo)
2019-01-07 09:39:18 -Mapped "{[/book/list],methods=[POST]}" onto public top.cflwork.util.PageUtils top.cflwork.controller.BookController.list(java.util.Map<java.lang.String, java.lang.Object>)
2019-01-07 09:39:18 -Mapped "{[/book/save],methods=[POST]}" onto public top.cflwork.util.R top.cflwork.controller.BookController.save(top.cflwork.vo.BookVo)
2019-01-07 09:39:18 -Mapped "{[/book/batchSave],methods=[POST]}" onto public top.cflwork.util.R top.cflwork.controller.BookController.batchSave(java.util.List<top.cflwork.vo.BookVo>)
2019-01-07 09:39:18 -Mapped "{[/book/bookPage],methods=[GET]}" onto public java.lang.String top.cflwork.controller.BookController.Book()
2019-01-07 09:39:18 -Mapped "{[/book/edit/{id}],methods=[GET]}" onto public java.lang.String top.cflwork.controller.BookController.edit(java.lang.Long,org.springframework.ui.Model)
2019-01-07 09:39:18 -Mapped "{[/sysDept/add/{pId}],methods=[GET]}" onto public java.lang.String top.cflwork.controller.DeptController.add(java.lang.Long,org.springframework.ui.Model)
2019-01-07 09:39:18 -Mapped "{[/sysDept/remove],methods=[POST]}" onto public top.cflwork.util.R top.cflwork.controller.DeptController.remove(java.lang.Long)
2019-01-07 09:39:18 -Mapped "{[/sysDept/batchRemove],methods=[POST]}" onto public top.cflwork.util.R top.cflwork.controller.DeptController.remove(java.lang.Long[])
2019-01-07 09:39:18 -Mapped "{[/sysDept/update]}" onto public top.cflwork.util.R top.cflwork.controller.DeptController.update(top.cflwork.vo.DeptVo)
2019-01-07 09:39:18 -Mapped "{[/sysDept/list],methods=[GET]}" onto public java.util.List<top.cflwork.vo.DeptVo> top.cflwork.controller.DeptController.list()
2019-01-07 09:39:18 -Mapped "{[/sysDept/save]}" onto public top.cflwork.util.R top.cflwork.controller.DeptController.save(top.cflwork.vo.DeptVo)
2019-01-07 09:39:18 -Mapped "{[/sysDept/tree],methods=[GET]}" onto public top.cflwork.vo.Tree<top.cflwork.vo.DeptVo> top.cflwork.controller.DeptController.tree()
2019-01-07 09:39:18 -Mapped "{[/sysDept/sysDeptPage],methods=[GET]}" onto public java.lang.String top.cflwork.controller.DeptController.dept()
2019-01-07 09:39:18 -Mapped "{[/sysDept/treeView],methods=[GET]}" onto public java.lang.String top.cflwork.controller.DeptController.treeView()
2019-01-07 09:39:18 -Mapped "{[/sysDept/edit/{deptId}],methods=[GET]}" onto public java.lang.String top.cflwork.controller.DeptController.edit(java.lang.Long,org.springframework.ui.Model)
2019-01-07 09:39:18 -Mapped "{[/dict/add],methods=[GET]}" onto public java.lang.String top.cflwork.controller.DictController.add()
2019-01-07 09:39:18 -Mapped "{[/dict/remove],methods=[POST]}" onto public top.cflwork.util.R top.cflwork.controller.DictController.remove(java.lang.Long)
2019-01-07 09:39:18 -Mapped "{[/dict/batchRemove],methods=[POST]}" onto public top.cflwork.util.R top.cflwork.controller.DictController.remove(java.lang.Long[])
2019-01-07 09:39:18 -Mapped "{[/dict/update]}" onto public top.cflwork.util.R top.cflwork.controller.DictController.update(top.cflwork.vo.DictVo)
2019-01-07 09:39:18 -Mapped "{[/dict/list],methods=[GET]}" onto public top.cflwork.util.PageUtils top.cflwork.controller.DictController.list(java.util.Map<java.lang.String, java.lang.Object>)
2019-01-07 09:39:18 -Mapped "{[/dict/save],methods=[POST]}" onto public top.cflwork.util.R top.cflwork.controller.DictController.save(top.cflwork.vo.DictVo)
2019-01-07 09:39:18 -Mapped "{[/dict/type],methods=[GET]}" onto public java.util.List<top.cflwork.vo.DictVo> top.cflwork.controller.DictController.listType()
2019-01-07 09:39:18 -Mapped "{[/dict/list/{type}],methods=[GET]}" onto public java.util.List<top.cflwork.vo.DictVo> top.cflwork.controller.DictController.listByType(java.lang.String)
2019-01-07 09:39:18 -Mapped "{[/dict/add/{type}/{description}],methods=[GET]}" onto public java.lang.String top.cflwork.controller.DictController.addD(org.springframework.ui.Model,java.lang.String,java.lang.String)
2019-01-07 09:39:18 -Mapped "{[/dict/dictPage],methods=[GET]}" onto public java.lang.String top.cflwork.controller.DictController.dict()
2019-01-07 09:39:18 -Mapped "{[/dict/edit/{id}],methods=[GET]}" onto public java.lang.String top.cflwork.controller.DictController.edit(java.lang.Long,org.springframework.ui.Model)
2019-01-07 09:39:18 -Mapped "{[/sysFile/add],methods=[GET]}" onto public java.lang.String top.cflwork.controller.FileController.add()
2019-01-07 09:39:18 -Mapped "{[/sysFile/remove],methods=[POST]}" onto public top.cflwork.util.R top.cflwork.controller.FileController.remove(java.lang.Long,javax.servlet.http.HttpServletRequest)
2019-01-07 09:39:18 -Mapped "{[/sysFile/batchRemove],methods=[POST]}" onto public top.cflwork.util.R top.cflwork.controller.FileController.remove(java.lang.Long[])
2019-01-07 09:39:18 -Mapped "{[/sysFile/update]}" onto public top.cflwork.util.R top.cflwork.controller.FileController.update(top.cflwork.vo.FileListVo)
2019-01-07 09:39:18 -Mapped "{[/sysFile/list],methods=[GET]}" onto public top.cflwork.util.PageUtils top.cflwork.controller.FileController.list(java.util.Map<java.lang.String, java.lang.Object>)
2019-01-07 09:39:18 -Mapped "{[/sysFile/save],methods=[POST]}" onto public top.cflwork.util.R top.cflwork.controller.FileController.save(top.cflwork.vo.FileListVo)
2019-01-07 09:39:18 -Mapped "{[/sysFile/info/{id}]}" onto public top.cflwork.util.R top.cflwork.controller.FileController.info(java.lang.Long)
2019-01-07 09:39:18 -Mapped "{[/sysFile/sysFilePage],methods=[GET]}" onto public java.lang.String top.cflwork.controller.FileController.sysFile(org.springframework.ui.Model)
2019-01-07 09:39:18 -Mapped "{[/sysFile/upload],methods=[POST]}" onto public top.cflwork.util.R top.cflwork.controller.FileController.upload(org.springframework.web.multipart.MultipartFile,javax.servlet.http.HttpServletRequest)
2019-01-07 09:39:18 -Mapped "{[/sysFile/edit],methods=[GET]}" onto public java.lang.String top.cflwork.controller.FileController.edit(java.lang.Long,org.springframework.ui.Model)
2019-01-07 09:39:18 -Mapped "{[/generator/update],methods=[POST]}" onto public top.cflwork.util.R top.cflwork.controller.GeneratorController.update(java.util.Map<java.lang.String, java.lang.Object>)
2019-01-07 09:39:18 -Mapped "{[/generator/list],methods=[GET]}" onto public java.util.List<java.util.Map<java.lang.String, java.lang.Object>> top.cflwork.controller.GeneratorController.list()
2019-01-07 09:39:18 -Mapped "{[/generator/code/{tableName}]}" onto public void top.cflwork.controller.GeneratorController.code(javax.servlet.http.HttpServletRequest,javax.servlet.http.HttpServletResponse,java.lang.String) throws java.io.IOException
2019-01-07 09:39:18 -Mapped "{[/generator/generatorPage],methods=[GET]}" onto public java.lang.String top.cflwork.controller.GeneratorController.generator()
2019-01-07 09:39:18 -Mapped "{[/generator/batchCode]}" onto public void top.cflwork.controller.GeneratorController.batchCode(javax.servlet.http.HttpServletRequest,javax.servlet.http.HttpServletResponse,java.lang.String) throws java.io.IOException
2019-01-07 09:39:18 -Mapped "{[/generator/edit],methods=[GET]}" onto public java.lang.String top.cflwork.controller.GeneratorController.edit(org.springframework.ui.Model)
2019-01-07 09:39:18 -Mapped "{[/log/remove],methods=[POST]}" onto public top.cflwork.util.R top.cflwork.controller.LogController.remove(java.lang.Long)
2019-01-07 09:39:18 -Mapped "{[/log/logPage],methods=[GET]}" onto public java.lang.String top.cflwork.controller.LogController.log()
2019-01-07 09:39:18 -Mapped "{[/log/list],methods=[GET]}" onto public top.cflwork.vo.PageVo<top.cflwork.vo.LogVo> top.cflwork.controller.LogController.list(java.util.Map<java.lang.String, java.lang.Object>)
2019-01-07 09:39:18 -Mapped "{[/log/batchRemove],methods=[POST]}" onto public top.cflwork.util.R top.cflwork.controller.LogController.batchRemove(java.lang.Long[])
2019-01-07 09:39:18 -Mapped "{[/index],methods=[GET]}" onto public org.springframework.web.servlet.ModelAndView top.cflwork.controller.LoginController.index(org.springframework.ui.Model)
2019-01-07 09:39:18 -Mapped "{[/main],methods=[GET]}" onto public java.lang.String top.cflwork.controller.LoginController.main()
2019-01-07 09:39:18 -Mapped "{[/login],methods=[GET]}" onto public java.lang.String top.cflwork.controller.LoginController.login()
2019-01-07 09:39:18 -Mapped "{[/ || ],methods=[GET]}" onto public java.lang.String top.cflwork.controller.LoginController.welcome(org.springframework.ui.Model)
2019-01-07 09:39:18 -Mapped "{[/login],methods=[POST]}" onto public top.cflwork.util.R top.cflwork.controller.LoginController.ajaxLogin(java.lang.String,java.lang.String)
2019-01-07 09:39:18 -Mapped "{[/logout],methods=[GET]}" onto public java.lang.String top.cflwork.controller.LoginController.logout()
2019-01-07 09:39:18 -Mapped "{[/menu/add/{pId}],methods=[GET]}" onto public java.lang.String top.cflwork.controller.MenuController.add(org.springframework.ui.Model,java.lang.Long)
2019-01-07 09:39:18 -Mapped "{[/menu/remove],methods=[POST]}" onto public top.cflwork.util.R top.cflwork.controller.MenuController.remove(java.lang.Long)
2019-01-07 09:39:18 -Mapped "{[/menu/update],methods=[POST]}" onto public top.cflwork.util.R top.cflwork.controller.MenuController.update(top.cflwork.vo.MenuVo)
2019-01-07 09:39:18 -Mapped "{[/menu/list]}" onto public java.util.List<top.cflwork.vo.MenuVo> top.cflwork.controller.MenuController.list(java.util.Map<java.lang.String, java.lang.Object>)
2019-01-07 09:39:18 -Mapped "{[/menu/save],methods=[POST]}" onto public top.cflwork.util.R top.cflwork.controller.MenuController.save(top.cflwork.vo.MenuVo)
2019-01-07 09:39:18 -Mapped "{[/menu/tree/{roleId}],methods=[GET]}" onto public top.cflwork.vo.Tree<top.cflwork.vo.MenuVo> top.cflwork.controller.MenuController.tree(java.lang.Long)
2019-01-07 09:39:18 -Mapped "{[/menu/tree],methods=[GET]}" onto public top.cflwork.vo.Tree<top.cflwork.vo.MenuVo> top.cflwork.controller.MenuController.tree()
2019-01-07 09:39:18 -Mapped "{[/menu/menuPage],methods=[GET]}" onto public java.lang.String top.cflwork.controller.MenuController.menu(org.springframework.ui.Model)
2019-01-07 09:39:18 -Mapped "{[/menu/edit/{id}],methods=[GET]}" onto public java.lang.String top.cflwork.controller.MenuController.edit(org.springframework.ui.Model,java.lang.Long)
2019-01-07 09:39:18 -Mapped "{[/oa/notify/add],methods=[GET]}" onto public java.lang.String top.cflwork.controller.NotifyController.add()
2019-01-07 09:39:18 -Mapped "{[/oa/notify/remove],methods=[POST]}" onto public top.cflwork.util.R top.cflwork.controller.NotifyController.remove(java.lang.Long)
2019-01-07 09:39:18 -Mapped "{[/oa/notify/batchRemove],methods=[POST]}" onto public top.cflwork.util.R top.cflwork.controller.NotifyController.remove(java.lang.Long[])
2019-01-07 09:39:18 -Mapped "{[/oa/notify/update]}" onto public top.cflwork.util.R top.cflwork.controller.NotifyController.update(top.cflwork.vo.NotifyVo)
2019-01-07 09:39:18 -Mapped "{[/oa/notify/read/{id}],methods=[GET]}" onto public java.lang.String top.cflwork.controller.NotifyController.read(java.lang.Long,org.springframework.ui.Model)
2019-01-07 09:39:18 -Mapped "{[/oa/notify/list],methods=[GET]}" onto public top.cflwork.util.PageUtils top.cflwork.controller.NotifyController.list(java.util.Map<java.lang.String, java.lang.Object>)
2019-01-07 09:39:18 -Mapped "{[/oa/notify/save],methods=[POST]}" onto public top.cflwork.util.R top.cflwork.controller.NotifyController.save(top.cflwork.vo.NotifyVo)
2019-01-07 09:39:18 -Mapped "{[/oa/notify/message],methods=[GET]}" onto public top.cflwork.util.PageUtils top.cflwork.controller.NotifyController.message()
2019-01-07 09:39:18 -Mapped "{[/oa/notify],methods=[GET]}" onto public java.lang.String top.cflwork.controller.NotifyController.oaNotify()
2019-01-07 09:39:18 -Mapped "{[/oa/notify/selfNotify],methods=[GET]}" onto public java.lang.String top.cflwork.controller.NotifyController.selefNotify()
2019-01-07 09:39:18 -Mapped "{[/oa/notify/selfList],methods=[GET]}" onto public top.cflwork.util.PageUtils top.cflwork.controller.NotifyController.selfList(java.util.Map<java.lang.String, java.lang.Object>)
2019-01-07 09:39:18 -Mapped "{[/oa/notify/edit/{id}],methods=[GET]}" onto public java.lang.String top.cflwork.controller.NotifyController.edit(java.lang.Long,org.springframework.ui.Model)
2019-01-07 09:39:18 -Mapped "{[/role/add],methods=[GET]}" onto public java.lang.String top.cflwork.controller.RoleController.add()
2019-01-07 09:39:18 -Mapped "{[/role/update],methods=[POST]}" onto public top.cflwork.util.R top.cflwork.controller.RoleController.update(top.cflwork.vo.RoleVo)
2019-01-07 09:39:18 -Mapped "{[/role/list],methods=[GET]}" onto public java.util.List<top.cflwork.vo.RoleVo> top.cflwork.controller.RoleController.list()
2019-01-07 09:39:18 -Mapped "{[/role/remove],methods=[POST]}" onto public top.cflwork.util.R top.cflwork.controller.RoleController.save(java.lang.Long)
2019-01-07 09:39:18 -Mapped "{[/role/save],methods=[POST]}" onto public top.cflwork.util.R top.cflwork.controller.RoleController.save(top.cflwork.vo.RoleVo)
2019-01-07 09:39:18 -Mapped "{[/role/batchRemove],methods=[POST]}" onto public top.cflwork.util.R top.cflwork.controller.RoleController.batchRemove(java.lang.Long[])
2019-01-07 09:39:18 -Mapped "{[/role/rolePage],methods=[GET]}" onto public java.lang.String top.cflwork.controller.RoleController.role()
2019-01-07 09:39:18 -Mapped "{[/role/edit/{id}],methods=[GET]}" onto public java.lang.String top.cflwork.controller.RoleController.edit(java.lang.Long,org.springframework.ui.Model)
2019-01-07 09:39:18 -Mapped "{[/online/list]}" onto public java.util.List<top.cflwork.vo.UserOnline> top.cflwork.controller.SessionController.list()
2019-01-07 09:39:18 -Mapped "{[/online/sessionList]}" onto public java.util.Collection<org.apache.shiro.session.Session> top.cflwork.controller.SessionController.sessionList()
2019-01-07 09:39:18 -Mapped "{[/online/onlinePage],methods=[GET]}" onto public java.lang.String top.cflwork.controller.SessionController.online()
2019-01-07 09:39:18 -Mapped "{[/online/forceLogout/{sessionId}]}" onto public top.cflwork.util.R top.cflwork.controller.SessionController.forceLogout(java.lang.String,org.springframework.web.servlet.mvc.support.RedirectAttributes)
2019-01-07 09:39:18 -Mapped "{[/user/exit],methods=[POST]}" onto boolean top.cflwork.controller.UserController.exit(java.util.Map<java.lang.String, java.lang.Object>)
2019-01-07 09:39:18 -Mapped "{[/user/add],methods=[GET]}" onto public java.lang.String top.cflwork.controller.UserController.add(org.springframework.ui.Model)
2019-01-07 09:39:18 -Mapped "{[/user/remove],methods=[POST]}" onto public top.cflwork.util.R top.cflwork.controller.UserController.remove(java.lang.Long)
2019-01-07 09:39:18 -Mapped "{[/user/update],methods=[POST]}" onto public top.cflwork.util.R top.cflwork.controller.UserController.update(top.cflwork.vo.UserVo)
2019-01-07 09:39:18 -Mapped "{[/user/list],methods=[GET]}" onto public top.cflwork.util.PageUtils top.cflwork.controller.UserController.list(java.util.Map<java.lang.String, java.lang.Object>)
2019-01-07 09:39:18 -Mapped "{[/user/save],methods=[POST]}" onto public top.cflwork.util.R top.cflwork.controller.UserController.save(top.cflwork.vo.UserVo)
2019-01-07 09:39:18 -Mapped "{[/user/batchRemove],methods=[POST]}" onto public top.cflwork.util.R top.cflwork.controller.UserController.batchRemove(java.lang.Long[])
2019-01-07 09:39:18 -Mapped "{[/user/tree],methods=[GET]}" onto public top.cflwork.vo.Tree<top.cflwork.vo.DeptVo> top.cflwork.controller.UserController.tree()
2019-01-07 09:39:18 -Mapped "{[/user/getInfo],methods=[GET]}" onto public top.cflwork.util.R top.cflwork.controller.UserController.getInfo()
2019-01-07 09:39:18 -Mapped "{[/user/userPage],methods=[GET]}" onto public java.lang.String top.cflwork.controller.UserController.user()
2019-01-07 09:39:18 -Mapped "{[/user/treeView],methods=[GET]}" onto public java.lang.String top.cflwork.controller.UserController.treeView()
2019-01-07 09:39:18 -Mapped "{[/user/edit/{id}],methods=[GET]}" onto public java.lang.String top.cflwork.controller.UserController.edit(org.springframework.ui.Model,java.lang.Long)
2019-01-07 09:39:18 -Mapped "{[/user/personal],methods=[GET]}" onto public java.lang.String top.cflwork.controller.UserController.personal(org.springframework.ui.Model)
2019-01-07 09:39:18 -Mapped "{[/user/adminResetPwd],methods=[POST]}" onto public top.cflwork.util.R top.cflwork.controller.UserController.adminResetPwd(top.cflwork.vo.UserPwdVo)
2019-01-07 09:39:18 -Mapped "{[/user/resetPwd/{id}],methods=[GET]}" onto public java.lang.String top.cflwork.controller.UserController.resetPwd(java.lang.Long,org.springframework.ui.Model)
2019-01-07 09:39:18 -Mapped "{[/user/resetPwd],methods=[POST]}" onto public top.cflwork.util.R top.cflwork.controller.UserController.resetPwd(top.cflwork.vo.UserPwdVo)
2019-01-07 09:39:18 -Mapped "{[/user/updatePeronal],methods=[POST]}" onto public top.cflwork.util.R top.cflwork.controller.UserController.updatePeronal(top.cflwork.vo.UserVo)
2019-01-07 09:39:18 -Mapped "{[/user/uploadImg],methods=[POST]}" onto public top.cflwork.util.R top.cflwork.controller.UserController.uploadImg(org.springframework.web.multipart.MultipartFile,java.lang.String,javax.servlet.http.HttpServletRequest)
2019-01-07 09:39:18 -Mapped "{[/user/updateHeadIcon],methods=[POST]}" onto public top.cflwork.vo.FileVo top.cflwork.controller.UserController.updateImg(org.springframework.web.multipart.MultipartFile,javax.servlet.http.HttpServletRequest)
2019-01-07 09:39:18 -Mapped "{[/swagger-resources/configuration/security]}" onto public org.springframework.http.ResponseEntity<springfox.documentation.swagger.web.SecurityConfiguration> springfox.documentation.swagger.web.ApiResourceController.securityConfiguration()
2019-01-07 09:39:18 -Mapped "{[/swagger-resources/configuration/ui]}" onto public org.springframework.http.ResponseEntity<springfox.documentation.swagger.web.UiConfiguration> springfox.documentation.swagger.web.ApiResourceController.uiConfiguration()
2019-01-07 09:39:18 -Mapped "{[/swagger-resources]}" onto public org.springframework.http.ResponseEntity<java.util.List<springfox.documentation.swagger.web.SwaggerResource>> springfox.documentation.swagger.web.ApiResourceController.swaggerResources()
2019-01-07 09:39:18 -Mapped URL path [/v2/api-docs] onto method [public org.springframework.http.ResponseEntity<springfox.documentation.spring.web.json.Json> springfox.documentation.swagger2.web.Swagger2Controller.getDocumentation(java.lang.String,javax.servlet.http.HttpServletRequest)]
2019-01-07 09:39:18 -Initializing ExecutorService  'messageBrokerTaskScheduler'
2019-01-07 09:39:19 -Mapped URL path [/endpointChat/**] onto handler of type [class org.springframework.web.socket.sockjs.support.SockJsHttpRequestHandler]
2019-01-07 09:39:19 -Initializing ExecutorService  'brokerChannelExecutor'
2019-01-07 09:39:19 -Mapped URL path [/**/favicon.ico] onto handler of type [class org.springframework.web.servlet.resource.ResourceHttpRequestHandler]
2019-01-07 09:39:19 -Looking for @ControllerAdvice: org.springframework.boot.web.servlet.context.AnnotationConfigServletWebServerApplicationContext@77f84dd6: startup date [Mon Jan 07 09:39:11 CST 2019]; root of context hierarchy
2019-01-07 09:39:19 -Mapped URL path [/webjars/**] onto handler of type [class org.springframework.web.servlet.resource.ResourceHttpRequestHandler]
2019-01-07 09:39:19 -Mapped URL path [/**] onto handler of type [class org.springframework.web.servlet.resource.ResourceHttpRequestHandler]
2019-01-07 09:39:19 -Mapped URL path [/files/**] onto handler of type [class org.springframework.web.servlet.resource.ResourceHttpRequestHandler]
2019-01-07 09:39:19 -Detected @ExceptionHandler methods in BDExceptionHandler
2019-01-07 09:39:19 -[THYMELEAF][restartedMain] Template Mode 'LEGACYHTML5' is deprecated. Using Template Mode 'HTML' instead.
2019-01-07 09:39:19 -Adding welcome page template: index
2019-01-07 09:39:19 -init cache area default , type= redis
2019-01-07 09:39:19 -init cache area default , type= linkedhashmap
2019-01-07 09:39:19 -cache stat period at 15 MINUTES
2019-01-07 09:39:20 -Using default implementation for ThreadExecutor
2019-01-07 09:39:20 -Initialized Scheduler Signaller of type: class org.quartz.core.SchedulerSignalerImpl
2019-01-07 09:39:20 -Quartz Scheduler v.2.2.1 created.
2019-01-07 09:39:20 -RAMJobStore initialized.
2019-01-07 09:39:20 -Scheduler meta-data: Quartz Scheduler (v2.2.1) 'quartzScheduler' with instanceId 'NON_CLUSTERED'
  Scheduler class: 'org.quartz.core.QuartzScheduler' - running locally.
  NOT STARTED.
  Currently in standby mode.
  Number of jobs executed: 0
  Using thread pool 'org.quartz.simpl.SimpleThreadPool' - with 10 threads.
  Using job-store 'org.quartz.simpl.RAMJobStore' - which does not support persistence. and is not clustered.

2019-01-07 09:39:20 -Quartz scheduler 'quartzScheduler' initialized from an externally provided properties instance.
2019-01-07 09:39:20 -Quartz scheduler version: 2.2.1
2019-01-07 09:39:20 -JobFactory set to: org.springframework.boot.autoconfigure.quartz.AutowireCapableBeanJobFactory@186e306e
2019-01-07 09:39:20 -LiveReload server is running on port 35729
2019-01-07 09:39:20 -Registering beans for JMX exposure on startup
2019-01-07 09:39:20 -Bean with name 'dataSource' has been autodetected for JMX exposure
2019-01-07 09:39:20 -Located MBean 'dataSource': registering with JMX server as MBean [com.alibaba.druid.pool:name=dataSource,type=DruidDataSource]
2019-01-07 09:39:20 -Starting beans in phase 2147483647
2019-01-07 09:39:20 -Context refreshed
2019-01-07 09:39:20 -Found 1 custom documentation plugin(s)
2019-01-07 09:39:20 -Scanning for api listing references
2019-01-07 09:39:21 -Starting...
2019-01-07 09:39:21 -BrokerAvailabilityEvent[available=true, SimpleBrokerMessageHandler [DefaultSubscriptionRegistry[cache[0 destination(s)], registry[0 sessions]]]]
2019-01-07 09:39:21 -Started.
2019-01-07 09:39:21 -Starting Quartz Scheduler now
2019-01-07 09:39:21 -Scheduler quartzScheduler_$_NON_CLUSTERED started.
2019-01-07 09:39:21 -Starting ProtocolHandler ["http-nio-8088"]
2019-01-07 09:39:21 -Using a shared selector for servlet write/read
2019-01-07 09:39:21 -Tomcat started on port(s): 8088 (http) with context path ''
2019-01-07 09:39:21 -Started LibraryApplication in 9.953 seconds (JVM running for 11.752)
2019-01-07 09:39:30 -Initializing Spring FrameworkServlet 'dispatcherServlet'
2019-01-07 09:39:30 -FrameworkServlet 'dispatcherServlet': initialization started
2019-01-07 09:39:30 -FrameworkServlet 'dispatcherServlet': initialization completed in 29 ms
2019-01-07 09:39:30 -Enabling session validation scheduler...
2019-01-07 09:39:30 -请求地址 : http://localhost:8088/login;JSESSIONID=a55fcd63-258c-4579-8f76-afcd9ca7185a
2019-01-07 09:39:30 -HTTP METHOD : GET
2019-01-07 09:39:30 -CLASS_METHOD : top.cflwork.controller.LoginController.login
2019-01-07 09:39:30 -参数 : []
2019-01-07 09:39:30 -耗时 : 6
2019-01-07 09:39:31 -请求地址 : http://localhost:8088/login
2019-01-07 09:39:31 -HTTP METHOD : POST
2019-01-07 09:39:31 -CLASS_METHOD : top.cflwork.controller.LoginController.ajaxLogin
2019-01-07 09:39:31 -参数 : [admin, 111111]
2019-01-07 09:39:32 -耗时 : 246
2019-01-07 09:39:32 -More than one TaskExecutor bean found within the context, and none is named 'taskExecutor'. Mark one of them as primary or name it 'taskExecutor' (possibly as an alias) in order to use it for async processing: [clientInboundChannelExecutor, clientOutboundChannelExecutor, brokerChannelExecutor, messageBrokerTaskScheduler]
2019-01-07 09:39:32 -请求地址 : http://localhost:8088/index
2019-01-07 09:39:32 -HTTP METHOD : GET
2019-01-07 09:39:32 -CLASS_METHOD : top.cflwork.controller.LoginController.index
2019-01-07 09:39:32 -参数 : [{}]
2019-01-07 09:39:32 -耗时 : 105
2019-01-07 09:39:32 -请求地址 : http://localhost:8088/main
2019-01-07 09:39:32 -HTTP METHOD : GET
2019-01-07 09:39:32 -CLASS_METHOD : top.cflwork.controller.LoginController.main
2019-01-07 09:39:32 -参数 : []
2019-01-07 09:39:32 -耗时 : 2
2019-01-07 09:39:32 -请求地址 : http://localhost:8088/user/getInfo
2019-01-07 09:39:32 -HTTP METHOD : GET
2019-01-07 09:39:32 -CLASS_METHOD : top.cflwork.controller.UserController.getInfo
2019-01-07 09:39:32 -参数 : []
2019-01-07 09:39:32 -请求地址 : http://localhost:8088/oa/notify/message
2019-01-07 09:39:32 -HTTP METHOD : GET
2019-01-07 09:39:32 -CLASS_METHOD : top.cflwork.controller.NotifyController.message
2019-01-07 09:39:32 -参数 : []
2019-01-07 09:39:32 -请求地址 : http://localhost:8088/main
2019-01-07 09:39:32 -HTTP METHOD : GET
2019-01-07 09:39:32 -CLASS_METHOD : top.cflwork.controller.LoginController.main
2019-01-07 09:39:32 -参数 : []
2019-01-07 09:39:32 -耗时 : 0
2019-01-07 09:39:32 -耗时 : 55
2019-01-07 09:39:32 -耗时 : 94
2019-01-07 09:39:48 -请求地址 : http://localhost:8088/sysFile/sysFilePage
2019-01-07 09:39:48 -HTTP METHOD : GET
2019-01-07 09:39:48 -CLASS_METHOD : top.cflwork.controller.FileController.sysFile
2019-01-07 09:39:48 -参数 : [{}]
2019-01-07 09:39:48 -耗时 : 2
2019-01-07 09:39:48 -请求地址 : http://localhost:8088/sysFile/list
2019-01-07 09:39:48 -HTTP METHOD : GET
2019-01-07 09:39:48 -CLASS_METHOD : top.cflwork.controller.FileController.list
2019-01-07 09:39:48 -参数 : [{pageSize=12, pageIndex=0, type=}]
2019-01-07 09:39:48 -耗时 : 42
2019-01-07 09:39:48 -请求地址 : http://localhost:8088/dict/dictPage
2019-01-07 09:39:48 -HTTP METHOD : GET
2019-01-07 09:39:48 -CLASS_METHOD : top.cflwork.controller.DictController.dict
2019-01-07 09:39:48 -参数 : []
2019-01-07 09:39:48 -耗时 : 3
2019-01-07 09:39:48 -请求地址 : http://localhost:8088/dict/type
2019-01-07 09:39:48 -HTTP METHOD : GET
2019-01-07 09:39:48 -CLASS_METHOD : top.cflwork.controller.DictController.listType
2019-01-07 09:39:48 -参数 : []
2019-01-07 09:39:48 -耗时 : 6
2019-01-07 09:39:48 -请求地址 : http://localhost:8088/dict/list
2019-01-07 09:39:48 -HTTP METHOD : GET
2019-01-07 09:39:48 -CLASS_METHOD : top.cflwork.controller.DictController.list
2019-01-07 09:39:48 -参数 : [{pageSize=10, pageIndex=1}]
2019-01-07 09:39:48 -耗时 : 6
2019-01-07 09:39:51 -请求地址 : http://localhost:8088/main
2019-01-07 09:39:51 -HTTP METHOD : GET
2019-01-07 09:39:51 -CLASS_METHOD : top.cflwork.controller.LoginController.main
2019-01-07 09:39:51 -参数 : []
2019-01-07 09:39:51 -耗时 : 0
2019-01-07 09:39:52 -请求地址 : http://localhost:8088/role/rolePage/
2019-01-07 09:39:52 -HTTP METHOD : GET
2019-01-07 09:39:52 -CLASS_METHOD : top.cflwork.controller.RoleController.role
2019-01-07 09:39:52 -参数 : []
2019-01-07 09:39:52 -耗时 : 3
2019-01-07 09:39:52 -请求地址 : http://localhost:8088/role/list
2019-01-07 09:39:52 -HTTP METHOD : GET
2019-01-07 09:39:52 -CLASS_METHOD : top.cflwork.controller.RoleController.list
2019-01-07 09:39:52 -参数 : []
2019-01-07 09:39:52 -耗时 : 7
2019-01-07 09:39:53 -请求地址 : http://localhost:8088/user/userPage/
2019-01-07 09:39:53 -HTTP METHOD : GET
2019-01-07 09:39:53 -CLASS_METHOD : top.cflwork.controller.UserController.user
2019-01-07 09:39:53 -参数 : []
2019-01-07 09:39:53 -耗时 : 0
2019-01-07 09:39:53 -请求地址 : http://localhost:8088/sysDept/tree
2019-01-07 09:39:53 -HTTP METHOD : GET
2019-01-07 09:39:53 -CLASS_METHOD : top.cflwork.controller.DeptController.tree
2019-01-07 09:39:53 -参数 : []
2019-01-07 09:39:53 -耗时 : 6
2019-01-07 09:39:53 -请求地址 : http://localhost:8088/user/list
2019-01-07 09:39:53 -HTTP METHOD : GET
2019-01-07 09:39:53 -CLASS_METHOD : top.cflwork.controller.UserController.list
2019-01-07 09:39:53 -参数 : [{pageSize=10, pageIndex=1, name=, deptId=}]
2019-01-07 09:39:53 -耗时 : 7
2019-01-07 09:39:54 -请求地址 : http://localhost:8088/menu/menuPage/
2019-01-07 09:39:54 -HTTP METHOD : GET
2019-01-07 09:39:54 -CLASS_METHOD : top.cflwork.controller.MenuController.menu
2019-01-07 09:39:54 -参数 : [{}]
2019-01-07 09:39:54 -耗时 : 3
2019-01-07 09:39:54 -请求地址 : http://localhost:8088/menu/list
2019-01-07 09:39:54 -HTTP METHOD : GET
2019-01-07 09:39:54 -CLASS_METHOD : top.cflwork.controller.MenuController.list
2019-01-07 09:39:54 -参数 : [{sort=order_num}]
2019-01-07 09:39:54 -耗时 : 11
2019-01-07 09:39:54 -请求地址 : http://localhost:8088/sysDept/sysDeptPage
2019-01-07 09:39:54 -HTTP METHOD : GET
2019-01-07 09:39:54 -CLASS_METHOD : top.cflwork.controller.DeptController.dept
2019-01-07 09:39:54 -参数 : []
2019-01-07 09:39:54 -耗时 : 0
2019-01-07 09:39:55 -请求地址 : http://localhost:8088/sysDept/list
2019-01-07 09:39:55 -HTTP METHOD : GET
2019-01-07 09:39:55 -CLASS_METHOD : top.cflwork.controller.DeptController.list
2019-01-07 09:39:55 -参数 : []
2019-01-07 09:39:55 -耗时 : 3
2019-01-07 09:39:58 -请求地址 : http://localhost:8088/generator/generatorPage
2019-01-07 09:39:58 -HTTP METHOD : GET
2019-01-07 09:39:58 -CLASS_METHOD : top.cflwork.controller.GeneratorController.generator
2019-01-07 09:39:58 -参数 : []
2019-01-07 09:39:58 -耗时 : 2
2019-01-07 09:39:58 -请求地址 : http://localhost:8088/generator/list
2019-01-07 09:39:58 -HTTP METHOD : GET
2019-01-07 09:39:58 -CLASS_METHOD : top.cflwork.controller.GeneratorController.list
2019-01-07 09:39:58 -参数 : []
2019-01-07 09:39:58 -耗时 : 36
2019-01-07 09:39:59 -请求地址 : http://localhost:8088/log/logPage
2019-01-07 09:39:59 -HTTP METHOD : GET
2019-01-07 09:39:59 -CLASS_METHOD : top.cflwork.controller.LogController.log
2019-01-07 09:39:59 -参数 : []
2019-01-07 09:39:59 -耗时 : 3
2019-01-07 09:39:59 -请求地址 : http://localhost:8088/log/list
2019-01-07 09:39:59 -HTTP METHOD : GET
2019-01-07 09:39:59 -CLASS_METHOD : top.cflwork.controller.LogController.list
2019-01-07 09:39:59 -参数 : [{pageSize=10, pageIndex=1, sort=gmt_create, order=desc, operation=, username=}]
2019-01-07 09:39:59 -耗时 : 29
2019-01-07 09:40:19 -WebSocketSession[1 current WS(1)-HttpStream(0)-HttpPoll(0), 1 total, 0 closed abnormally (0 connect failure, 0 send limit, 0 transport error)], stompSubProtocol[processed CONNECT(1)-CONNECTED(1)-DISCONNECT(0)], stompBrokerRelay[null], inboundChannel[pool size = 8, active threads = 0, queued tasks = 0, completed tasks = 9], outboundChannelpool size = 1, active threads = 0, queued tasks = 0, completed tasks = 1], sockJsScheduler[pool size = 4, active threads = 1, queued tasks = 2, completed tasks = 11]
2019-01-07 09:45:00 -jetcache stat from 2019-01-07 09:39:19,606 to 2019-01-07 09:45:00,004
cache|       qps|   rate|           get|           hit|          fail|        expire|avgLoadTime|maxLoadTime
-----+----------+-------+--------------+--------------+--------------+--------------+-----------+-----------
-----+----------+-------+--------------+--------------+--------------+--------------+-----------+-----------

2019-01-07 10:00:00 -jetcache stat from 2019-01-07 09:45:00,004 to 2019-01-07 10:00:00,001
cache|       qps|   rate|           get|           hit|          fail|        expire|avgLoadTime|maxLoadTime
-----+----------+-------+--------------+--------------+--------------+--------------+-----------+-----------
-----+----------+-------+--------------+--------------+--------------+--------------+-----------+-----------

2019-01-07 10:10:19 -WebSocketSession[1 current WS(1)-HttpStream(0)-HttpPoll(0), 1 total, 0 closed abnormally (0 connect failure, 0 send limit, 0 transport error)], stompSubProtocol[processed CONNECT(1)-CONNECTED(1)-DISCONNECT(0)], stompBrokerRelay[null], inboundChannel[pool size = 0, active threads = 0, queued tasks = 0, completed tasks = 9], outboundChannelpool size = 0, active threads = 0, queued tasks = 0, completed tasks = 1], sockJsScheduler[pool size = 4, active threads = 1, queued tasks = 2, completed tasks = 444]
2019-01-07 10:15:00 -jetcache stat from 2019-01-07 10:00:00,001 to 2019-01-07 10:15:00,002
cache|       qps|   rate|           get|           hit|          fail|        expire|avgLoadTime|maxLoadTime
-----+----------+-------+--------------+--------------+--------------+--------------+-----------+-----------
-----+----------+-------+--------------+--------------+--------------+--------------+-----------+-----------

2019-01-07 10:30:00 -jetcache stat from 2019-01-07 10:15:00,002 to 2019-01-07 10:30:00,003
cache|       qps|   rate|           get|           hit|          fail|        expire|avgLoadTime|maxLoadTime
-----+----------+-------+--------------+--------------+--------------+--------------+-----------+-----------
-----+----------+-------+--------------+--------------+--------------+--------------+-----------+-----------

2019-01-07 10:39:30 -Validating all active sessions...
2019-01-07 10:39:30 -Finished session validation.  [1] sessions were stopped.
2019-01-07 10:40:19 -WebSocketSession[0 current WS(0)-HttpStream(0)-HttpPoll(0), 1 total, 0 closed abnormally (0 connect failure, 0 send limit, 0 transport error)], stompSubProtocol[processed CONNECT(1)-CONNECTED(1)-DISCONNECT(0)], stompBrokerRelay[null], inboundChannel[pool size = 0, active threads = 0, queued tasks = 0, completed tasks = 12], outboundChannelpool size = 0, active threads = 0, queued tasks = 0, completed tasks = 2], sockJsScheduler[pool size = 4, active threads = 1, queued tasks = 1, completed tasks = 855]
2019-01-07 10:45:00 -jetcache stat from 2019-01-07 10:30:00,003 to 2019-01-07 10:45:00,002
cache|       qps|   rate|           get|           hit|          fail|        expire|avgLoadTime|maxLoadTime
-----+----------+-------+--------------+--------------+--------------+--------------+-----------+-----------
-----+----------+-------+--------------+--------------+--------------+--------------+-----------+-----------

2019-01-07 11:00:00 -jetcache stat from 2019-01-07 10:45:00,002 to 2019-01-07 11:00:00,001
cache|       qps|   rate|           get|           hit|          fail|        expire|avgLoadTime|maxLoadTime
-----+----------+-------+--------------+--------------+--------------+--------------+-----------+-----------
-----+----------+-------+--------------+--------------+--------------+--------------+-----------+-----------

2019-01-07 11:10:19 -WebSocketSession[0 current WS(0)-HttpStream(0)-HttpPoll(0), 1 total, 0 closed abnormally (0 connect failure, 0 send limit, 0 transport error)], stompSubProtocol[processed CONNECT(1)-CONNECTED(1)-DISCONNECT(0)], stompBrokerRelay[null], inboundChannel[pool size = 0, active threads = 0, queued tasks = 0, completed tasks = 12], outboundChannelpool size = 0, active threads = 0, queued tasks = 0, completed tasks = 2], sockJsScheduler[pool size = 4, active threads = 1, queued tasks = 1, completed tasks = 1216]
2019-01-07 11:15:00 -jetcache stat from 2019-01-07 11:00:00,001 to 2019-01-07 11:15:00,002
cache|       qps|   rate|           get|           hit|          fail|        expire|avgLoadTime|maxLoadTime
-----+----------+-------+--------------+--------------+--------------+--------------+-----------+-----------
-----+----------+-------+--------------+--------------+--------------+--------------+-----------+-----------

